2023-11-30 11:33:53,999 [INFO] Activator:176 - 


2023-11-30 11:33:54,075 [INFO] Activator:177 - !SESSION log4j initialized
2023-11-30 11:33:57,174 [INFO] LogOutputStream:77 - [STDOUT_REDIRECT] 
2023-11-30 11:33:58,553 [INFO] ApplicationProperties:184 - Using Application install path: C:\ST\STM32CubeIDE_1.12.1\STM32CubeIDE\plugins\com.st.stm32cube.common.mx_6.10.0.202311202037
2023-11-30 11:33:58,578 [INFO] DbMcusXml:78 - Set database path to: C:\ST\STM32CubeIDE_1.12.1\STM32CubeIDE\plugins\com.st.stm32cube.common.mx_6.10.0.202311202037\\db\/mcu/
2023-11-30 11:33:58,579 [INFO] ApiDb:274 - Set plugin database path to: C:\ST\STM32CubeIDE_1.12.1\STM32CubeIDE\plugins\com.st.stm32cube.common.mx_6.10.0.202311202037\\db\/plugins/boardmanager/
2023-11-30 11:33:58,580 [WARN] ApiDb:259 - Overriding images path with different value:  => C:\ST\STM32CubeIDE_1.12.1\STM32CubeIDE\plugins\com.st.stm32cube.common.mx_6.10.0.202311202037\\db\/plugins/mcufinder/images/
2023-11-30 11:33:58,586 [INFO] ApiDb:250 - Set database path to: C:\Users\kgoenka\.stmcufinder\plugins\mcufinder//mcu/
2023-11-30 11:33:58,588 [INFO] DbMcusAds:125 - Set database path to: C:\Users\kgoenka\.stmcufinder\plugins\mcufinder//mcu/
2023-11-30 11:33:58,591 [INFO] CrossReferenceDbSqlite:203 - Set database path to: C:\Users\kgoenka\.stmcufinder\plugins\mcufinder//mcu/cs/
2023-11-30 11:33:58,707 [INFO] RulesReader:64 - Compatibility file has been processed (297 Rules)
2023-11-30 11:33:58,774 [INFO] DbMcusXml:78 - Set database path to: C:\ST\STM32CubeIDE_1.12.1\STM32CubeIDE\plugins\com.st.stm32cube.common.mx_6.10.0.202311202037\\db\/mcu/
2023-11-30 11:33:58,776 [INFO] ApiDb:274 - Set plugin database path to: C:\ST\STM32CubeIDE_1.12.1\STM32CubeIDE\plugins\com.st.stm32cube.common.mx_6.10.0.202311202037\\db\/plugins/boardmanager/
2023-11-30 11:33:58,777 [INFO] ApiDb:261 - Set plugin images path to: C:\ST\STM32CubeIDE_1.12.1\STM32CubeIDE\plugins\com.st.stm32cube.common.mx_6.10.0.202311202037\\db\/plugins/mcufinder/images/
2023-11-30 11:33:58,778 [WARN] DbFile:41 - Overriding database path with different value: C:\Users\kgoenka\.stmcufinder\plugins\mcufinder/ => C:\Users\kgoenka\.stmcufinder\plugins\mcufinder
2023-11-30 11:33:58,779 [INFO] ApiDb:250 - Set database path to: C:\Users\kgoenka\.stmcufinder\plugins\mcufinder//mcu/
2023-11-30 11:33:58,780 [WARN] DbFile:41 - Overriding database path with different value: C:\Users\kgoenka\.stmcufinder\plugins\mcufinder/ => C:\Users\kgoenka\.stmcufinder\plugins\mcufinder
2023-11-30 11:33:58,781 [INFO] DbMcusAds:125 - Set database path to: C:\Users\kgoenka\.stmcufinder\plugins\mcufinder//mcu/
2023-11-30 11:33:58,782 [WARN] DbFile:41 - Overriding database path with different value: C:\Users\kgoenka\.stmcufinder\plugins\mcufinder/ => C:\Users\kgoenka\.stmcufinder\plugins\mcufinder
2023-11-30 11:33:58,783 [WARN] DbFile:41 - Overriding database path with different value: C:\Users\kgoenka\.stmcufinder\plugins\mcufinder/ => C:\Users\kgoenka\.stmcufinder\plugins\mcufinder
2023-11-30 11:33:58,784 [INFO] CrossReferenceDbSqlite:203 - Set database path to: C:\Users\kgoenka\.stmcufinder\plugins\mcufinder//mcu/cs/
2023-11-30 11:33:58,847 [INFO] MainPanel:264 - HeapMemory: 268435456
2023-11-30 11:33:58,932 [INFO] DbMcusXml:78 - Set database path to: C:\ST\STM32CubeIDE_1.12.1\STM32CubeIDE\plugins\com.st.stm32cube.common.mx_6.10.0.202311202037\\db\/mcu/
2023-11-30 11:33:58,933 [INFO] ApiDb:274 - Set plugin database path to: C:\ST\STM32CubeIDE_1.12.1\STM32CubeIDE\plugins\com.st.stm32cube.common.mx_6.10.0.202311202037\\db\/plugins/boardmanager/
2023-11-30 11:33:58,934 [INFO] ApiDb:261 - Set plugin images path to: C:\ST\STM32CubeIDE_1.12.1\STM32CubeIDE\plugins\com.st.stm32cube.common.mx_6.10.0.202311202037\\db\/plugins/mcufinder/images/
2023-11-30 11:33:58,936 [WARN] DbFile:41 - Overriding database path with different value: C:\Users\kgoenka\.stmcufinder\plugins\mcufinder/ => C:\Users\kgoenka\.stmcufinder\plugins\mcufinder
2023-11-30 11:33:58,937 [INFO] ApiDb:250 - Set database path to: C:\Users\kgoenka\.stmcufinder\plugins\mcufinder//mcu/
2023-11-30 11:33:58,938 [WARN] DbFile:41 - Overriding database path with different value: C:\Users\kgoenka\.stmcufinder\plugins\mcufinder/ => C:\Users\kgoenka\.stmcufinder\plugins\mcufinder
2023-11-30 11:33:58,939 [INFO] DbMcusAds:125 - Set database path to: C:\Users\kgoenka\.stmcufinder\plugins\mcufinder//mcu/
2023-11-30 11:33:58,940 [WARN] DbFile:41 - Overriding database path with different value: C:\Users\kgoenka\.stmcufinder\plugins\mcufinder/ => C:\Users\kgoenka\.stmcufinder\plugins\mcufinder
2023-11-30 11:33:58,942 [WARN] DbFile:41 - Overriding database path with different value: C:\Users\kgoenka\.stmcufinder\plugins\mcufinder/ => C:\Users\kgoenka\.stmcufinder\plugins\mcufinder
2023-11-30 11:33:58,943 [INFO] CrossReferenceDbSqlite:203 - Set database path to: C:\Users\kgoenka\.stmcufinder\plugins\mcufinder//mcu/cs/
2023-11-30 11:33:58,957 [INFO] ApplicationProperties:184 - Using Application install path: C:\ST\STM32CubeIDE_1.12.1\STM32CubeIDE\plugins\com.st.stm32cube.common.mx_6.10.0.202311202037
2023-11-30 11:33:58,960 [INFO] PluginManage:196 - Search for loadable plugins [exclusion list=, ]
2023-11-30 11:33:58,962 [INFO] PluginManage:310 - Check plugin analytics
2023-11-30 11:33:59,102 [INFO] AnalyticsPlugin:253 - Accepted Software Licenses: 
2023-11-30 11:33:59,103 [INFO] AnalyticsPlugin:255 - Accepted CMSIS Pack Licenses: 
2023-11-30 11:33:59,104 [INFO] AnalyticsPlugin:257 - Accepted Firmware Licenses: 
2023-11-30 11:33:59,108 [INFO] PluginManage:359 - Loaded plugin analytics (category:tool,tabindex:-1)
2023-11-30 11:33:59,109 [INFO] PluginManage:310 - Check plugin cadmodel
2023-11-30 11:33:59,113 [INFO] CADModel:105 - Init CAD model plugin
2023-11-30 11:33:59,114 [INFO] PluginManage:359 - Loaded plugin cadmodel (category:power,tabindex:5)
2023-11-30 11:33:59,115 [INFO] PluginManage:310 - Check plugin clock
2023-11-30 11:33:59,123 [INFO] PluginManage:359 - Loaded plugin clock (category:base,tabindex:2)
2023-11-30 11:33:59,124 [INFO] PluginManage:310 - Check plugin ddr
2023-11-30 11:33:59,126 [INFO] PluginManage:359 - Loaded plugin ddr (category:tool,tabindex:6)
2023-11-30 11:33:59,127 [INFO] PluginManage:310 - Check plugin filemanager
2023-11-30 11:33:59,235 [INFO] PluginManage:359 - Loaded plugin filemanager (category:base,tabindex:10)
2023-11-30 11:33:59,236 [INFO] PluginManage:310 - Check plugin ipmanager
2023-11-30 11:33:59,243 [INFO] PluginManage:359 - Loaded plugin ipmanager (category:base,tabindex:5)
2023-11-30 11:33:59,244 [INFO] PluginManage:310 - Check plugin lpbam
2023-11-30 11:33:59,252 [INFO] PluginManage:359 - Loaded plugin lpbam (category:base,tabindex:0)
2023-11-30 11:33:59,253 [INFO] PluginManage:310 - Check plugin memorymap
2023-11-30 11:33:59,264 [INFO] PluginManage:359 - Loaded plugin memorymap (category:base,tabindex:4)
2023-11-30 11:33:59,265 [INFO] PluginManage:310 - Check plugin pinoutandconfiguration
2023-11-30 11:33:59,271 [INFO] PluginManage:359 - Loaded plugin pinoutandconfiguration (category:base,tabindex:1)
2023-11-30 11:33:59,273 [INFO] PluginManage:310 - Check plugin pinoutconfig
2023-11-30 11:33:59,346 [WARN] SupportedApi:132 - Cannot load RTOS API schema: s4s-elt-must-match.1: The content of 'definitions' must match (annotation?, (simpleType | complexType)?, (unique | key | keyref)*)). A problem was found starting at: attribute.
2023-11-30 11:33:59,473 [INFO] PluginManage:359 - Loaded plugin pinoutconfig (category:base,tabindex:0)
2023-11-30 11:33:59,475 [INFO] PluginManage:310 - Check plugin power
2023-11-30 11:33:59,488 [INFO] PluginManage:359 - Loaded plugin power (category:power,tabindex:4)
2023-11-30 11:33:59,490 [INFO] PluginManage:310 - Check plugin projectmanager
2023-11-30 11:33:59,504 [INFO] PluginManage:359 - Loaded plugin projectmanager (category:projectmanager,tabindex:3)
2023-11-30 11:33:59,506 [INFO] PluginManage:310 - Check plugin thirdparty
2023-11-30 11:33:59,617 [INFO] PluginManage:359 - Loaded plugin thirdparty (category:base,tabindex:-1)
2023-11-30 11:33:59,617 [WARN] IntegrityCheckThread:84 - waiting for thirdparty lock release [integrity check]
2023-11-30 11:33:59,619 [INFO] PluginManage:310 - Check plugin tools
2023-11-30 11:33:59,620 [INFO] IntegrityCheckThread:86 - entering critical section [integrity check]
2023-11-30 11:33:59,623 [INFO] ThirdPartyUpdaterWithRetryManager:70 - Updater plugin not ready yet. [1/15]
2023-11-30 11:33:59,624 [INFO] PluginManage:359 - Loaded plugin tools (category:base,tabindex:7)
2023-11-30 11:33:59,625 [INFO] PluginManage:310 - Check plugin tutovideos
2023-11-30 11:33:59,779 [INFO] PluginManage:359 - Loaded plugin tutovideos (category:base,tabindex:-1)
2023-11-30 11:33:59,780 [INFO] PluginManage:310 - Check plugin updater
2023-11-30 11:33:59,789 [INFO] PluginManage:359 - Loaded plugin updater (category:base,tabindex:12)
2023-11-30 11:33:59,790 [INFO] PluginManage:310 - Check plugin userauth
2023-11-30 11:33:59,795 [INFO] UserAuth:114 - Init User Auth plugin
2023-11-30 11:33:59,796 [INFO] PluginManage:359 - Loaded plugin userauth (category:base,tabindex:14)
2023-11-30 11:33:59,797 [INFO] PluginManage:283 - PluginManage : Loaded plugins [17]
2023-11-30 11:33:59,948 [INFO] PinOutPanel:1499 - setPackage(No Configuration,No Configuration)
2023-11-30 11:34:00,010 [INFO] CADModel:165 - CPN selected for project level
2023-11-30 11:34:00,011 [INFO] CADModel:114 - Register for checkConnection events
2023-11-30 11:34:00,028 [INFO] IPUIPlugin:80 - create IPUIPlugin
2023-11-30 11:34:00,029 [INFO] PluginManager:220 - loadIPPluginJar : add adc
2023-11-30 11:34:00,033 [INFO] IPUIPlugin:80 - create IPUIPlugin
2023-11-30 11:34:00,034 [INFO] PluginManager:220 - loadIPPluginJar : add aes
2023-11-30 11:34:00,037 [INFO] IPUIPlugin:80 - create IPUIPlugin
2023-11-30 11:34:00,038 [INFO] PluginManager:220 - loadIPPluginJar : add can
2023-11-30 11:34:00,041 [INFO] IPUIPlugin:80 - create IPUIPlugin
2023-11-30 11:34:00,042 [INFO] PluginManager:220 - loadIPPluginJar : add comp
2023-11-30 11:34:00,045 [INFO] IPUIPlugin:80 - create IPUIPlugin
2023-11-30 11:34:00,046 [INFO] PluginManager:220 - loadIPPluginJar : add cryp
2023-11-30 11:34:00,048 [INFO] IPUIPlugin:80 - create IPUIPlugin
2023-11-30 11:34:00,049 [INFO] PluginManager:220 - loadIPPluginJar : add dfsdm
2023-11-30 11:34:00,054 [INFO] IPUIPlugin:80 - create IPUIPlugin
2023-11-30 11:34:00,055 [INFO] PluginManager:220 - loadIPPluginJar : add dma
2023-11-30 11:34:00,058 [INFO] IPUIPlugin:80 - create IPUIPlugin
2023-11-30 11:34:00,059 [INFO] PluginManager:220 - loadIPPluginJar : add dma3
2023-11-30 11:34:00,061 [INFO] IPUIPlugin:80 - create IPUIPlugin
2023-11-30 11:34:00,062 [INFO] PluginManager:220 - loadIPPluginJar : add fatfs
2023-11-30 11:34:00,066 [INFO] IPUIPlugin:80 - create IPUIPlugin
2023-11-30 11:34:00,067 [INFO] PluginManager:220 - loadIPPluginJar : add fmc
2023-11-30 11:34:00,072 [INFO] IPUIPlugin:80 - create IPUIPlugin
2023-11-30 11:34:00,073 [INFO] PluginManager:220 - loadIPPluginJar : add freertos
2023-11-30 11:34:00,075 [INFO] IPUIPlugin:80 - create IPUIPlugin
2023-11-30 11:34:00,076 [INFO] PluginManager:220 - loadIPPluginJar : add genericplugin
2023-11-30 11:34:00,079 [INFO] IPUIPlugin:80 - create IPUIPlugin
2023-11-30 11:34:00,080 [INFO] PluginManager:220 - loadIPPluginJar : add gfxmmu
2023-11-30 11:34:00,084 [INFO] IPUIPlugin:80 - create IPUIPlugin
2023-11-30 11:34:00,086 [INFO] PluginManager:220 - loadIPPluginJar : add gic
2023-11-30 11:34:00,090 [INFO] IPUIPlugin:80 - create IPUIPlugin
2023-11-30 11:34:00,091 [INFO] PluginManager:220 - loadIPPluginJar : add gpio
2023-11-30 11:34:00,094 [INFO] IPUIPlugin:80 - create IPUIPlugin
2023-11-30 11:34:00,095 [INFO] PluginManager:220 - loadIPPluginJar : add gtzc
2023-11-30 11:34:00,100 [INFO] IPUIPlugin:80 - create IPUIPlugin
2023-11-30 11:34:00,101 [INFO] PluginManager:220 - loadIPPluginJar : add hash
2023-11-30 11:34:00,104 [INFO] IPUIPlugin:80 - create IPUIPlugin
2023-11-30 11:34:00,105 [INFO] PluginManager:220 - loadIPPluginJar : add i2c
2023-11-30 11:34:00,107 [INFO] IPUIPlugin:80 - create IPUIPlugin
2023-11-30 11:34:00,108 [INFO] PluginManager:220 - loadIPPluginJar : add i2s
2023-11-30 11:34:00,111 [INFO] IPUIPlugin:80 - create IPUIPlugin
2023-11-30 11:34:00,113 [INFO] PluginManager:220 - loadIPPluginJar : add i3c
2023-11-30 11:34:00,116 [INFO] IPUIPlugin:80 - create IPUIPlugin
2023-11-30 11:34:00,117 [INFO] PluginManager:220 - loadIPPluginJar : add ipddr
2023-11-30 11:34:00,123 [INFO] IPUIPlugin:80 - create IPUIPlugin
2023-11-30 11:34:00,124 [INFO] PluginManager:220 - loadIPPluginJar : add linkedlist
2023-11-30 11:34:00,127 [INFO] IPUIPlugin:80 - create IPUIPlugin
2023-11-30 11:34:00,128 [INFO] PluginManager:220 - loadIPPluginJar : add lorawan
2023-11-30 11:34:00,130 [INFO] IPUIPlugin:80 - create IPUIPlugin
2023-11-30 11:34:00,131 [INFO] PluginManager:220 - loadIPPluginJar : add ltdc
2023-11-30 11:34:00,136 [INFO] IPUIPlugin:80 - create IPUIPlugin
2023-11-30 11:34:00,137 [INFO] PluginManager:220 - loadIPPluginJar : add mdma
2023-11-30 11:34:00,140 [INFO] IPUIPlugin:80 - create IPUIPlugin
2023-11-30 11:34:00,141 [INFO] PluginManager:220 - loadIPPluginJar : add nvic
2023-11-30 11:34:00,144 [INFO] IPUIPlugin:80 - create IPUIPlugin
2023-11-30 11:34:00,145 [INFO] PluginManager:220 - loadIPPluginJar : add opamp
2023-11-30 11:34:00,148 [INFO] IPUIPlugin:80 - create IPUIPlugin
2023-11-30 11:34:00,149 [INFO] PluginManager:220 - loadIPPluginJar : add openamp
2023-11-30 11:34:00,152 [INFO] IPUIPlugin:80 - create IPUIPlugin
2023-11-30 11:34:00,153 [INFO] PluginManager:220 - loadIPPluginJar : add pdm2pcm
2023-11-30 11:34:00,158 [INFO] IPUIPlugin:80 - create IPUIPlugin
2023-11-30 11:34:00,161 [INFO] PluginManager:220 - loadIPPluginJar : add plateformsettings
2023-11-30 11:34:00,163 [INFO] IPUIPlugin:80 - create IPUIPlugin
2023-11-30 11:34:00,164 [INFO] PluginManager:220 - loadIPPluginJar : add quadspi
2023-11-30 11:34:00,167 [INFO] IPUIPlugin:80 - create IPUIPlugin
2023-11-30 11:34:00,168 [INFO] PluginManager:220 - loadIPPluginJar : add resmgrutility
2023-11-30 11:34:00,171 [INFO] IPUIPlugin:80 - create IPUIPlugin
2023-11-30 11:34:00,172 [INFO] PluginManager:220 - loadIPPluginJar : add sai
2023-11-30 11:34:00,174 [INFO] IPUIPlugin:80 - create IPUIPlugin
2023-11-30 11:34:00,175 [INFO] PluginManager:220 - loadIPPluginJar : add spi
2023-11-30 11:34:00,179 [INFO] IPUIPlugin:80 - create IPUIPlugin
2023-11-30 11:34:00,181 [INFO] PluginManager:220 - loadIPPluginJar : add stm32_wpan
2023-11-30 11:34:00,183 [INFO] IPUIPlugin:80 - create IPUIPlugin
2023-11-30 11:34:00,184 [INFO] PluginManager:220 - loadIPPluginJar : add tim
2023-11-30 11:34:00,186 [INFO] IPUIPlugin:80 - create IPUIPlugin
2023-11-30 11:34:00,188 [INFO] PluginManager:220 - loadIPPluginJar : add touchsensing
2023-11-30 11:34:00,190 [INFO] IPUIPlugin:80 - create IPUIPlugin
2023-11-30 11:34:00,191 [INFO] PluginManager:220 - loadIPPluginJar : add tracer_emb
2023-11-30 11:34:00,193 [INFO] IPUIPlugin:80 - create IPUIPlugin
2023-11-30 11:34:00,194 [INFO] PluginManager:220 - loadIPPluginJar : add ts
2023-11-30 11:34:00,198 [INFO] IPUIPlugin:80 - create IPUIPlugin
2023-11-30 11:34:00,200 [INFO] PluginManager:220 - loadIPPluginJar : add tsc
2023-11-30 11:34:00,204 [INFO] IPUIPlugin:80 - create IPUIPlugin
2023-11-30 11:34:00,205 [INFO] PluginManager:220 - loadIPPluginJar : add ucpd
2023-11-30 11:34:00,210 [INFO] IPUIPlugin:80 - create IPUIPlugin
2023-11-30 11:34:00,211 [INFO] PluginManager:220 - loadIPPluginJar : add usart
2023-11-30 11:34:00,215 [INFO] IPUIPlugin:80 - create IPUIPlugin
2023-11-30 11:34:00,216 [INFO] PluginManager:220 - loadIPPluginJar : add usbx
2023-11-30 11:34:00,338 [INFO] CADModel:165 - CPN selected for project level
2023-11-30 11:34:00,339 [INFO] CADModel:114 - Register for checkConnection events
2023-11-30 11:34:00,341 [FATAL] Updater:308 - Updater called before beeing initialized
2023-11-30 11:34:00,342 [ERROR] CADModel:125 - Updater not yet initialized, retry later 
2023-11-30 11:34:00,447 [INFO] CADModel:165 - CPN selected for project level
2023-11-30 11:34:00,448 [INFO] CADModel:114 - Register for checkConnection events
2023-11-30 11:34:00,449 [FATAL] Updater:308 - Updater called before beeing initialized
2023-11-30 11:34:00,450 [ERROR] CADModel:125 - Updater not yet initialized, retry later 
2023-11-30 11:34:00,453 [FATAL] Updater:308 - Updater called before beeing initialized
2023-11-30 11:34:00,564 [FATAL] Updater:308 - Updater called before beeing initialized
2023-11-30 11:34:00,571 [INFO] DbMcusAds:53 - JSON generation date=Thu Sep 30 02:55:09 EDT 2021 (1632984909247)
2023-11-30 11:34:00,573 [FATAL] Updater:308 - Updater called before beeing initialized
2023-11-30 11:34:00,603 [WARN] DetailPanel:346 - Failed to get advertising image, set to default
2023-11-30 11:34:00,698 [FATAL] Updater:308 - Updater called before beeing initialized
2023-11-30 11:34:00,700 [FATAL] Updater:308 - Updater called before beeing initialized
2023-11-30 11:34:00,701 [FATAL] Updater:308 - Updater called before beeing initialized
2023-11-30 11:34:00,702 [WARN] DetailPanel:346 - Failed to get advertising image, set to default
2023-11-30 11:34:00,704 [FATAL] Updater:308 - Updater called before beeing initialized
2023-11-30 11:34:00,757 [ERROR] Updater:1120 - MainUpdater not yet initialized. External WinMGr cannot be set.
2023-11-30 11:34:00,761 [INFO] Updater:1056 - Updater Version found : 6.10.0
2023-11-30 11:34:00,776 [INFO] ApplicationProperties:184 - Using Application install path: C:\ST\STM32CubeIDE_1.12.1\STM32CubeIDE\plugins\com.st.stm32cube.common.mx_6.10.0.202311202037
2023-11-30 11:34:02,358 [ERROR] LogOutputStream:75 - [STDERR_REDIRECT] Nov 30, 2023 11:34:02 AM java.util.prefs.WindowsPreferences <init>
2023-11-30 11:34:02,364 [ERROR] LogOutputStream:75 - [STDERR_REDIRECT] WARNING: Could not open/create prefs root node Software\JavaSoft\Prefs at root 0xffffffff80000002. Windows RegCreateKeyEx(...) returned error code 5.
2023-11-30 11:34:02,366 [ERROR] LogOutputStream:75 - [STDERR_REDIRECT] 
2023-11-30 11:34:02,622 [INFO] MainUpdater:2873 - connection check result : 10
2023-11-30 11:34:02,625 [INFO] ThirdPartyUpdaterWithRetryManager:70 - Updater plugin not ready yet. [2/15]
2023-11-30 11:34:02,625 [INFO] MainUpdater:290 - Updater Check For Update Now.
2023-11-30 11:34:02,627 [INFO] MicroXplorer:498 - Change Database Version : DB.6.0.100
2023-11-30 11:34:02,639 [INFO] McuFinderGlobals:63 - Set McuFinder mode to 2 (CubeIDE integrated)
2023-11-30 11:34:02,641 [INFO] UserAuth:180 - activating auth plugin
2023-11-30 11:34:02,644 [INFO] UserAuth:404 - Internet connection configuration mode: 1
2023-11-30 11:34:02,671 [INFO] JxBrowserEngine:152 - Initiate JxBrowser Engine with user profile folder
2023-11-30 11:34:02,796 [INFO] CheckServerUpdateThread:120 - End of CheckServer Thread
2023-11-30 11:34:03,221 [INFO] WebApp:161 - Instantiating new browser for Auth
2023-11-30 11:34:03,725 [INFO] WebApp:780 - Register for checkConnection events
2023-11-30 11:34:03,726 [INFO] WebApp:414 - Apply proxy settings
2023-11-30 11:34:03,727 [INFO] WebApp:499 - Chromium requires no authentication
2023-11-30 11:34:03,733 [INFO] WebApp:442 - Direct internet connection detected
2023-11-30 11:34:03,860 [INFO] WebApp:192 - Starting web application
2023-11-30 11:34:03,862 [INFO] WebApp:544 - Web application path used C:\ST\STM32CubeIDE_1.12.1\STM32CubeIDE\plugins\com.st.stm32cube.common.mx_6.10.0.202311202037\db\plugins\mcufinder\reactClient1\index.html
2023-11-30 11:34:05,750 [WARN] PackLoader:240 - Cannot read IP mode file for STMicroelectronics.X-CUBE-SMBUS.2.1.0
2023-11-30 11:34:05,784 [WARN] PackLoader:240 - Cannot read IP mode file for STMicroelectronics.X-CUBE-AZRTOS-F7.1.1.0
2023-11-30 11:34:05,795 [WARN] PackLoader:240 - Cannot read IP mode file for STMicroelectronics.FP-SNS-MOTENV1.4.3.2
2023-11-30 11:34:05,801 [WARN] PackLoader:240 - Cannot read IP mode file for STMicroelectronics.FP-SNS-FLIGHT1.5.0.2
2023-11-30 11:34:05,810 [WARN] PackLoader:240 - Cannot read IP mode file for STMicroelectronics.X-CUBE-DISPLAY.3.0.0
2023-11-30 11:34:05,822 [WARN] PackLoader:240 - Cannot read IP mode file for STMicroelectronics.X-CUBE-BLE1.7.0.0
2023-11-30 11:34:05,830 [WARN] PackLoader:240 - Cannot read IP mode file for emotas.I-CUBE-CANOPEN.1.3.0
2023-11-30 11:34:05,835 [WARN] PackLoader:240 - Cannot read IP mode file for STMicroelectronics.X-CUBE-TOUCHGFX.4.22.0
2023-11-30 11:34:05,838 [WARN] PackLoader:240 - Cannot read IP mode file for STMicroelectronics.X-CUBE-TOUCHGFX.4.22.1
2023-11-30 11:34:05,843 [WARN] PackLoader:240 - Cannot read IP mode file for STMicroelectronics.FP-SNS-SMARTAG2.1.2.0
2023-11-30 11:34:05,855 [INFO] LogOutputStream:77 - [STDOUT_REDIRECT] 1 : Invalid condition id : UX_CORESTACK_Condition cause : null
2023-11-30 11:34:05,857 [INFO] LogOutputStream:77 - [STDOUT_REDIRECT] 1 : Invalid condition id : UX_CORESTACK_Condition cause : null
2023-11-30 11:34:05,859 [INFO] LogOutputStream:77 - [STDOUT_REDIRECT] 1 : Invalid condition id : UX_CORESTACK_Condition cause : null
2023-11-30 11:34:05,862 [INFO] LogOutputStream:77 - [STDOUT_REDIRECT] 1 : Invalid condition id : UX_CORESTACK_Condition cause : null
2023-11-30 11:34:05,864 [INFO] LogOutputStream:77 - [STDOUT_REDIRECT] 1 : Invalid condition id : UX_CORESTACK_Condition cause : null
2023-11-30 11:34:05,870 [WARN] PackLoader:240 - Cannot read IP mode file for STMicroelectronics.X-CUBE-AZRTOS-WL.2.0.0
2023-11-30 11:34:05,879 [WARN] PackLoader:240 - Cannot read IP mode file for WES.I-CUBE-Cesium.1.3.0
2023-11-30 11:34:05,884 [WARN] PackLoader:240 - Cannot read IP mode file for STMicroelectronics.X-CUBE-BLE2.3.3.0
2023-11-30 11:34:05,891 [WARN] PackLoader:240 - Cannot read IP mode file for STMicroelectronics.X-CUBE-ALGOBUILD.1.3.0
2023-11-30 11:34:05,912 [WARN] PackLoader:240 - Cannot read IP mode file for STMicroelectronics.X-CUBE-AZRTOS-G0.1.1.0
2023-11-30 11:34:05,920 [WARN] PackLoader:240 - Cannot read IP mode file for STMicroelectronics.X-CUBE-NFC4.3.0.0
2023-11-30 11:34:05,929 [WARN] PackLoader:240 - Cannot read IP mode file for STMicroelectronics.X-CUBE-BLEMGR.3.0.0
2023-11-30 11:34:05,936 [WARN] PackLoader:240 - Cannot read IP mode file for STMicroelectronics.FP-ATR-SIGFOX1.3.2.0
2023-11-30 11:34:05,964 [WARN] PackLoader:240 - Cannot read IP mode file for SEGGER.I-CUBE-embOS.1.3.1
2023-11-30 11:34:06,004 [WARN] PackLoader:240 - Cannot read IP mode file for STMicroelectronics.X-CUBE-GNSS1.6.0.0
2023-11-30 11:34:06,036 [WARN] PackLoader:240 - Cannot read IP mode file for STMicroelectronics.X-CUBE-AZRTOS-F4.1.1.0
2023-11-30 11:34:06,045 [WARN] PackLoader:240 - Cannot read IP mode file for wolfSSL.I-CUBE-wolfSSL.5.6.3
2023-11-30 11:34:06,064 [WARN] PackLoader:240 - Cannot read IP mode file for STMicroelectronics.X-CUBE-AZRTOS-L5.2.0.0
2023-11-30 11:34:06,105 [WARN] PackLoader:240 - Cannot read IP mode file for STMicroelectronics.X-CUBE-MEMS1.9.6.0
2023-11-30 11:34:06,240 [WARN] PackLoader:240 - Cannot read IP mode file for STMicroelectronics.X-CUBE-EEPRMA1.4.2.0
2023-11-30 11:34:06,246 [WARN] PackLoader:240 - Cannot read IP mode file for ITTIA_DB.I-CUBE-ITTIADB.8.8.0
2023-11-30 11:34:06,253 [WARN] PackLoader:240 - Cannot read IP mode file for STMicroelectronics.X-CUBE-BLEMGR.2.0.0
2023-11-30 11:34:06,270 [WARN] ConditionMgr:438 - getConditionDescription Invalid condition id : UX DEVICE CLASS RTOS Condition cause : null
2023-11-30 11:34:06,271 [WARN] ConditionMgr:438 - getConditionDescription Invalid condition id : UX DEVICE CLASS RTOS Condition cause : null
2023-11-30 11:34:06,276 [WARN] PackLoader:240 - Cannot read IP mode file for STMicroelectronics.X-CUBE-AZRTOS-H7.3.1.0
2023-11-30 11:34:06,278 [WARN] ConditionMgr:1039 - genDependencies : Invalid condition id : UX DEVICE CLASS RTOS Condition cause : null
2023-11-30 11:34:06,279 [WARN] ConditionMgr:1039 - genDependencies : Invalid condition id : UX DEVICE CLASS RTOS Condition cause : null
2023-11-30 11:34:06,281 [WARN] ConditionMgr:1039 - genDependencies : Invalid condition id : UX DEVICE CLASS RTOS Condition cause : null
2023-11-30 11:34:06,283 [WARN] ConditionMgr:1039 - genDependencies : Invalid condition id : UX DEVICE CLASS RTOS Condition cause : null
2023-11-30 11:34:06,284 [WARN] ConditionMgr:1039 - genDependencies : Invalid condition id : UX DEVICE CLASS RTOS Condition cause : null
2023-11-30 11:34:06,291 [WARN] PackLoader:240 - Cannot read IP mode file for STMicroelectronics.X-CUBE-NFC7.1.0.1
2023-11-30 11:34:06,300 [WARN] PackLoader:240 - Cannot read IP mode file for STMicroelectronics.X-CUBE-NFC6.3.0.0
2023-11-30 11:34:06,307 [WARN] PackLoader:240 - Cannot read IP mode file for STMicroelectronics.X-CUBE-EEPRMA1.4.1.0
2023-11-30 11:34:06,314 [WARN] PackLoader:240 - Cannot read IP mode file for STMicroelectronics.X-CUBE-AI.8.1.0
2023-11-30 11:34:06,334 [WARN] ConditionMgr:438 - getConditionDescription Invalid condition id : LAN8742 Phy interface Condition cause : null
2023-11-30 11:34:06,336 [WARN] PackLoader:240 - Cannot read IP mode file for STMicroelectronics.X-CUBE-AZRTOS-L4.2.0.0
2023-11-30 11:34:06,338 [WARN] ConditionMgr:1039 - genDependencies : Invalid condition id : LAN8742 Phy interface Condition cause : null
2023-11-30 11:34:06,340 [WARN] ConditionMgr:1039 - genDependencies : Invalid condition id : LAN8742 Phy interface Condition cause : null
2023-11-30 11:34:06,341 [WARN] ConditionMgr:1039 - genDependencies : Invalid condition id : LAN8742 Phy interface Condition cause : null
2023-11-30 11:34:06,351 [WARN] PackLoader:240 - Cannot read IP mode file for STMicroelectronics.X-CUBE-SFXS2LP1.4.0.0
2023-11-30 11:34:06,357 [WARN] PackLoader:240 - Cannot read IP mode file for STMicroelectronics.X-CUBE-ISPU.1.1.0
2023-11-30 11:34:06,370 [WARN] ConditionMgr:438 - getConditionDescription Invalid condition id : UX DEVICE CLASS RTOS Condition cause : null
2023-11-30 11:34:06,372 [WARN] ConditionMgr:438 - getConditionDescription Invalid condition id : UX DEVICE CLASS RTOS Condition cause : null
2023-11-30 11:34:06,375 [WARN] PackLoader:240 - Cannot read IP mode file for STMicroelectronics.X-CUBE-AZRTOS-WB.2.0.0
2023-11-30 11:34:06,377 [WARN] ConditionMgr:1039 - genDependencies : Invalid condition id : UX DEVICE CLASS RTOS Condition cause : null
2023-11-30 11:34:06,379 [WARN] ConditionMgr:1039 - genDependencies : Invalid condition id : UX DEVICE CLASS RTOS Condition cause : null
2023-11-30 11:34:06,380 [WARN] ConditionMgr:1039 - genDependencies : Invalid condition id : UX DEVICE CLASS RTOS Condition cause : null
2023-11-30 11:34:06,382 [WARN] ConditionMgr:1039 - genDependencies : Invalid condition id : UX DEVICE CLASS RTOS Condition cause : null
2023-11-30 11:34:06,383 [WARN] ConditionMgr:1039 - genDependencies : Invalid condition id : UX DEVICE CLASS RTOS Condition cause : null
2023-11-30 11:34:06,394 [WARN] PackLoader:240 - Cannot read IP mode file for STMicroelectronics.X-CUBE-SUBG2.5.0.0
2023-11-30 11:34:06,409 [WARN] PackLoader:240 - Cannot read IP mode file for STMicroelectronics.X-CUBE-TOF1.3.3.1
2023-11-30 11:34:06,429 [WARN] PackLoader:240 - Cannot read IP mode file for STMicroelectronics.X-CUBE-AZRTOS-G4.2.0.0
2023-11-30 11:34:06,443 [WARN] PackLoader:240 - Cannot read IP mode file for Infineon.AIROC-Wi-Fi-Bluetooth-STM32.1.5.1
2023-11-30 11:34:06,449 [WARN] PackLoader:240 - Cannot read IP mode file for STMicroelectronics.FP-SNS-MOTENVWB1.1.3.1
2023-11-30 11:34:06,479 [WARN] PackLoader:240 - Cannot read IP mode file for STMicroelectronics.X-CUBE-MEMS1.10.0.0
2023-11-30 11:34:06,559 [WARN] PackLoader:240 - Cannot read IP mode file for STMicroelectronics.X-CUBE-FREERTOS.1.1.0
2023-11-30 11:34:06,565 [WARN] PackLoader:240 - Cannot read IP mode file for portGmbH.I-Cube-SoM-uGOAL.1.1.0
2023-11-30 11:34:06,569 [WARN] PackLoader:240 - Cannot read IP mode file for STMicroelectronics.X-CUBE-ALS.1.0.1
2023-11-30 11:34:06,573 [WARN] PackLoader:240 - Cannot read IP mode file for STMicroelectronics.FP-ATR-ASTRA1.2.0.0
2023-11-30 11:34:06,581 [WARN] PackLoader:240 - Cannot read IP mode file for STMicroelectronics.X-CUBE-TOF1.3.4.0
2023-11-30 11:34:06,589 [INFO] ThirdParty:978 - Integrity check success = true
2023-11-30 11:34:06,590 [INFO] IntegrityCheckThread:100 - exiting critical section [integrity check]
2023-11-30 11:34:06,591 [INFO] IntegrityCheckThread:103 - End integrity checks thread
2023-11-30 11:34:36,360 [INFO] McuFinderGlobals:63 - Set McuFinder mode to 2 (CubeIDE integrated)
2023-11-30 11:34:37,612 [INFO] MainUpdater:2873 - connection check result : 10
2023-11-30 11:34:37,615 [INFO] MainUpdater:2873 - connection check result : 10
2023-11-30 11:34:37,664 [INFO] MicroXplorer:468 - Change Database Path : 
2023-11-30 11:34:37,666 [INFO] MicroXplorer:498 - Change Database Version : DB.6.0.100
2023-11-30 11:34:37,683 [WARN] ThirdParty:871 - waiting for thirdparty lock release [close project]
2023-11-30 11:34:37,685 [INFO] ThirdParty:873 - entering critical section [close project]
2023-11-30 11:34:37,687 [INFO] ThirdParty:883 - exiting critical section [close project]
2023-11-30 11:34:37,691 [INFO] PinOutPanel:1499 - setPackage(No Configuration,No Configuration)
2023-11-30 11:34:37,696 [INFO] UtilMem:75 - Begin LoadConfig() Used Memory: 177852248 Bytes (344981504)
2023-11-30 11:34:37,703 [INFO] OpenFileManager:312 - Change cursor
2023-11-30 11:34:37,755 [INFO] Mcu:2016 - Initializing MCU STM32L432K(B-C)Ux STM32L432KCUx STM32L432KCU3
2023-11-30 11:34:39,061 [INFO] Context:659 - Trying to add GPIOservice into a context  which must be forbidden
2023-11-30 11:34:39,720 [INFO] RtosManager:555 - Registered RTOS mode: class=CMSIS, group=RTOS, mode=CMSIS_V1, owner=FREERTOS
2023-11-30 11:34:39,721 [INFO] RtosManager:555 - Registered RTOS mode: class=CMSIS, group=RTOS2, mode=CMSIS_V2, owner=FREERTOS
2023-11-30 11:34:39,722 [INFO] RtosManager:555 - Registered RTOS mode: class=RTOS, group=Core, mode=CMSIS_V1, owner=FREERTOS
2023-11-30 11:34:39,723 [INFO] RtosManager:555 - Registered RTOS mode: class=RTOS, group=Core, mode=CMSIS_V2, owner=FREERTOS
2023-11-30 11:34:39,724 [WARN] ModelIntegratedComponent:184 - Missing modes for component STMicroelectronics:FreeRTOS:0.0.1:STMicroelectronics:RTOS:FreeRTOS:Core:::10.2.0:
2023-11-30 11:34:39,737 [WARN] ModelIntegratedComponent:63 - No mode defined for component null
2023-11-30 11:34:39,738 [WARN] ModelIntegratedComponent:63 - No mode defined for component null
2023-11-30 11:34:39,739 [WARN] ModelIntegratedComponent:63 - No mode defined for component null
2023-11-30 11:34:39,740 [WARN] ModelIntegratedComponent:63 - No mode defined for component null
2023-11-30 11:34:39,741 [WARN] ModelIntegratedComponent:63 - No mode defined for component null
2023-11-30 11:34:39,742 [WARN] ModelIntegratedComponent:63 - No mode defined for component null
2023-11-30 11:34:39,743 [WARN] ModelIntegratedComponent:63 - No mode defined for component null
2023-11-30 11:34:39,744 [WARN] ModelIntegratedComponent:63 - No mode defined for component null
2023-11-30 11:34:39,745 [WARN] ModelIntegratedComponent:63 - No mode defined for component null
2023-11-30 11:34:39,746 [WARN] ModelIntegratedComponent:63 - No mode defined for component null
2023-11-30 11:34:39,747 [WARN] ModelIntegratedComponent:63 - No mode defined for component null
2023-11-30 11:34:39,748 [WARN] ModelIntegratedComponent:63 - No mode defined for component null
2023-11-30 11:34:39,749 [WARN] ModelIntegratedComponent:63 - No mode defined for component null
2023-11-30 11:34:39,750 [WARN] ModelIntegratedComponent:63 - No mode defined for component null
2023-11-30 11:34:39,750 [WARN] ModelIntegratedComponent:63 - No mode defined for component null
2023-11-30 11:34:39,751 [WARN] ModelIntegratedComponent:63 - No mode defined for component null
2023-11-30 11:34:39,752 [WARN] ModelIntegratedComponent:63 - No mode defined for component null
2023-11-30 11:34:39,753 [WARN] ModelIntegratedComponent:63 - No mode defined for component null
2023-11-30 11:34:39,754 [WARN] ModelIntegratedComponent:63 - No mode defined for component null
2023-11-30 11:34:39,755 [WARN] ModelIntegratedComponent:63 - No mode defined for component null
2023-11-30 11:34:39,756 [WARN] ModelIntegratedComponent:63 - No mode defined for component null
2023-11-30 11:34:39,757 [WARN] ModelIntegratedComponent:63 - No mode defined for component null
2023-11-30 11:34:39,758 [WARN] ModelIntegratedComponent:63 - No mode defined for component null
2023-11-30 11:34:39,759 [WARN] ModelIntegratedComponent:63 - No mode defined for component null
2023-11-30 11:34:39,760 [WARN] ModelIntegratedComponent:63 - No mode defined for component null
2023-11-30 11:34:39,761 [WARN] ModelIntegratedComponent:63 - No mode defined for component null
2023-11-30 11:34:39,762 [WARN] ModelIntegratedComponent:63 - No mode defined for component null
2023-11-30 11:34:39,763 [WARN] ModelIntegratedComponent:63 - No mode defined for component null
2023-11-30 11:34:39,764 [WARN] ModelIntegratedComponent:63 - No mode defined for component null
2023-11-30 11:34:39,765 [WARN] ModelIntegratedComponent:63 - No mode defined for component null
2023-11-30 11:34:39,766 [WARN] ModelIntegratedComponent:63 - No mode defined for component null
2023-11-30 11:34:39,767 [WARN] ModelIntegratedComponent:63 - No mode defined for component null
2023-11-30 11:34:39,768 [WARN] ModelIntegratedComponent:63 - No mode defined for component null
2023-11-30 11:34:39,843 [INFO] ThirdPartyModel:298 - Start build external matchings
2023-11-30 11:34:40,259 [INFO] ThirdPartyModel:316 - End build external matchings
2023-11-30 11:34:40,497 [INFO] UtilMem:75 - End LoadConfig() Used Memory: 288262288 Bytes (344981504)
2023-11-30 11:34:40,623 [INFO] ApiDb:581 - Connected to CubeFinder SQLite database (C:\Users\kgoenka\.stmcufinder\plugins\mcufinder\mcu\cube-finder-db.db)
2023-11-30 11:34:40,690 [INFO] ApiDb:668 - CubeFinder database Data Model version=2.1
2023-11-30 11:34:40,692 [INFO] ApiDb:669 - CubeFinder database Configuration version=3.0.39
2023-11-30 11:34:40,693 [INFO] ApiDb:670 - CubeFinder database generation date=2023-11-06 (1699269565)
2023-11-30 11:34:40,694 [INFO] ApiDb:671 - CubeFinder database FW Pack versions=[FP-ATR-ASTRA1_V2.0.0, FP-SNS-FLIGHT1_V5.0.1, FP-SNS-FLIGHT1_V5.0.2, FP-SNS-MOTENV1_V4.3.1, FP-SNS-MOTENV1_V4.3.2, FP-SNS-MOTENVWB1_V1.3.0, FP-SNS-SMARTAG2_V1.2.0, STM32Cube_FW_C0_V1.1.0, STM32Cube_FW_F4_V1.28.0, STM32Cube_FW_F7_V1.17.0, STM32Cube_FW_G0_V1.6.1, STM32Cube_FW_G4_V1.5.1, STM32Cube_FW_H5_V0.5.1, STM32Cube_FW_H5_V1.1.1, STM32Cube_FW_H5_V1.2.0RC2, STM32Cube_FW_H7_V1.11.0, STM32Cube_FW_L0_V1.12.2, STM32Cube_FW_L5_V1.5.0, STM32Cube_FW_U5_V1.3.0RC4, STM32Cube_FW_U5_V1.4.0, STM32Cube_FW_WBA_V1.0.0RC1, STM32Cube_FW_WBA_V1.1.0RC1, STM32Cube_FW_WBA_V1.2.0, STM32Cube_FW_WBA_V1.2.0RC2, STM32Cube_FW_WB_V1.15.0RC1, STM32Cube_FW_WB_V1.16.0, STM32Cube_FW_WB_V1.16.0RC2, STM32Cube_FW_WB_V1.18.0, STM32Cube_FW_WL_V1.3.0, X-CUBE-ALGOBUILD_V1.3.0, X-CUBE-ALS_V1.0.1, X-CUBE-AZRTOS-F4_V1.1.0, X-CUBE-AZRTOS-F7_V1.1.0, X-CUBE-AZRTOS-G0_V1.1.0, X-CUBE-AZRTOS-G4_V2.0.0, X-CUBE-AZRTOS-H7_V3.1.0, X-CUBE-AZRTOS-L4_V1.0.0, X-CUBE-AZRTOS-L4_V2.0.0, X-CUBE-AZRTOS-L5_V1.1.0, X-CUBE-AZRTOS-WB_V2.0.0, X-CUBE-AZRTOS-WL_V2.0.0, X-CUBE-BLE1_V7.0.0, X-CUBE-BLE2_V3.3.0, X-CUBE-BLEMGR_V2.0.0, X-CUBE-EEPRMA1_V4.1.0, X-CUBE-EEPRMA1_V4.2.0, X-CUBE-FREERTOS_V1.1.0, X-CUBE-GNSS1_V6.0.0, X-CUBE-MEMS1_V10.0.0, X-CUBE-MEMS1_V9.1.0, X-CUBE-MEMS1_V9.4.0, X-CUBE-MEMS1_V9.6.0, X-CUBE-NFC4_V3.0.0, X-CUBE-NFC7_V1.0.1, X-CUBE-SFXS2LP1_V4.0.0, X-CUBE-SUBG2_V5.0.0, X-CUBE-TOF1_V3.3.1]
2023-11-30 11:34:42,329 [INFO] ApiDb:240 - Found 371 in-development CPN: [B-G473E-ZEST1S, B-WB1M-WPAN1, B-WL5M-SUBG1, NUCLEO-C031C6, NUCLEO-H503RB, NUCLEO-H563ZI, NUCLEO-U545RE-Q, NUCLEO-U5A5ZJ-Q, NUCLEO-WBA52CG, NUCLEO-WBA55CG, STEVAL-MKBOXPRO, STEVAL-PROTEUS1, STEVAL-STWINBX1, STM320518-EVAL, STM32C0116-DK, STM32C011D6Y3TR, STM32C011D6Y6TR, STM32C011F4P3, STM32C011F4P6, STM32C011F4U3, STM32C011F4U6TR, STM32C011F6P3, STM32C011F6P6, STM32C011F6U3, STM32C011F6U6TR, STM32C011J4M3, STM32C011J4M6, STM32C011J6M3, STM32C011J6M6, STM32C0316-DK, STM32C031C4T3, STM32C031C4T6, STM32C031C4U3, STM32C031C4U6, STM32C031C6T3, STM32C031C6T6, STM32C031C6U3, STM32C031C6U6, STM32C031F4P3, STM32C031F4P6, STM32C031F6P3, STM32C031F6P6, STM32C031G4U3, STM32C031G4U6, STM32C031G6U3, STM32C031G6U6, STM32C031K4T3, STM32C031K4T6, STM32C031K4U3, STM32C031K4U6, STM32C031K6T3, STM32C031K6T6, STM32C031K6U3, STM32C031K6U6, STM32G071K8TXN, STM32G071K8UXN, STM32G081GBU6N, STM32G081KBT6N, STM32G081KBUXN, STM32G0B1CCT6N, STM32G0B1KCT6, STM32G0B1NEY6TR, STM32G0B1RCT6N, STM32G0C1CCT6, STM32G0C1CCT6N, STM32G0C1CCU6N, STM32G0C1CET6N, STM32G0C1CEU6N, STM32G0C1KCT6, STM32G0C1NEY6TR, STM32G0C1RCI6N, STM32G0C1RCT6N, STM32G0C1REI6N, STM32G0C1RET6N, STM32G0C1VCI6, STM32G0C1VEI6, STM32G471CCT6, STM32G471CCU6, STM32G471CET3, STM32G471CET6, STM32G471CEU3, STM32G471CEU6, STM32G471MCT6, STM32G471MET3, STM32G471MET6, STM32G471MEY6TR, STM32G471QCT6, STM32G471QET3, STM32G471RCT6, STM32G471RET3, STM32G471RET6, STM32G471VCH6, STM32G471VCI6, STM32G471VCT6, STM32G471VEH3, STM32G471VEH6, STM32G471VEI3, STM32G471VEI6, STM32G471VET3, STM32G471VET6, STM32G474CCT6, STM32H503CBT6, STM32H503CBU6, STM32H503EBY6TR, STM32H503KBU6, STM32H503RBT6, STM32H562AGI6, STM32H562AII6, STM32H562IGK6, STM32H562IGT6, STM32H562IIK6, STM32H562IIT6, STM32H562RGT6, STM32H562RGV6, STM32H562RIT6, STM32H562RIV6, STM32H562VGT6, STM32H562VIT6, STM32H562ZGT6, STM32H562ZIT6, STM32H563AGI6, STM32H563AII3Q, STM32H563AII6, STM32H563IGK6, STM32H563IGT6, STM32H563IIK3Q, STM32H563IIK6, STM32H563IIT3Q, STM32H563IIT6, STM32H563MIY3QTR, STM32H563RGT6, STM32H563RGV6, STM32H563RIT6, STM32H563RIV6, STM32H563VGT6, STM32H563VIT3Q, STM32H563VIT6, STM32H563ZGT6, STM32H563ZIT3Q, STM32H563ZIT6, STM32H573AII3Q, STM32H573AII6, STM32H573I-DK, STM32H573IIK3Q, STM32H573IIK6, STM32H573IIT3Q, STM32H573IIT6, STM32H573MIY3QTR, STM32H573RIT6, STM32H573RIV6, STM32H573VIT3Q, STM32H573VIT6, STM32H573ZIT3Q, STM32H573ZIT6, STM32L4R5QGI6STR, STM32MP131AAE3, STM32MP131AAF3, STM32MP131AAG3, STM32MP131CAE3, STM32MP131CAF3, STM32MP131CAG3, STM32MP131DAE7, STM32MP131DAF7, STM32MP131DAG7, STM32MP131FAE7, STM32MP131FAF7, STM32MP131FAG7, STM32MP133AAE3, STM32MP133AAF3, STM32MP133AAG3, STM32MP133CAE3, STM32MP133CAF3, STM32MP133CAG3, STM32MP133DAE7, STM32MP133DAF7, STM32MP133DAG7, STM32MP133FAE7, STM32MP133FAF7, STM32MP133FAG7, STM32MP135AAE3, STM32MP135AAF3, STM32MP135AAG3, STM32MP135CAE3, STM32MP135CAF3, STM32MP135CAG3, STM32MP135DAE7, STM32MP135DAF7, STM32MP135DAG7, STM32MP135F-DK, STM32MP135FAE7, STM32MP135FAF7, STM32MP135FAF7T, STM32MP135FAF7U, STM32MP135FAG7, STM32U535CBT6, STM32U535CBT6Q, STM32U535CBU6, STM32U535CBU6Q, STM32U535CCT6, STM32U535CCT6Q, STM32U535CCU6, STM32U535CCU6Q, STM32U535CET6, STM32U535CET6Q, STM32U535CEU6, STM32U535CEU6Q, STM32U535JEY6QTR, STM32U535NCY6QTR, STM32U535NEY6QTR, STM32U535RBI6, STM32U535RBI6Q, STM32U535RBT6, STM32U535RBT6Q, STM32U535RCI6, STM32U535RCI6Q, STM32U535RCT6, STM32U535RCT6Q, STM32U535REI6, STM32U535REI6Q, STM32U535RET6, STM32U535RET6Q, STM32U535VCI6, STM32U535VCI6Q, STM32U535VCT6, STM32U535VCT6Q, STM32U535VEI6, STM32U535VEI6Q, STM32U535VET6, STM32U535VET6Q, STM32U545CET6, STM32U545CET6Q, STM32U545CEU6, STM32U545CEU6Q, STM32U545JEY6QTR, STM32U545NEY6QTR, STM32U545REI6, STM32U545REI6Q, STM32U545RET6, STM32U545RET6Q, STM32U545VEI6, STM32U545VEI6Q, STM32U545VET6, STM32U545VET6Q, STM32U595AIH6, STM32U595AIH6Q, STM32U595AJH6, STM32U595AJH6Q, STM32U595QII6, STM32U595QII6Q, STM32U595QJI6, STM32U595QJI6Q, STM32U595RIT6, STM32U595RIT6Q, STM32U595RJT6, STM32U595RJT6Q, STM32U595VIT6, STM32U595VIT6Q, STM32U595VJT6, STM32U595VJT6Q, STM32U595ZIT6, STM32U595ZIT6Q, STM32U595ZIY6QTR, STM32U595ZJT6, STM32U595ZJT6Q, STM32U595ZJY6QTR, STM32U599BJY6QTR, STM32U599NIH6Q, STM32U599NJH6Q, STM32U599VIT6Q, STM32U599VJT6, STM32U599VJT6Q, STM32U599ZIT6Q, STM32U599ZIY6QTR, STM32U599ZJT6Q, STM32U599ZJY6QTR, STM32U5A5AJH6, STM32U5A5AJH6Q, STM32U5A5QJI6, STM32U5A5QJI6Q, STM32U5A5RJT6, STM32U5A5RJT6Q, STM32U5A5VJT6, STM32U5A5VJT6Q, STM32U5A5ZJT6, STM32U5A5ZJT6Q, STM32U5A5ZJY6QTR, STM32U5A9BJY6QTR, STM32U5A9J-DK, STM32U5A9NJH6Q, STM32U5A9VJT6Q, STM32U5A9ZJT6Q, STM32U5A9ZJY6QTR, STM32U5F7VIT6, STM32U5F7VIT6Q, STM32U5F7VJT6, STM32U5F7VJT6Q, STM32U5F9BJY6QTR, STM32U5F9NJH6Q, STM32U5F9VIT6Q, STM32U5F9VJT6Q, STM32U5F9ZIJ6QTR, STM32U5F9ZIT6Q, STM32U5F9ZJJ6QTR, STM32U5F9ZJT6Q, STM32U5G7VJT6, STM32U5G7VJT6Q, STM32U5G9BJY6QTR, STM32U5G9J-DK1, STM32U5G9J-DK2, STM32U5G9NJH6Q, STM32U5G9VJT6Q, STM32U5G9ZJJ6QTR, STM32U5G9ZJT6Q, STM32WB1MMCH6, STM32WBA50KEU6, STM32WBA50KEU6TR, STM32WBA50KGU6, STM32WBA50KGU6TR, STM32WBA52CEU6, STM32WBA52CEU6TR, STM32WBA52CEU7, STM32WBA52CEU7TR, STM32WBA52CGU6, STM32WBA52CGU6TR, STM32WBA52CGU6U, STM32WBA52CGU7, STM32WBA52CGU7TR, STM32WBA52KEU6, STM32WBA52KEU6TR, STM32WBA52KGU6, STM32WBA52KGU6TR, STM32WBA54CEU6, STM32WBA54CEU6TR, STM32WBA54CEU7, STM32WBA54CEU7TR, STM32WBA54CGU6, STM32WBA54CGU6TR, STM32WBA54CGU7, STM32WBA54CGU7TR, STM32WBA54KEU6, STM32WBA54KEU6TR, STM32WBA54KEU7, STM32WBA54KEU7TR, STM32WBA54KGU6, STM32WBA54KGU6TR, STM32WBA54KGU7, STM32WBA54KGU7TR, STM32WBA55CEU6, STM32WBA55CEU6TR, STM32WBA55CEU7, STM32WBA55CEU7TR, STM32WBA55CGU6, STM32WBA55CGU6TR, STM32WBA55CGU6U, STM32WBA55CGU7, STM32WBA55CGU7TR, STM32WBA55G-DK1, STM32WBA55HEF6, STM32WBA55HEF7, STM32WBA55HGF6, STM32WBA55HGF7, STM32WBA55UEI6, STM32WBA55UEI6TR, STM32WBA55UEI7, STM32WBA55UEI7TR, STM32WBA55UGI6, STM32WBA55UGI6TR, STM32WBA55UGI7, STM32WBA55UGI7TR, STM32WL5MOCH6, STM32WL5MOCH6TR]
2023-11-30 11:34:42,333 [INFO] DbMcus:218 - Found 3930 MCUs, 3930 are supported
2023-11-30 11:34:42,335 [INFO] ApiDb:414 - User favorites file not found: C:\Users\kgoenka/.stm32cubeide/favorites.mcus.txt
2023-11-30 11:34:42,336 [INFO] DbMcus:224 - Set 0 / 0 favorites MCUs
2023-11-30 11:34:42,640 [INFO] MicroXplorer:468 - Change Database Path : 
2023-11-30 11:34:42,642 [INFO] MicroXplorer:498 - Change Database Version : DB.6.0.100
2023-11-30 11:34:42,643 [WARN] ThirdParty:833 - waiting for thirdparty lock release [change project]
2023-11-30 11:34:42,644 [INFO] ThirdParty:835 - entering critical section [change project]
2023-11-30 11:34:42,645 [INFO] ThirdParty:1030 - CMSIS Pack Vendor :STMicroelectronics X-CUBE-ISPU 1.1.0
2023-11-30 11:34:42,646 [INFO] ThirdParty:1030 - CMSIS Pack Vendor :STMicroelectronics USBPD 4.1
2023-11-30 11:34:42,647 [INFO] ThirdParty:1030 - CMSIS Pack Vendor :STMicroelectronics X-CUBE-GNSS1 6.0.0
2023-11-30 11:34:42,648 [INFO] ThirdParty:1030 - CMSIS Pack Vendor :STMicroelectronics USB_HOST 2.0.0
2023-11-30 11:34:42,649 [INFO] ThirdParty:1030 - CMSIS Pack Vendor :STMicroelectronics X-CUBE-AZRTOS-F4 1.1.0
2023-11-30 11:34:42,650 [INFO] ThirdParty:1030 - CMSIS Pack Vendor :STMicroelectronics LIBJPEG 8.0.0
2023-11-30 11:34:42,651 [INFO] ThirdParty:1030 - CMSIS Pack Vendor :wolfSSL I-CUBE-wolfSSL 5.6.3
2023-11-30 11:34:42,652 [INFO] ThirdParty:1030 - CMSIS Pack Vendor :STMicroelectronics X-CUBE-SMBUS 2.1.0
2023-11-30 11:34:42,653 [INFO] ThirdParty:1030 - CMSIS Pack Vendor :STMicroelectronics USB_DEVICE 3.0.0
2023-11-30 11:34:42,654 [INFO] ThirdParty:1030 - CMSIS Pack Vendor :STMicroelectronics X-CUBE-AZRTOS-WB 2.0.0
2023-11-30 11:34:42,655 [INFO] ThirdParty:1030 - CMSIS Pack Vendor :STMicroelectronics X-CUBE-AZRTOS-F7 1.1.0
2023-11-30 11:34:42,656 [INFO] ThirdParty:1030 - CMSIS Pack Vendor :STMicroelectronics X-CUBE-AZRTOS-L5 2.0.0
2023-11-30 11:34:42,657 [INFO] ThirdParty:1030 - CMSIS Pack Vendor :STMicroelectronics USB_DEVICE 2.0.0
2023-11-30 11:34:42,658 [INFO] ThirdParty:1030 - CMSIS Pack Vendor :STMicroelectronics X-CUBE-MEMS1 9.6.0
2023-11-30 11:34:42,660 [INFO] ThirdParty:1030 - CMSIS Pack Vendor :STMicroelectronics X-CUBE-EEPRMA1 4.2.0
2023-11-30 11:34:42,661 [INFO] ThirdParty:1030 - CMSIS Pack Vendor :ITTIA_DB I-CUBE-ITTIADB 8.8.0
2023-11-30 11:34:42,661 [INFO] ThirdParty:1030 - CMSIS Pack Vendor :STMicroelectronics FP-SNS-MOTENV1 4.3.2
2023-11-30 11:34:42,663 [INFO] ThirdParty:1030 - CMSIS Pack Vendor :STMicroelectronics X-CUBE-ALGOBUILD 1.3.0
2023-11-30 11:34:42,663 [INFO] ThirdParty:1030 - CMSIS Pack Vendor :STMicroelectronics FreeRTOS 0.0.1
2023-11-30 11:34:42,665 [INFO] ThirdParty:1030 - CMSIS Pack Vendor :STMicroelectronics X-CUBE-AZRTOS-G0 1.1.0
2023-11-30 11:34:42,666 [INFO] ThirdParty:1030 - CMSIS Pack Vendor :STMicroelectronics X-CUBE-BLEMGR 2.0.0
2023-11-30 11:34:42,667 [INFO] ThirdParty:1030 - CMSIS Pack Vendor :STMicroelectronics X-CUBE-NFC4 3.0.0
2023-11-30 11:34:42,668 [INFO] ThirdParty:1030 - CMSIS Pack Vendor :STMicroelectronics X-CUBE-SUBG2 5.0.0
2023-11-30 11:34:42,669 [INFO] ThirdParty:1030 - CMSIS Pack Vendor :STMicroelectronics STM32_WPAN 1.0.0
2023-11-30 11:34:42,670 [INFO] ThirdParty:1030 - CMSIS Pack Vendor :STMicroelectronics lwIP 2.0.3
2023-11-30 11:34:42,671 [INFO] ThirdParty:1030 - CMSIS Pack Vendor :STMicroelectronics FP-SNS-FLIGHT1 5.0.2
2023-11-30 11:34:42,672 [INFO] ThirdParty:1030 - CMSIS Pack Vendor :STMicroelectronics USB_HOST 1.0.0
2023-11-30 11:34:42,673 [INFO] ThirdParty:1030 - CMSIS Pack Vendor :STMicroelectronics X-CUBE-TOF1 3.3.1
2023-11-30 11:34:42,674 [INFO] ThirdParty:1030 - CMSIS Pack Vendor :STMicroelectronics X-CUBE-AZRTOS-G4 2.0.0
2023-11-30 11:34:42,675 [INFO] ThirdParty:1030 - CMSIS Pack Vendor :STMicroelectronics PDM2PCM 3.1.0
2023-11-30 11:34:42,676 [INFO] ThirdParty:1030 - CMSIS Pack Vendor :STMicroelectronics X-CUBE-AZRTOS-H7 3.1.0
2023-11-30 11:34:42,677 [INFO] ThirdParty:1030 - CMSIS Pack Vendor :Infineon AIROC-Wi-Fi-Bluetooth-STM32 1.5.1
2023-11-30 11:34:42,678 [INFO] ThirdParty:1030 - CMSIS Pack Vendor :STMicroelectronics X-CUBE-BLEMGR 3.0.0
2023-11-30 11:34:42,679 [INFO] ThirdParty:1030 - CMSIS Pack Vendor :STMicroelectronics PDM2PCM 3.3.0
2023-11-30 11:34:42,681 [INFO] ThirdParty:1030 - CMSIS Pack Vendor :STMicroelectronics X-CUBE-DISPLAY 3.0.0
2023-11-30 11:34:42,682 [INFO] ThirdParty:1030 - CMSIS Pack Vendor :STMicroelectronics FP-SNS-MOTENVWB1 1.3.1
2023-11-30 11:34:42,683 [INFO] ThirdParty:1030 - CMSIS Pack Vendor :STMicroelectronics X-CUBE-BLE1 7.0.0
2023-11-30 11:34:42,684 [INFO] ThirdParty:1030 - CMSIS Pack Vendor :STMicroelectronics FP-ATR-SIGFOX1 3.2.0
2023-11-30 11:34:42,685 [INFO] ThirdParty:1030 - CMSIS Pack Vendor :STMicroelectronics HAL Drivers 0.0.0
2023-11-30 11:34:42,686 [INFO] ThirdParty:1030 - CMSIS Pack Vendor :STMicroelectronics MBEDTLS 2.16.2
2023-11-30 11:34:42,687 [INFO] ThirdParty:1030 - CMSIS Pack Vendor :emotas I-CUBE-CANOPEN 1.3.0
2023-11-30 11:34:42,688 [INFO] ThirdParty:1030 - CMSIS Pack Vendor :STMicroelectronics X-CUBE-MEMS1 10.0.0
2023-11-30 11:34:42,689 [INFO] ThirdParty:1030 - CMSIS Pack Vendor :STMicroelectronics X-CUBE-FREERTOS 1.1.0
2023-11-30 11:34:42,690 [INFO] ThirdParty:1030 - CMSIS Pack Vendor :STMicroelectronics X-CUBE-TOUCHGFX 4.22.0
2023-11-30 11:34:42,691 [INFO] ThirdParty:1030 - CMSIS Pack Vendor :STMicroelectronics X-CUBE-NFC7 1.0.1
2023-11-30 11:34:42,692 [INFO] ThirdParty:1030 - CMSIS Pack Vendor :STMicroelectronics MBEDTLS 2.14.1
2023-11-30 11:34:42,693 [INFO] ThirdParty:1030 - CMSIS Pack Vendor :STMicroelectronics X-CUBE-TOUCHGFX 4.22.1
2023-11-30 11:34:42,694 [INFO] ThirdParty:1030 - CMSIS Pack Vendor :STMicroelectronics X-CUBE-NFC6 3.0.0
2023-11-30 11:34:42,695 [INFO] ThirdParty:1030 - CMSIS Pack Vendor :STMicroelectronics X-CUBE-EEPRMA1 4.1.0
2023-11-30 11:34:42,696 [INFO] ThirdParty:1030 - CMSIS Pack Vendor :portGmbH I-Cube-SoM-uGOAL 1.1.0
2023-11-30 11:34:42,697 [INFO] ThirdParty:1030 - CMSIS Pack Vendor :STMicroelectronics X-CUBE-ALS 1.0.1
2023-11-30 11:34:42,698 [INFO] ThirdParty:1030 - CMSIS Pack Vendor :STMicroelectronics ThreadX 1.0.0
2023-11-30 11:34:42,699 [INFO] ThirdParty:1030 - CMSIS Pack Vendor :STMicroelectronics FP-SNS-SMARTAG2 1.2.0
2023-11-30 11:34:42,700 [INFO] ThirdParty:1030 - CMSIS Pack Vendor :STMicroelectronics X-CUBE-AZRTOS-WL 2.0.0
2023-11-30 11:34:42,702 [INFO] ThirdParty:1030 - CMSIS Pack Vendor :SEGGER I-CUBE-embOS 1.3.1
2023-11-30 11:34:42,703 [INFO] ThirdParty:1030 - CMSIS Pack Vendor :STMicroelectronics USB_DEVICE 1.0.0
2023-11-30 11:34:42,704 [INFO] ThirdParty:1030 - CMSIS Pack Vendor :STMicroelectronics X-CUBE-AI 8.1.0
2023-11-30 11:34:42,705 [INFO] ThirdParty:1030 - CMSIS Pack Vendor :STMicroelectronics X-CUBE-AZRTOS-L4 2.0.0
2023-11-30 11:34:42,706 [INFO] ThirdParty:1030 - CMSIS Pack Vendor :STMicroelectronics ThreadX 0.0.2
2023-11-30 11:34:42,707 [INFO] ThirdParty:1030 - CMSIS Pack Vendor :WES I-CUBE-Cesium 1.3.0
2023-11-30 11:34:42,708 [INFO] ThirdParty:1030 - CMSIS Pack Vendor :STMicroelectronics FP-ATR-ASTRA1 2.0.0
2023-11-30 11:34:42,709 [INFO] ThirdParty:1030 - CMSIS Pack Vendor :STMicroelectronics lwIP 2.1.2
2023-11-30 11:34:42,710 [INFO] ThirdParty:1030 - CMSIS Pack Vendor :STMicroelectronics X-CUBE-SFXS2LP1 4.0.0
2023-11-30 11:34:42,711 [INFO] ThirdParty:1030 - CMSIS Pack Vendor :STMicroelectronics X-CUBE-BLE2 3.3.0
2023-11-30 11:34:42,712 [INFO] ThirdParty:1030 - CMSIS Pack Vendor :STMicroelectronics X-CUBE-TOF1 3.4.0
2023-11-30 11:34:42,713 [INFO] ThirdParty:1030 - CMSIS Pack Vendor :STMicroelectronics PDM2PCM 3.2.0
2023-11-30 11:34:42,714 [INFO] ThirdParty:841 - exiting critical section [change project]
2023-11-30 11:34:43,068 [INFO] PinOutPanel:1499 - setPackage(No Configuration,No Configuration)
2023-11-30 11:34:43,071 [INFO] PinOutPanel:1499 - setPackage(STM32L432KCUx,UFQFPN32)
2023-11-30 11:34:43,531 [INFO] UtilMem:75 - Before build in PCC Used Memory: 243716968 Bytes (344981504)
2023-11-30 11:34:44,470 [INFO] UtilMem:75 - After build in PCC Used Memory: 255042496 Bytes (344981504)
2023-11-30 11:34:44,498 [INFO] IPUIPlugin:80 - create IPUIPlugin
2023-11-30 11:34:44,499 [INFO] IPUIPlugin:80 - create IPUIPlugin
2023-11-30 11:34:44,500 [INFO] IPUIPlugin:80 - create IPUIPlugin
2023-11-30 11:34:44,501 [INFO] IPUIPlugin:80 - create IPUIPlugin
2023-11-30 11:34:44,502 [INFO] IPUIPlugin:80 - create IPUIPlugin
2023-11-30 11:34:44,503 [INFO] IPUIPlugin:80 - create IPUIPlugin
2023-11-30 11:34:44,505 [INFO] IPUIPlugin:80 - create IPUIPlugin
2023-11-30 11:34:44,506 [INFO] IPUIPlugin:80 - create IPUIPlugin
2023-11-30 11:34:44,507 [INFO] IPUIPlugin:80 - create IPUIPlugin
2023-11-30 11:34:44,508 [INFO] IPUIPlugin:80 - create IPUIPlugin
2023-11-30 11:34:44,509 [INFO] IPUIPlugin:80 - create IPUIPlugin
2023-11-30 11:34:44,510 [INFO] IPUIPlugin:80 - create IPUIPlugin
2023-11-30 11:34:44,511 [INFO] IPUIPlugin:80 - create IPUIPlugin
2023-11-30 11:34:44,513 [INFO] IPUIPlugin:80 - create IPUIPlugin
2023-11-30 11:34:44,514 [INFO] IPUIPlugin:80 - create IPUIPlugin
2023-11-30 11:34:44,515 [INFO] IPUIPlugin:80 - create IPUIPlugin
2023-11-30 11:34:44,516 [INFO] IPUIPlugin:80 - create IPUIPlugin
2023-11-30 11:34:44,517 [INFO] IPUIPlugin:80 - create IPUIPlugin
2023-11-30 11:34:44,518 [INFO] IPUIPlugin:80 - create IPUIPlugin
2023-11-30 11:34:44,519 [INFO] IPUIPlugin:80 - create IPUIPlugin
2023-11-30 11:34:44,520 [INFO] IPUIPlugin:80 - create IPUIPlugin
2023-11-30 11:34:44,522 [INFO] IPUIPlugin:80 - create IPUIPlugin
2023-11-30 11:34:44,523 [INFO] IPUIPlugin:80 - create IPUIPlugin
2023-11-30 11:34:44,524 [INFO] IPUIPlugin:80 - create IPUIPlugin
2023-11-30 11:34:44,525 [INFO] IPUIPlugin:80 - create IPUIPlugin
2023-11-30 11:34:44,527 [INFO] IPUIPlugin:80 - create IPUIPlugin
2023-11-30 11:34:44,528 [INFO] IPUIPlugin:80 - create IPUIPlugin
2023-11-30 11:34:44,529 [INFO] IPUIPlugin:80 - create IPUIPlugin
2023-11-30 11:34:44,530 [INFO] IPUIPlugin:80 - create IPUIPlugin
2023-11-30 11:34:44,531 [INFO] IPUIPlugin:80 - create IPUIPlugin
2023-11-30 11:34:44,533 [INFO] IPUIPlugin:80 - create IPUIPlugin
2023-11-30 11:34:44,534 [INFO] IPUIPlugin:80 - create IPUIPlugin
2023-11-30 11:34:44,535 [INFO] IPUIPlugin:80 - create IPUIPlugin
2023-11-30 11:34:44,537 [INFO] IPUIPlugin:80 - create IPUIPlugin
2023-11-30 11:34:44,538 [INFO] IPUIPlugin:80 - create IPUIPlugin
2023-11-30 11:34:44,539 [INFO] IPUIPlugin:80 - create IPUIPlugin
2023-11-30 11:34:44,541 [INFO] IPUIPlugin:80 - create IPUIPlugin
2023-11-30 11:34:44,542 [INFO] IPUIPlugin:80 - create IPUIPlugin
2023-11-30 11:34:44,543 [INFO] IPUIPlugin:80 - create IPUIPlugin
2023-11-30 11:34:44,545 [INFO] IPUIPlugin:80 - create IPUIPlugin
2023-11-30 11:34:44,546 [INFO] IPUIPlugin:80 - create IPUIPlugin
2023-11-30 11:34:44,752 [INFO] CADModel:165 - CPN selected for project levelSTM32L432KCU3
2023-11-30 11:34:44,753 [INFO] CADModel:114 - Register for checkConnection events
2023-11-30 11:34:44,803 [INFO] OpenFileManager:343 - Restore cursor
2023-11-30 11:34:48,650 [INFO] Gpio:277 - dependency for GPIO [LPUART1, SPI1]
2023-11-30 11:36:38,106 [ERROR] LogOutputStream:75 - [STDERR_REDIRECT] 
2023-11-30 11:36:49,380 [INFO] Activator:176 - 


2023-11-30 11:36:49,383 [INFO] Activator:177 - !SESSION log4j initialized
2023-11-30 11:36:53,737 [INFO] LogOutputStream:77 - [STDOUT_REDIRECT] 
2023-11-30 11:36:54,297 [INFO] ApplicationProperties:184 - Using Application install path: C:\ST\STM32CubeIDE_1.12.1\STM32CubeIDE\plugins\com.st.stm32cube.common.mx_6.10.0.202311202037
2023-11-30 11:36:54,314 [INFO] DbMcusXml:78 - Set database path to: C:\ST\STM32CubeIDE_1.12.1\STM32CubeIDE\plugins\com.st.stm32cube.common.mx_6.10.0.202311202037\\db\/mcu/
2023-11-30 11:36:54,318 [INFO] ApiDb:274 - Set plugin database path to: C:\ST\STM32CubeIDE_1.12.1\STM32CubeIDE\plugins\com.st.stm32cube.common.mx_6.10.0.202311202037\\db\/plugins/boardmanager/
2023-11-30 11:36:54,322 [WARN] ApiDb:259 - Overriding images path with different value:  => C:\ST\STM32CubeIDE_1.12.1\STM32CubeIDE\plugins\com.st.stm32cube.common.mx_6.10.0.202311202037\\db\/plugins/mcufinder/images/
2023-11-30 11:36:54,329 [INFO] ApiDb:250 - Set database path to: C:\Users\kgoenka\.stmcufinder\plugins\mcufinder//mcu/
2023-11-30 11:36:54,335 [INFO] DbMcusAds:125 - Set database path to: C:\Users\kgoenka\.stmcufinder\plugins\mcufinder//mcu/
2023-11-30 11:36:54,357 [INFO] CrossReferenceDbSqlite:203 - Set database path to: C:\Users\kgoenka\.stmcufinder\plugins\mcufinder//mcu/cs/
2023-11-30 11:36:54,492 [INFO] RulesReader:64 - Compatibility file has been processed (297 Rules)
2023-11-30 11:36:54,557 [INFO] DbMcusXml:78 - Set database path to: C:\ST\STM32CubeIDE_1.12.1\STM32CubeIDE\plugins\com.st.stm32cube.common.mx_6.10.0.202311202037\\db\/mcu/
2023-11-30 11:36:54,560 [INFO] ApiDb:274 - Set plugin database path to: C:\ST\STM32CubeIDE_1.12.1\STM32CubeIDE\plugins\com.st.stm32cube.common.mx_6.10.0.202311202037\\db\/plugins/boardmanager/
2023-11-30 11:36:54,562 [INFO] ApiDb:261 - Set plugin images path to: C:\ST\STM32CubeIDE_1.12.1\STM32CubeIDE\plugins\com.st.stm32cube.common.mx_6.10.0.202311202037\\db\/plugins/mcufinder/images/
2023-11-30 11:36:54,564 [WARN] DbFile:41 - Overriding database path with different value: C:\Users\kgoenka\.stmcufinder\plugins\mcufinder/ => C:\Users\kgoenka\.stmcufinder\plugins\mcufinder
2023-11-30 11:36:54,567 [INFO] ApiDb:250 - Set database path to: C:\Users\kgoenka\.stmcufinder\plugins\mcufinder//mcu/
2023-11-30 11:36:54,569 [WARN] DbFile:41 - Overriding database path with different value: C:\Users\kgoenka\.stmcufinder\plugins\mcufinder/ => C:\Users\kgoenka\.stmcufinder\plugins\mcufinder
2023-11-30 11:36:54,571 [INFO] DbMcusAds:125 - Set database path to: C:\Users\kgoenka\.stmcufinder\plugins\mcufinder//mcu/
2023-11-30 11:36:54,573 [WARN] DbFile:41 - Overriding database path with different value: C:\Users\kgoenka\.stmcufinder\plugins\mcufinder/ => C:\Users\kgoenka\.stmcufinder\plugins\mcufinder
2023-11-30 11:36:54,576 [WARN] DbFile:41 - Overriding database path with different value: C:\Users\kgoenka\.stmcufinder\plugins\mcufinder/ => C:\Users\kgoenka\.stmcufinder\plugins\mcufinder
2023-11-30 11:36:54,580 [INFO] CrossReferenceDbSqlite:203 - Set database path to: C:\Users\kgoenka\.stmcufinder\plugins\mcufinder//mcu/cs/
2023-11-30 11:36:54,641 [INFO] MainPanel:264 - HeapMemory: 268435456
2023-11-30 11:36:54,713 [INFO] DbMcusXml:78 - Set database path to: C:\ST\STM32CubeIDE_1.12.1\STM32CubeIDE\plugins\com.st.stm32cube.common.mx_6.10.0.202311202037\\db\/mcu/
2023-11-30 11:36:54,720 [INFO] ApiDb:274 - Set plugin database path to: C:\ST\STM32CubeIDE_1.12.1\STM32CubeIDE\plugins\com.st.stm32cube.common.mx_6.10.0.202311202037\\db\/plugins/boardmanager/
2023-11-30 11:36:54,723 [INFO] ApiDb:261 - Set plugin images path to: C:\ST\STM32CubeIDE_1.12.1\STM32CubeIDE\plugins\com.st.stm32cube.common.mx_6.10.0.202311202037\\db\/plugins/mcufinder/images/
2023-11-30 11:36:54,729 [WARN] DbFile:41 - Overriding database path with different value: C:\Users\kgoenka\.stmcufinder\plugins\mcufinder/ => C:\Users\kgoenka\.stmcufinder\plugins\mcufinder
2023-11-30 11:36:54,740 [INFO] ApiDb:250 - Set database path to: C:\Users\kgoenka\.stmcufinder\plugins\mcufinder//mcu/
2023-11-30 11:36:54,744 [WARN] DbFile:41 - Overriding database path with different value: C:\Users\kgoenka\.stmcufinder\plugins\mcufinder/ => C:\Users\kgoenka\.stmcufinder\plugins\mcufinder
2023-11-30 11:36:54,753 [INFO] DbMcusAds:125 - Set database path to: C:\Users\kgoenka\.stmcufinder\plugins\mcufinder//mcu/
2023-11-30 11:36:54,759 [WARN] DbFile:41 - Overriding database path with different value: C:\Users\kgoenka\.stmcufinder\plugins\mcufinder/ => C:\Users\kgoenka\.stmcufinder\plugins\mcufinder
2023-11-30 11:36:54,773 [WARN] DbFile:41 - Overriding database path with different value: C:\Users\kgoenka\.stmcufinder\plugins\mcufinder/ => C:\Users\kgoenka\.stmcufinder\plugins\mcufinder
2023-11-30 11:36:54,776 [INFO] CrossReferenceDbSqlite:203 - Set database path to: C:\Users\kgoenka\.stmcufinder\plugins\mcufinder//mcu/cs/
2023-11-30 11:36:54,822 [INFO] ApplicationProperties:184 - Using Application install path: C:\ST\STM32CubeIDE_1.12.1\STM32CubeIDE\plugins\com.st.stm32cube.common.mx_6.10.0.202311202037
2023-11-30 11:36:54,826 [INFO] PluginManage:196 - Search for loadable plugins [exclusion list=, ]
2023-11-30 11:36:54,829 [INFO] PluginManage:310 - Check plugin analytics
2023-11-30 11:36:54,971 [INFO] AnalyticsPlugin:253 - Accepted Software Licenses: 
2023-11-30 11:36:54,974 [INFO] AnalyticsPlugin:255 - Accepted CMSIS Pack Licenses: 
2023-11-30 11:36:54,976 [INFO] AnalyticsPlugin:257 - Accepted Firmware Licenses: 
2023-11-30 11:36:54,981 [INFO] PluginManage:359 - Loaded plugin analytics (category:tool,tabindex:-1)
2023-11-30 11:36:54,985 [INFO] PluginManage:310 - Check plugin cadmodel
2023-11-30 11:36:54,991 [INFO] CADModel:105 - Init CAD model plugin
2023-11-30 11:36:54,993 [INFO] PluginManage:359 - Loaded plugin cadmodel (category:power,tabindex:5)
2023-11-30 11:36:54,995 [INFO] PluginManage:310 - Check plugin clock
2023-11-30 11:36:55,003 [INFO] PluginManage:359 - Loaded plugin clock (category:base,tabindex:2)
2023-11-30 11:36:55,005 [INFO] PluginManage:310 - Check plugin ddr
2023-11-30 11:36:55,009 [INFO] PluginManage:359 - Loaded plugin ddr (category:tool,tabindex:6)
2023-11-30 11:36:55,011 [INFO] PluginManage:310 - Check plugin filemanager
2023-11-30 11:36:55,142 [INFO] PluginManage:359 - Loaded plugin filemanager (category:base,tabindex:10)
2023-11-30 11:36:55,145 [INFO] PluginManage:310 - Check plugin ipmanager
2023-11-30 11:36:55,158 [INFO] PluginManage:359 - Loaded plugin ipmanager (category:base,tabindex:5)
2023-11-30 11:36:55,160 [INFO] PluginManage:310 - Check plugin lpbam
2023-11-30 11:36:55,171 [INFO] PluginManage:359 - Loaded plugin lpbam (category:base,tabindex:0)
2023-11-30 11:36:55,173 [INFO] PluginManage:310 - Check plugin memorymap
2023-11-30 11:36:55,185 [INFO] PluginManage:359 - Loaded plugin memorymap (category:base,tabindex:4)
2023-11-30 11:36:55,187 [INFO] PluginManage:310 - Check plugin pinoutandconfiguration
2023-11-30 11:36:55,198 [INFO] PluginManage:359 - Loaded plugin pinoutandconfiguration (category:base,tabindex:1)
2023-11-30 11:36:55,201 [INFO] PluginManage:310 - Check plugin pinoutconfig
2023-11-30 11:36:55,285 [WARN] SupportedApi:132 - Cannot load RTOS API schema: s4s-elt-must-match.1: The content of 'definitions' must match (annotation?, (simpleType | complexType)?, (unique | key | keyref)*)). A problem was found starting at: attribute.
2023-11-30 11:36:55,386 [INFO] PluginManage:359 - Loaded plugin pinoutconfig (category:base,tabindex:0)
2023-11-30 11:36:55,389 [INFO] PluginManage:310 - Check plugin power
2023-11-30 11:36:55,397 [INFO] PluginManage:359 - Loaded plugin power (category:power,tabindex:4)
2023-11-30 11:36:55,400 [INFO] PluginManage:310 - Check plugin projectmanager
2023-11-30 11:36:55,414 [INFO] PluginManage:359 - Loaded plugin projectmanager (category:projectmanager,tabindex:3)
2023-11-30 11:36:55,417 [INFO] PluginManage:310 - Check plugin thirdparty
2023-11-30 11:36:55,521 [INFO] PluginManage:359 - Loaded plugin thirdparty (category:base,tabindex:-1)
2023-11-30 11:36:55,521 [WARN] IntegrityCheckThread:84 - waiting for thirdparty lock release [integrity check]
2023-11-30 11:36:55,524 [INFO] PluginManage:310 - Check plugin tools
2023-11-30 11:36:55,527 [INFO] IntegrityCheckThread:86 - entering critical section [integrity check]
2023-11-30 11:36:55,531 [INFO] PluginManage:359 - Loaded plugin tools (category:base,tabindex:7)
2023-11-30 11:36:55,533 [INFO] ThirdPartyUpdaterWithRetryManager:70 - Updater plugin not ready yet. [1/15]
2023-11-30 11:36:55,534 [INFO] PluginManage:310 - Check plugin tutovideos
2023-11-30 11:36:55,668 [INFO] PluginManage:359 - Loaded plugin tutovideos (category:base,tabindex:-1)
2023-11-30 11:36:55,672 [INFO] PluginManage:310 - Check plugin updater
2023-11-30 11:36:55,682 [INFO] PluginManage:359 - Loaded plugin updater (category:base,tabindex:12)
2023-11-30 11:36:55,684 [INFO] PluginManage:310 - Check plugin userauth
2023-11-30 11:36:55,698 [INFO] UserAuth:114 - Init User Auth plugin
2023-11-30 11:36:55,700 [INFO] PluginManage:359 - Loaded plugin userauth (category:base,tabindex:14)
2023-11-30 11:36:55,703 [INFO] PluginManage:283 - PluginManage : Loaded plugins [17]
2023-11-30 11:36:55,862 [INFO] PinOutPanel:1499 - setPackage(No Configuration,No Configuration)
2023-11-30 11:36:55,919 [INFO] CADModel:165 - CPN selected for project level
2023-11-30 11:36:55,922 [INFO] CADModel:114 - Register for checkConnection events
2023-11-30 11:36:55,938 [INFO] IPUIPlugin:80 - create IPUIPlugin
2023-11-30 11:36:55,941 [INFO] PluginManager:220 - loadIPPluginJar : add adc
2023-11-30 11:36:55,946 [INFO] IPUIPlugin:80 - create IPUIPlugin
2023-11-30 11:36:55,948 [INFO] PluginManager:220 - loadIPPluginJar : add aes
2023-11-30 11:36:55,951 [INFO] IPUIPlugin:80 - create IPUIPlugin
2023-11-30 11:36:55,953 [INFO] PluginManager:220 - loadIPPluginJar : add can
2023-11-30 11:36:55,956 [INFO] IPUIPlugin:80 - create IPUIPlugin
2023-11-30 11:36:55,958 [INFO] PluginManager:220 - loadIPPluginJar : add comp
2023-11-30 11:36:55,965 [INFO] IPUIPlugin:80 - create IPUIPlugin
2023-11-30 11:36:55,967 [INFO] PluginManager:220 - loadIPPluginJar : add cryp
2023-11-30 11:36:55,974 [INFO] IPUIPlugin:80 - create IPUIPlugin
2023-11-30 11:36:55,976 [INFO] PluginManager:220 - loadIPPluginJar : add dfsdm
2023-11-30 11:36:55,985 [INFO] IPUIPlugin:80 - create IPUIPlugin
2023-11-30 11:36:55,988 [INFO] PluginManager:220 - loadIPPluginJar : add dma
2023-11-30 11:36:55,995 [INFO] IPUIPlugin:80 - create IPUIPlugin
2023-11-30 11:36:55,997 [INFO] PluginManager:220 - loadIPPluginJar : add dma3
2023-11-30 11:36:56,002 [INFO] IPUIPlugin:80 - create IPUIPlugin
2023-11-30 11:36:56,004 [INFO] PluginManager:220 - loadIPPluginJar : add fatfs
2023-11-30 11:36:56,013 [INFO] IPUIPlugin:80 - create IPUIPlugin
2023-11-30 11:36:56,016 [INFO] PluginManager:220 - loadIPPluginJar : add fmc
2023-11-30 11:36:56,030 [INFO] IPUIPlugin:80 - create IPUIPlugin
2023-11-30 11:36:56,033 [INFO] PluginManager:220 - loadIPPluginJar : add freertos
2023-11-30 11:36:56,038 [INFO] IPUIPlugin:80 - create IPUIPlugin
2023-11-30 11:36:56,040 [INFO] PluginManager:220 - loadIPPluginJar : add genericplugin
2023-11-30 11:36:56,046 [INFO] IPUIPlugin:80 - create IPUIPlugin
2023-11-30 11:36:56,049 [INFO] PluginManager:220 - loadIPPluginJar : add gfxmmu
2023-11-30 11:36:56,057 [INFO] IPUIPlugin:80 - create IPUIPlugin
2023-11-30 11:36:56,060 [INFO] PluginManager:220 - loadIPPluginJar : add gic
2023-11-30 11:36:56,072 [INFO] IPUIPlugin:80 - create IPUIPlugin
2023-11-30 11:36:56,075 [INFO] PluginManager:220 - loadIPPluginJar : add gpio
2023-11-30 11:36:56,081 [INFO] IPUIPlugin:80 - create IPUIPlugin
2023-11-30 11:36:56,084 [INFO] PluginManager:220 - loadIPPluginJar : add gtzc
2023-11-30 11:36:56,089 [INFO] IPUIPlugin:80 - create IPUIPlugin
2023-11-30 11:36:56,093 [INFO] PluginManager:220 - loadIPPluginJar : add hash
2023-11-30 11:36:56,098 [INFO] IPUIPlugin:80 - create IPUIPlugin
2023-11-30 11:36:56,100 [INFO] PluginManager:220 - loadIPPluginJar : add i2c
2023-11-30 11:36:56,104 [INFO] IPUIPlugin:80 - create IPUIPlugin
2023-11-30 11:36:56,107 [INFO] PluginManager:220 - loadIPPluginJar : add i2s
2023-11-30 11:36:56,111 [INFO] IPUIPlugin:80 - create IPUIPlugin
2023-11-30 11:36:56,114 [INFO] PluginManager:220 - loadIPPluginJar : add i3c
2023-11-30 11:36:56,118 [INFO] IPUIPlugin:80 - create IPUIPlugin
2023-11-30 11:36:56,120 [INFO] PluginManager:220 - loadIPPluginJar : add ipddr
2023-11-30 11:36:56,128 [INFO] IPUIPlugin:80 - create IPUIPlugin
2023-11-30 11:36:56,131 [INFO] PluginManager:220 - loadIPPluginJar : add linkedlist
2023-11-30 11:36:56,135 [INFO] IPUIPlugin:80 - create IPUIPlugin
2023-11-30 11:36:56,140 [INFO] PluginManager:220 - loadIPPluginJar : add lorawan
2023-11-30 11:36:56,146 [INFO] IPUIPlugin:80 - create IPUIPlugin
2023-11-30 11:36:56,148 [INFO] PluginManager:220 - loadIPPluginJar : add ltdc
2023-11-30 11:36:56,154 [INFO] IPUIPlugin:80 - create IPUIPlugin
2023-11-30 11:36:56,157 [INFO] PluginManager:220 - loadIPPluginJar : add mdma
2023-11-30 11:36:56,161 [INFO] IPUIPlugin:80 - create IPUIPlugin
2023-11-30 11:36:56,164 [INFO] PluginManager:220 - loadIPPluginJar : add nvic
2023-11-30 11:36:56,168 [INFO] IPUIPlugin:80 - create IPUIPlugin
2023-11-30 11:36:56,170 [INFO] PluginManager:220 - loadIPPluginJar : add opamp
2023-11-30 11:36:56,175 [INFO] IPUIPlugin:80 - create IPUIPlugin
2023-11-30 11:36:56,178 [INFO] PluginManager:220 - loadIPPluginJar : add openamp
2023-11-30 11:36:56,182 [INFO] IPUIPlugin:80 - create IPUIPlugin
2023-11-30 11:36:56,185 [INFO] PluginManager:220 - loadIPPluginJar : add pdm2pcm
2023-11-30 11:36:56,192 [INFO] IPUIPlugin:80 - create IPUIPlugin
2023-11-30 11:36:56,195 [INFO] PluginManager:220 - loadIPPluginJar : add plateformsettings
2023-11-30 11:36:56,199 [INFO] IPUIPlugin:80 - create IPUIPlugin
2023-11-30 11:36:56,201 [INFO] PluginManager:220 - loadIPPluginJar : add quadspi
2023-11-30 11:36:56,205 [INFO] IPUIPlugin:80 - create IPUIPlugin
2023-11-30 11:36:56,208 [INFO] PluginManager:220 - loadIPPluginJar : add resmgrutility
2023-11-30 11:36:56,212 [INFO] IPUIPlugin:80 - create IPUIPlugin
2023-11-30 11:36:56,215 [INFO] PluginManager:220 - loadIPPluginJar : add sai
2023-11-30 11:36:56,218 [INFO] IPUIPlugin:80 - create IPUIPlugin
2023-11-30 11:36:56,220 [INFO] PluginManager:220 - loadIPPluginJar : add spi
2023-11-30 11:36:56,226 [INFO] IPUIPlugin:80 - create IPUIPlugin
2023-11-30 11:36:56,228 [INFO] PluginManager:220 - loadIPPluginJar : add stm32_wpan
2023-11-30 11:36:56,231 [INFO] IPUIPlugin:80 - create IPUIPlugin
2023-11-30 11:36:56,234 [INFO] PluginManager:220 - loadIPPluginJar : add tim
2023-11-30 11:36:56,238 [INFO] IPUIPlugin:80 - create IPUIPlugin
2023-11-30 11:36:56,240 [INFO] PluginManager:220 - loadIPPluginJar : add touchsensing
2023-11-30 11:36:56,244 [INFO] IPUIPlugin:80 - create IPUIPlugin
2023-11-30 11:36:56,247 [INFO] PluginManager:220 - loadIPPluginJar : add tracer_emb
2023-11-30 11:36:56,250 [INFO] IPUIPlugin:80 - create IPUIPlugin
2023-11-30 11:36:56,253 [INFO] PluginManager:220 - loadIPPluginJar : add ts
2023-11-30 11:36:56,255 [INFO] IPUIPlugin:80 - create IPUIPlugin
2023-11-30 11:36:56,258 [INFO] PluginManager:220 - loadIPPluginJar : add tsc
2023-11-30 11:36:56,261 [INFO] IPUIPlugin:80 - create IPUIPlugin
2023-11-30 11:36:56,263 [INFO] PluginManager:220 - loadIPPluginJar : add ucpd
2023-11-30 11:36:56,267 [INFO] IPUIPlugin:80 - create IPUIPlugin
2023-11-30 11:36:56,270 [INFO] PluginManager:220 - loadIPPluginJar : add usart
2023-11-30 11:36:56,274 [INFO] IPUIPlugin:80 - create IPUIPlugin
2023-11-30 11:36:56,276 [INFO] PluginManager:220 - loadIPPluginJar : add usbx
2023-11-30 11:36:56,399 [INFO] CADModel:165 - CPN selected for project level
2023-11-30 11:36:56,402 [INFO] CADModel:114 - Register for checkConnection events
2023-11-30 11:36:56,404 [FATAL] Updater:308 - Updater called before beeing initialized
2023-11-30 11:36:56,407 [ERROR] CADModel:125 - Updater not yet initialized, retry later 
2023-11-30 11:36:56,518 [INFO] CADModel:165 - CPN selected for project level
2023-11-30 11:36:56,521 [INFO] CADModel:114 - Register for checkConnection events
2023-11-30 11:36:56,523 [FATAL] Updater:308 - Updater called before beeing initialized
2023-11-30 11:36:56,525 [ERROR] CADModel:125 - Updater not yet initialized, retry later 
2023-11-30 11:36:56,530 [FATAL] Updater:308 - Updater called before beeing initialized
2023-11-30 11:36:56,628 [FATAL] Updater:308 - Updater called before beeing initialized
2023-11-30 11:36:56,634 [INFO] DbMcusAds:53 - JSON generation date=Thu Sep 30 02:55:09 EDT 2021 (1632984909247)
2023-11-30 11:36:56,637 [FATAL] Updater:308 - Updater called before beeing initialized
2023-11-30 11:36:56,669 [WARN] DetailPanel:346 - Failed to get advertising image, set to default
2023-11-30 11:36:56,746 [FATAL] Updater:308 - Updater called before beeing initialized
2023-11-30 11:36:56,754 [FATAL] Updater:308 - Updater called before beeing initialized
2023-11-30 11:36:56,757 [FATAL] Updater:308 - Updater called before beeing initialized
2023-11-30 11:36:56,759 [WARN] DetailPanel:346 - Failed to get advertising image, set to default
2023-11-30 11:36:56,763 [FATAL] Updater:308 - Updater called before beeing initialized
2023-11-30 11:36:56,814 [ERROR] Updater:1120 - MainUpdater not yet initialized. External WinMGr cannot be set.
2023-11-30 11:36:56,818 [INFO] Updater:1056 - Updater Version found : 6.10.0
2023-11-30 11:36:56,833 [INFO] ApplicationProperties:184 - Using Application install path: C:\ST\STM32CubeIDE_1.12.1\STM32CubeIDE\plugins\com.st.stm32cube.common.mx_6.10.0.202311202037
2023-11-30 11:36:58,408 [ERROR] LogOutputStream:75 - [STDERR_REDIRECT] Nov 30, 2023 11:36:58 AM java.util.prefs.WindowsPreferences <init>
2023-11-30 11:36:58,412 [ERROR] LogOutputStream:75 - [STDERR_REDIRECT] WARNING: Could not open/create prefs root node Software\JavaSoft\Prefs at root 0xffffffff80000002. Windows RegCreateKeyEx(...) returned error code 5.
2023-11-30 11:36:58,414 [ERROR] LogOutputStream:75 - [STDERR_REDIRECT] 
2023-11-30 11:36:58,538 [INFO] ThirdPartyUpdaterWithRetryManager:70 - Updater plugin not ready yet. [2/15]
2023-11-30 11:36:58,692 [INFO] MainUpdater:2873 - connection check result : 10
2023-11-30 11:36:58,695 [INFO] MainUpdater:290 - Updater Check For Update Now.
2023-11-30 11:36:58,698 [INFO] MicroXplorer:498 - Change Database Version : DB.6.0.100
2023-11-30 11:36:58,713 [INFO] McuFinderGlobals:63 - Set McuFinder mode to 2 (CubeIDE integrated)
2023-11-30 11:36:58,716 [INFO] UserAuth:180 - activating auth plugin
2023-11-30 11:36:58,721 [INFO] UserAuth:404 - Internet connection configuration mode: 1
2023-11-30 11:36:58,742 [INFO] JxBrowserEngine:152 - Initiate JxBrowser Engine with user profile folder
2023-11-30 11:36:58,864 [INFO] CheckServerUpdateThread:120 - End of CheckServer Thread
2023-11-30 11:36:59,377 [INFO] WebApp:161 - Instantiating new browser for Auth
2023-11-30 11:36:59,929 [INFO] WebApp:780 - Register for checkConnection events
2023-11-30 11:36:59,931 [INFO] WebApp:414 - Apply proxy settings
2023-11-30 11:36:59,933 [INFO] WebApp:499 - Chromium requires no authentication
2023-11-30 11:36:59,939 [INFO] WebApp:442 - Direct internet connection detected
2023-11-30 11:37:00,070 [INFO] WebApp:192 - Starting web application
2023-11-30 11:37:00,072 [INFO] WebApp:544 - Web application path used C:\ST\STM32CubeIDE_1.12.1\STM32CubeIDE\plugins\com.st.stm32cube.common.mx_6.10.0.202311202037\db\plugins\mcufinder\reactClient1\index.html
2023-11-30 11:37:01,683 [WARN] PackLoader:240 - Cannot read IP mode file for STMicroelectronics.X-CUBE-SMBUS.2.1.0
2023-11-30 11:37:01,715 [WARN] PackLoader:240 - Cannot read IP mode file for STMicroelectronics.X-CUBE-AZRTOS-F7.1.1.0
2023-11-30 11:37:01,727 [WARN] PackLoader:240 - Cannot read IP mode file for STMicroelectronics.FP-SNS-MOTENV1.4.3.2
2023-11-30 11:37:01,733 [WARN] PackLoader:240 - Cannot read IP mode file for STMicroelectronics.FP-SNS-FLIGHT1.5.0.2
2023-11-30 11:37:01,742 [WARN] PackLoader:240 - Cannot read IP mode file for STMicroelectronics.X-CUBE-DISPLAY.3.0.0
2023-11-30 11:37:01,756 [WARN] PackLoader:240 - Cannot read IP mode file for STMicroelectronics.X-CUBE-BLE1.7.0.0
2023-11-30 11:37:01,761 [WARN] PackLoader:240 - Cannot read IP mode file for emotas.I-CUBE-CANOPEN.1.3.0
2023-11-30 11:37:01,768 [WARN] PackLoader:240 - Cannot read IP mode file for STMicroelectronics.X-CUBE-TOUCHGFX.4.22.0
2023-11-30 11:37:01,772 [WARN] PackLoader:240 - Cannot read IP mode file for STMicroelectronics.X-CUBE-TOUCHGFX.4.22.1
2023-11-30 11:37:01,777 [WARN] PackLoader:240 - Cannot read IP mode file for STMicroelectronics.FP-SNS-SMARTAG2.1.2.0
2023-11-30 11:37:01,802 [INFO] LogOutputStream:77 - [STDOUT_REDIRECT] 1 : Invalid condition id : UX_CORESTACK_Condition cause : null
2023-11-30 11:37:01,805 [INFO] LogOutputStream:77 - [STDOUT_REDIRECT] 1 : Invalid condition id : UX_CORESTACK_Condition cause : null
2023-11-30 11:37:01,807 [INFO] LogOutputStream:77 - [STDOUT_REDIRECT] 1 : Invalid condition id : UX_CORESTACK_Condition cause : null
2023-11-30 11:37:01,810 [INFO] LogOutputStream:77 - [STDOUT_REDIRECT] 1 : Invalid condition id : UX_CORESTACK_Condition cause : null
2023-11-30 11:37:01,812 [INFO] LogOutputStream:77 - [STDOUT_REDIRECT] 1 : Invalid condition id : UX_CORESTACK_Condition cause : null
2023-11-30 11:37:01,816 [WARN] PackLoader:240 - Cannot read IP mode file for STMicroelectronics.X-CUBE-AZRTOS-WL.2.0.0
2023-11-30 11:37:01,826 [WARN] PackLoader:240 - Cannot read IP mode file for WES.I-CUBE-Cesium.1.3.0
2023-11-30 11:37:01,831 [WARN] PackLoader:240 - Cannot read IP mode file for STMicroelectronics.X-CUBE-BLE2.3.3.0
2023-11-30 11:37:01,837 [WARN] PackLoader:240 - Cannot read IP mode file for STMicroelectronics.X-CUBE-ALGOBUILD.1.3.0
2023-11-30 11:37:01,850 [WARN] PackLoader:240 - Cannot read IP mode file for STMicroelectronics.X-CUBE-AZRTOS-G0.1.1.0
2023-11-30 11:37:01,856 [WARN] PackLoader:240 - Cannot read IP mode file for STMicroelectronics.X-CUBE-NFC4.3.0.0
2023-11-30 11:37:01,866 [WARN] PackLoader:240 - Cannot read IP mode file for STMicroelectronics.X-CUBE-BLEMGR.3.0.0
2023-11-30 11:37:01,873 [WARN] PackLoader:240 - Cannot read IP mode file for STMicroelectronics.FP-ATR-SIGFOX1.3.2.0
2023-11-30 11:37:01,897 [WARN] PackLoader:240 - Cannot read IP mode file for SEGGER.I-CUBE-embOS.1.3.1
2023-11-30 11:37:01,932 [WARN] PackLoader:240 - Cannot read IP mode file for STMicroelectronics.X-CUBE-GNSS1.6.0.0
2023-11-30 11:37:01,945 [WARN] PackLoader:240 - Cannot read IP mode file for STMicroelectronics.X-CUBE-AZRTOS-F4.1.1.0
2023-11-30 11:37:01,951 [WARN] PackLoader:240 - Cannot read IP mode file for wolfSSL.I-CUBE-wolfSSL.5.6.3
2023-11-30 11:37:01,963 [WARN] PackLoader:240 - Cannot read IP mode file for STMicroelectronics.X-CUBE-AZRTOS-L5.2.0.0
2023-11-30 11:37:01,996 [WARN] PackLoader:240 - Cannot read IP mode file for STMicroelectronics.X-CUBE-MEMS1.9.6.0
2023-11-30 11:37:02,132 [WARN] PackLoader:240 - Cannot read IP mode file for STMicroelectronics.X-CUBE-EEPRMA1.4.2.0
2023-11-30 11:37:02,138 [WARN] PackLoader:240 - Cannot read IP mode file for ITTIA_DB.I-CUBE-ITTIADB.8.8.0
2023-11-30 11:37:02,143 [WARN] PackLoader:240 - Cannot read IP mode file for STMicroelectronics.X-CUBE-BLEMGR.2.0.0
2023-11-30 11:37:02,159 [WARN] ConditionMgr:438 - getConditionDescription Invalid condition id : UX DEVICE CLASS RTOS Condition cause : null
2023-11-30 11:37:02,160 [WARN] ConditionMgr:438 - getConditionDescription Invalid condition id : UX DEVICE CLASS RTOS Condition cause : null
2023-11-30 11:37:02,163 [WARN] PackLoader:240 - Cannot read IP mode file for STMicroelectronics.X-CUBE-AZRTOS-H7.3.1.0
2023-11-30 11:37:02,165 [WARN] ConditionMgr:1039 - genDependencies : Invalid condition id : UX DEVICE CLASS RTOS Condition cause : null
2023-11-30 11:37:02,166 [WARN] ConditionMgr:1039 - genDependencies : Invalid condition id : UX DEVICE CLASS RTOS Condition cause : null
2023-11-30 11:37:02,167 [WARN] ConditionMgr:1039 - genDependencies : Invalid condition id : UX DEVICE CLASS RTOS Condition cause : null
2023-11-30 11:37:02,169 [WARN] ConditionMgr:1039 - genDependencies : Invalid condition id : UX DEVICE CLASS RTOS Condition cause : null
2023-11-30 11:37:02,170 [WARN] ConditionMgr:1039 - genDependencies : Invalid condition id : UX DEVICE CLASS RTOS Condition cause : null
2023-11-30 11:37:02,179 [WARN] PackLoader:240 - Cannot read IP mode file for STMicroelectronics.X-CUBE-NFC7.1.0.1
2023-11-30 11:37:02,185 [WARN] PackLoader:240 - Cannot read IP mode file for STMicroelectronics.X-CUBE-NFC6.3.0.0
2023-11-30 11:37:02,191 [WARN] PackLoader:240 - Cannot read IP mode file for STMicroelectronics.X-CUBE-EEPRMA1.4.1.0
2023-11-30 11:37:02,195 [WARN] PackLoader:240 - Cannot read IP mode file for STMicroelectronics.X-CUBE-AI.8.1.0
2023-11-30 11:37:02,207 [WARN] ConditionMgr:438 - getConditionDescription Invalid condition id : LAN8742 Phy interface Condition cause : null
2023-11-30 11:37:02,208 [WARN] PackLoader:240 - Cannot read IP mode file for STMicroelectronics.X-CUBE-AZRTOS-L4.2.0.0
2023-11-30 11:37:02,210 [WARN] ConditionMgr:1039 - genDependencies : Invalid condition id : LAN8742 Phy interface Condition cause : null
2023-11-30 11:37:02,211 [WARN] ConditionMgr:1039 - genDependencies : Invalid condition id : LAN8742 Phy interface Condition cause : null
2023-11-30 11:37:02,213 [WARN] ConditionMgr:1039 - genDependencies : Invalid condition id : LAN8742 Phy interface Condition cause : null
2023-11-30 11:37:02,219 [WARN] PackLoader:240 - Cannot read IP mode file for STMicroelectronics.X-CUBE-SFXS2LP1.4.0.0
2023-11-30 11:37:02,224 [WARN] PackLoader:240 - Cannot read IP mode file for STMicroelectronics.X-CUBE-ISPU.1.1.0
2023-11-30 11:37:02,232 [WARN] ConditionMgr:438 - getConditionDescription Invalid condition id : UX DEVICE CLASS RTOS Condition cause : null
2023-11-30 11:37:02,233 [WARN] ConditionMgr:438 - getConditionDescription Invalid condition id : UX DEVICE CLASS RTOS Condition cause : null
2023-11-30 11:37:02,236 [WARN] PackLoader:240 - Cannot read IP mode file for STMicroelectronics.X-CUBE-AZRTOS-WB.2.0.0
2023-11-30 11:37:02,237 [WARN] ConditionMgr:1039 - genDependencies : Invalid condition id : UX DEVICE CLASS RTOS Condition cause : null
2023-11-30 11:37:02,238 [WARN] ConditionMgr:1039 - genDependencies : Invalid condition id : UX DEVICE CLASS RTOS Condition cause : null
2023-11-30 11:37:02,240 [WARN] ConditionMgr:1039 - genDependencies : Invalid condition id : UX DEVICE CLASS RTOS Condition cause : null
2023-11-30 11:37:02,241 [WARN] ConditionMgr:1039 - genDependencies : Invalid condition id : UX DEVICE CLASS RTOS Condition cause : null
2023-11-30 11:37:02,242 [WARN] ConditionMgr:1039 - genDependencies : Invalid condition id : UX DEVICE CLASS RTOS Condition cause : null
2023-11-30 11:37:02,250 [WARN] PackLoader:240 - Cannot read IP mode file for STMicroelectronics.X-CUBE-SUBG2.5.0.0
2023-11-30 11:37:02,261 [WARN] PackLoader:240 - Cannot read IP mode file for STMicroelectronics.X-CUBE-TOF1.3.3.1
2023-11-30 11:37:02,276 [WARN] PackLoader:240 - Cannot read IP mode file for STMicroelectronics.X-CUBE-AZRTOS-G4.2.0.0
2023-11-30 11:37:02,285 [WARN] PackLoader:240 - Cannot read IP mode file for Infineon.AIROC-Wi-Fi-Bluetooth-STM32.1.5.1
2023-11-30 11:37:02,291 [WARN] PackLoader:240 - Cannot read IP mode file for STMicroelectronics.FP-SNS-MOTENVWB1.1.3.1
2023-11-30 11:37:02,316 [WARN] PackLoader:240 - Cannot read IP mode file for STMicroelectronics.X-CUBE-MEMS1.10.0.0
2023-11-30 11:37:02,411 [WARN] PackLoader:240 - Cannot read IP mode file for STMicroelectronics.X-CUBE-FREERTOS.1.1.0
2023-11-30 11:37:02,416 [WARN] PackLoader:240 - Cannot read IP mode file for portGmbH.I-Cube-SoM-uGOAL.1.1.0
2023-11-30 11:37:02,421 [WARN] PackLoader:240 - Cannot read IP mode file for STMicroelectronics.X-CUBE-ALS.1.0.1
2023-11-30 11:37:02,425 [WARN] PackLoader:240 - Cannot read IP mode file for STMicroelectronics.FP-ATR-ASTRA1.2.0.0
2023-11-30 11:37:02,432 [WARN] PackLoader:240 - Cannot read IP mode file for STMicroelectronics.X-CUBE-TOF1.3.4.0
2023-11-30 11:37:02,442 [INFO] ThirdParty:978 - Integrity check success = true
2023-11-30 11:37:02,443 [INFO] IntegrityCheckThread:100 - exiting critical section [integrity check]
2023-11-30 11:37:02,444 [INFO] IntegrityCheckThread:103 - End integrity checks thread
2023-11-30 11:38:28,588 [ERROR] LogOutputStream:75 - [STDERR_REDIRECT] 
