2023-12-04 14:48:11,832 [INFO] Activator:176 - 


2023-12-04 14:48:12,036 [INFO] Activator:177 - !SESSION log4j initialized
2023-12-04 14:48:19,075 [INFO] LogOutputStream:77 - [STDOUT_REDIRECT] 
2023-12-04 14:48:34,096 [INFO] ApplicationProperties:184 - Using Application install path: C:\ST\STM32CubeIDE_1.12.1\STM32CubeIDE\plugins\com.st.stm32cube.common.mx_6.10.0.202311202037
2023-12-04 14:48:34,124 [INFO] DbMcusXml:78 - Set database path to: C:\ST\STM32CubeIDE_1.12.1\STM32CubeIDE\plugins\com.st.stm32cube.common.mx_6.10.0.202311202037\\db\/mcu/
2023-12-04 14:48:34,125 [INFO] ApiDb:274 - Set plugin database path to: C:\ST\STM32CubeIDE_1.12.1\STM32CubeIDE\plugins\com.st.stm32cube.common.mx_6.10.0.202311202037\\db\/plugins/boardmanager/
2023-12-04 14:48:34,127 [WARN] ApiDb:259 - Overriding images path with different value:  => C:\ST\STM32CubeIDE_1.12.1\STM32CubeIDE\plugins\com.st.stm32cube.common.mx_6.10.0.202311202037\\db\/plugins/mcufinder/images/
2023-12-04 14:48:35,394 [INFO] ApiDb:250 - Set database path to: C:\Users\kgoenka\.stmcufinder\plugins\mcufinder//mcu/
2023-12-04 14:48:35,396 [INFO] DbMcusAds:125 - Set database path to: C:\Users\kgoenka\.stmcufinder\plugins\mcufinder//mcu/
2023-12-04 14:48:35,401 [INFO] CrossReferenceDbSqlite:203 - Set database path to: C:\Users\kgoenka\.stmcufinder\plugins\mcufinder//mcu/cs/
2023-12-04 14:48:35,505 [INFO] RulesReader:64 - Compatibility file has been processed (297 Rules)
2023-12-04 14:48:35,571 [INFO] DbMcusXml:78 - Set database path to: C:\ST\STM32CubeIDE_1.12.1\STM32CubeIDE\plugins\com.st.stm32cube.common.mx_6.10.0.202311202037\\db\/mcu/
2023-12-04 14:48:35,572 [INFO] ApiDb:274 - Set plugin database path to: C:\ST\STM32CubeIDE_1.12.1\STM32CubeIDE\plugins\com.st.stm32cube.common.mx_6.10.0.202311202037\\db\/plugins/boardmanager/
2023-12-04 14:48:35,573 [INFO] ApiDb:261 - Set plugin images path to: C:\ST\STM32CubeIDE_1.12.1\STM32CubeIDE\plugins\com.st.stm32cube.common.mx_6.10.0.202311202037\\db\/plugins/mcufinder/images/
2023-12-04 14:48:35,574 [WARN] DbFile:41 - Overriding database path with different value: C:\Users\kgoenka\.stmcufinder\plugins\mcufinder/ => C:\Users\kgoenka\.stmcufinder\plugins\mcufinder
2023-12-04 14:48:35,575 [INFO] ApiDb:250 - Set database path to: C:\Users\kgoenka\.stmcufinder\plugins\mcufinder//mcu/
2023-12-04 14:48:35,576 [WARN] DbFile:41 - Overriding database path with different value: C:\Users\kgoenka\.stmcufinder\plugins\mcufinder/ => C:\Users\kgoenka\.stmcufinder\plugins\mcufinder
2023-12-04 14:48:35,577 [INFO] DbMcusAds:125 - Set database path to: C:\Users\kgoenka\.stmcufinder\plugins\mcufinder//mcu/
2023-12-04 14:48:35,578 [WARN] DbFile:41 - Overriding database path with different value: C:\Users\kgoenka\.stmcufinder\plugins\mcufinder/ => C:\Users\kgoenka\.stmcufinder\plugins\mcufinder
2023-12-04 14:48:35,579 [WARN] DbFile:41 - Overriding database path with different value: C:\Users\kgoenka\.stmcufinder\plugins\mcufinder/ => C:\Users\kgoenka\.stmcufinder\plugins\mcufinder
2023-12-04 14:48:35,580 [INFO] CrossReferenceDbSqlite:203 - Set database path to: C:\Users\kgoenka\.stmcufinder\plugins\mcufinder//mcu/cs/
2023-12-04 14:48:35,654 [INFO] MainPanel:264 - HeapMemory: 268435456
2023-12-04 14:48:35,747 [INFO] DbMcusXml:78 - Set database path to: C:\ST\STM32CubeIDE_1.12.1\STM32CubeIDE\plugins\com.st.stm32cube.common.mx_6.10.0.202311202037\\db\/mcu/
2023-12-04 14:48:35,749 [INFO] ApiDb:274 - Set plugin database path to: C:\ST\STM32CubeIDE_1.12.1\STM32CubeIDE\plugins\com.st.stm32cube.common.mx_6.10.0.202311202037\\db\/plugins/boardmanager/
2023-12-04 14:48:35,750 [INFO] ApiDb:261 - Set plugin images path to: C:\ST\STM32CubeIDE_1.12.1\STM32CubeIDE\plugins\com.st.stm32cube.common.mx_6.10.0.202311202037\\db\/plugins/mcufinder/images/
2023-12-04 14:48:35,751 [WARN] DbFile:41 - Overriding database path with different value: C:\Users\kgoenka\.stmcufinder\plugins\mcufinder/ => C:\Users\kgoenka\.stmcufinder\plugins\mcufinder
2023-12-04 14:48:35,752 [INFO] ApiDb:250 - Set database path to: C:\Users\kgoenka\.stmcufinder\plugins\mcufinder//mcu/
2023-12-04 14:48:35,753 [WARN] DbFile:41 - Overriding database path with different value: C:\Users\kgoenka\.stmcufinder\plugins\mcufinder/ => C:\Users\kgoenka\.stmcufinder\plugins\mcufinder
2023-12-04 14:48:35,754 [INFO] DbMcusAds:125 - Set database path to: C:\Users\kgoenka\.stmcufinder\plugins\mcufinder//mcu/
2023-12-04 14:48:35,755 [WARN] DbFile:41 - Overriding database path with different value: C:\Users\kgoenka\.stmcufinder\plugins\mcufinder/ => C:\Users\kgoenka\.stmcufinder\plugins\mcufinder
2023-12-04 14:48:35,756 [WARN] DbFile:41 - Overriding database path with different value: C:\Users\kgoenka\.stmcufinder\plugins\mcufinder/ => C:\Users\kgoenka\.stmcufinder\plugins\mcufinder
2023-12-04 14:48:35,757 [INFO] CrossReferenceDbSqlite:203 - Set database path to: C:\Users\kgoenka\.stmcufinder\plugins\mcufinder//mcu/cs/
2023-12-04 14:48:35,774 [INFO] ApplicationProperties:184 - Using Application install path: C:\ST\STM32CubeIDE_1.12.1\STM32CubeIDE\plugins\com.st.stm32cube.common.mx_6.10.0.202311202037
2023-12-04 14:48:35,776 [INFO] PluginManage:196 - Search for loadable plugins [exclusion list=, ]
2023-12-04 14:48:35,778 [INFO] PluginManage:310 - Check plugin analytics
2023-12-04 14:48:35,959 [INFO] AnalyticsPlugin:253 - Accepted Software Licenses: 
2023-12-04 14:48:35,961 [INFO] AnalyticsPlugin:255 - Accepted CMSIS Pack Licenses: 
2023-12-04 14:48:35,962 [INFO] AnalyticsPlugin:257 - Accepted Firmware Licenses: 
2023-12-04 14:48:35,965 [INFO] PluginManage:359 - Loaded plugin analytics (category:tool,tabindex:-1)
2023-12-04 14:48:35,967 [INFO] PluginManage:310 - Check plugin cadmodel
2023-12-04 14:48:35,980 [INFO] CADModel:105 - Init CAD model plugin
2023-12-04 14:48:35,981 [INFO] PluginManage:359 - Loaded plugin cadmodel (category:power,tabindex:5)
2023-12-04 14:48:35,982 [INFO] PluginManage:310 - Check plugin clock
2023-12-04 14:48:36,004 [INFO] PluginManage:359 - Loaded plugin clock (category:base,tabindex:2)
2023-12-04 14:48:36,005 [INFO] PluginManage:310 - Check plugin ddr
2023-12-04 14:48:36,008 [INFO] PluginManage:359 - Loaded plugin ddr (category:tool,tabindex:6)
2023-12-04 14:48:36,009 [INFO] PluginManage:310 - Check plugin filemanager
2023-12-04 14:48:36,162 [INFO] PluginManage:359 - Loaded plugin filemanager (category:base,tabindex:10)
2023-12-04 14:48:36,164 [INFO] PluginManage:310 - Check plugin ipmanager
2023-12-04 14:48:36,171 [INFO] PluginManage:359 - Loaded plugin ipmanager (category:base,tabindex:5)
2023-12-04 14:48:36,172 [INFO] PluginManage:310 - Check plugin lpbam
2023-12-04 14:48:36,186 [INFO] PluginManage:359 - Loaded plugin lpbam (category:base,tabindex:0)
2023-12-04 14:48:36,187 [INFO] PluginManage:310 - Check plugin memorymap
2023-12-04 14:48:36,208 [INFO] PluginManage:359 - Loaded plugin memorymap (category:base,tabindex:4)
2023-12-04 14:48:36,209 [INFO] PluginManage:310 - Check plugin pinoutandconfiguration
2023-12-04 14:48:36,228 [INFO] PluginManage:359 - Loaded plugin pinoutandconfiguration (category:base,tabindex:1)
2023-12-04 14:48:36,229 [INFO] PluginManage:310 - Check plugin pinoutconfig
2023-12-04 14:48:36,312 [WARN] SupportedApi:132 - Cannot load RTOS API schema: s4s-elt-must-match.1: The content of 'definitions' must match (annotation?, (simpleType | complexType)?, (unique | key | keyref)*)). A problem was found starting at: attribute.
2023-12-04 14:48:36,452 [INFO] PluginManage:359 - Loaded plugin pinoutconfig (category:base,tabindex:0)
2023-12-04 14:48:36,453 [INFO] PluginManage:310 - Check plugin power
2023-12-04 14:48:36,469 [INFO] PluginManage:359 - Loaded plugin power (category:power,tabindex:4)
2023-12-04 14:48:36,470 [INFO] PluginManage:310 - Check plugin projectmanager
2023-12-04 14:48:36,484 [INFO] PluginManage:359 - Loaded plugin projectmanager (category:projectmanager,tabindex:3)
2023-12-04 14:48:36,485 [INFO] PluginManage:310 - Check plugin thirdparty
2023-12-04 14:48:36,698 [INFO] PluginManage:359 - Loaded plugin thirdparty (category:base,tabindex:-1)
2023-12-04 14:48:36,698 [WARN] IntegrityCheckThread:84 - waiting for thirdparty lock release [integrity check]
2023-12-04 14:48:36,699 [INFO] PluginManage:310 - Check plugin tools
2023-12-04 14:48:36,700 [INFO] IntegrityCheckThread:86 - entering critical section [integrity check]
2023-12-04 14:48:36,702 [INFO] ThirdPartyUpdaterWithRetryManager:70 - Updater plugin not ready yet. [1/15]
2023-12-04 14:48:36,727 [INFO] PluginManage:359 - Loaded plugin tools (category:base,tabindex:7)
2023-12-04 14:48:36,729 [INFO] PluginManage:310 - Check plugin tutovideos
2023-12-04 14:48:36,918 [INFO] PluginManage:359 - Loaded plugin tutovideos (category:base,tabindex:-1)
2023-12-04 14:48:36,919 [INFO] PluginManage:310 - Check plugin updater
2023-12-04 14:48:36,931 [INFO] PluginManage:359 - Loaded plugin updater (category:base,tabindex:12)
2023-12-04 14:48:36,933 [INFO] PluginManage:310 - Check plugin userauth
2023-12-04 14:48:36,938 [INFO] UserAuth:114 - Init User Auth plugin
2023-12-04 14:48:36,939 [INFO] PluginManage:359 - Loaded plugin userauth (category:base,tabindex:14)
2023-12-04 14:48:36,940 [INFO] PluginManage:283 - PluginManage : Loaded plugins [17]
2023-12-04 14:48:37,127 [INFO] PinOutPanel:1499 - setPackage(No Configuration,No Configuration)
2023-12-04 14:48:37,191 [INFO] CADModel:165 - CPN selected for project level
2023-12-04 14:48:37,192 [INFO] CADModel:114 - Register for checkConnection events
2023-12-04 14:48:37,213 [INFO] IPUIPlugin:80 - create IPUIPlugin
2023-12-04 14:48:37,214 [INFO] PluginManager:220 - loadIPPluginJar : add adc
2023-12-04 14:48:37,242 [INFO] IPUIPlugin:80 - create IPUIPlugin
2023-12-04 14:48:37,245 [INFO] PluginManager:220 - loadIPPluginJar : add aes
2023-12-04 14:48:37,276 [INFO] IPUIPlugin:80 - create IPUIPlugin
2023-12-04 14:48:37,277 [INFO] PluginManager:220 - loadIPPluginJar : add can
2023-12-04 14:48:37,294 [INFO] IPUIPlugin:80 - create IPUIPlugin
2023-12-04 14:48:37,295 [INFO] PluginManager:220 - loadIPPluginJar : add comp
2023-12-04 14:48:37,321 [INFO] IPUIPlugin:80 - create IPUIPlugin
2023-12-04 14:48:37,322 [INFO] PluginManager:220 - loadIPPluginJar : add cryp
2023-12-04 14:48:37,345 [INFO] IPUIPlugin:80 - create IPUIPlugin
2023-12-04 14:48:37,346 [INFO] PluginManager:220 - loadIPPluginJar : add dfsdm
2023-12-04 14:48:37,358 [INFO] IPUIPlugin:80 - create IPUIPlugin
2023-12-04 14:48:37,359 [INFO] PluginManager:220 - loadIPPluginJar : add dma
2023-12-04 14:48:37,392 [INFO] IPUIPlugin:80 - create IPUIPlugin
2023-12-04 14:48:37,393 [INFO] PluginManager:220 - loadIPPluginJar : add dma3
2023-12-04 14:48:37,409 [INFO] IPUIPlugin:80 - create IPUIPlugin
2023-12-04 14:48:37,410 [INFO] PluginManager:220 - loadIPPluginJar : add fatfs
2023-12-04 14:48:37,447 [INFO] IPUIPlugin:80 - create IPUIPlugin
2023-12-04 14:48:37,449 [INFO] PluginManager:220 - loadIPPluginJar : add fmc
2023-12-04 14:48:37,461 [INFO] IPUIPlugin:80 - create IPUIPlugin
2023-12-04 14:48:37,463 [INFO] PluginManager:220 - loadIPPluginJar : add freertos
2023-12-04 14:48:37,481 [INFO] IPUIPlugin:80 - create IPUIPlugin
2023-12-04 14:48:37,482 [INFO] PluginManager:220 - loadIPPluginJar : add genericplugin
2023-12-04 14:48:37,559 [INFO] IPUIPlugin:80 - create IPUIPlugin
2023-12-04 14:48:37,560 [INFO] PluginManager:220 - loadIPPluginJar : add gfxmmu
2023-12-04 14:48:37,650 [INFO] IPUIPlugin:80 - create IPUIPlugin
2023-12-04 14:48:37,651 [INFO] PluginManager:220 - loadIPPluginJar : add gic
2023-12-04 14:48:37,663 [INFO] IPUIPlugin:80 - create IPUIPlugin
2023-12-04 14:48:37,664 [INFO] PluginManager:220 - loadIPPluginJar : add gpio
2023-12-04 14:48:37,730 [INFO] IPUIPlugin:80 - create IPUIPlugin
2023-12-04 14:48:37,731 [INFO] PluginManager:220 - loadIPPluginJar : add gtzc
2023-12-04 14:48:37,757 [INFO] IPUIPlugin:80 - create IPUIPlugin
2023-12-04 14:48:37,758 [INFO] PluginManager:220 - loadIPPluginJar : add hash
2023-12-04 14:48:37,799 [INFO] IPUIPlugin:80 - create IPUIPlugin
2023-12-04 14:48:37,800 [INFO] PluginManager:220 - loadIPPluginJar : add i2c
2023-12-04 14:48:37,832 [INFO] IPUIPlugin:80 - create IPUIPlugin
2023-12-04 14:48:37,833 [INFO] PluginManager:220 - loadIPPluginJar : add i2s
2023-12-04 14:48:37,868 [INFO] IPUIPlugin:80 - create IPUIPlugin
2023-12-04 14:48:37,870 [INFO] PluginManager:220 - loadIPPluginJar : add i3c
2023-12-04 14:48:37,951 [INFO] IPUIPlugin:80 - create IPUIPlugin
2023-12-04 14:48:37,953 [INFO] PluginManager:220 - loadIPPluginJar : add ipddr
2023-12-04 14:48:38,022 [INFO] IPUIPlugin:80 - create IPUIPlugin
2023-12-04 14:48:38,023 [INFO] PluginManager:220 - loadIPPluginJar : add linkedlist
2023-12-04 14:48:38,051 [INFO] IPUIPlugin:80 - create IPUIPlugin
2023-12-04 14:48:38,052 [INFO] PluginManager:220 - loadIPPluginJar : add lorawan
2023-12-04 14:48:38,080 [INFO] IPUIPlugin:80 - create IPUIPlugin
2023-12-04 14:48:38,082 [INFO] PluginManager:220 - loadIPPluginJar : add ltdc
2023-12-04 14:48:38,096 [INFO] IPUIPlugin:80 - create IPUIPlugin
2023-12-04 14:48:38,097 [INFO] PluginManager:220 - loadIPPluginJar : add mdma
2023-12-04 14:48:38,107 [INFO] IPUIPlugin:80 - create IPUIPlugin
2023-12-04 14:48:38,108 [INFO] PluginManager:220 - loadIPPluginJar : add nvic
2023-12-04 14:48:38,138 [INFO] IPUIPlugin:80 - create IPUIPlugin
2023-12-04 14:48:38,140 [INFO] PluginManager:220 - loadIPPluginJar : add opamp
2023-12-04 14:48:38,188 [INFO] IPUIPlugin:80 - create IPUIPlugin
2023-12-04 14:48:38,189 [INFO] PluginManager:220 - loadIPPluginJar : add openamp
2023-12-04 14:48:38,225 [INFO] IPUIPlugin:80 - create IPUIPlugin
2023-12-04 14:48:38,226 [INFO] PluginManager:220 - loadIPPluginJar : add pdm2pcm
2023-12-04 14:48:38,238 [INFO] IPUIPlugin:80 - create IPUIPlugin
2023-12-04 14:48:38,243 [INFO] PluginManager:220 - loadIPPluginJar : add plateformsettings
2023-12-04 14:48:38,262 [INFO] IPUIPlugin:80 - create IPUIPlugin
2023-12-04 14:48:38,263 [INFO] PluginManager:220 - loadIPPluginJar : add quadspi
2023-12-04 14:48:38,275 [INFO] IPUIPlugin:80 - create IPUIPlugin
2023-12-04 14:48:38,276 [INFO] PluginManager:220 - loadIPPluginJar : add resmgrutility
2023-12-04 14:48:38,318 [INFO] IPUIPlugin:80 - create IPUIPlugin
2023-12-04 14:48:38,320 [INFO] PluginManager:220 - loadIPPluginJar : add sai
2023-12-04 14:48:38,351 [INFO] IPUIPlugin:80 - create IPUIPlugin
2023-12-04 14:48:38,353 [INFO] PluginManager:220 - loadIPPluginJar : add spi
2023-12-04 14:48:38,426 [INFO] IPUIPlugin:80 - create IPUIPlugin
2023-12-04 14:48:38,427 [INFO] PluginManager:220 - loadIPPluginJar : add stm32_wpan
2023-12-04 14:48:38,446 [INFO] IPUIPlugin:80 - create IPUIPlugin
2023-12-04 14:48:38,448 [INFO] PluginManager:220 - loadIPPluginJar : add tim
2023-12-04 14:48:38,494 [INFO] IPUIPlugin:80 - create IPUIPlugin
2023-12-04 14:48:38,496 [INFO] PluginManager:220 - loadIPPluginJar : add touchsensing
2023-12-04 14:48:38,514 [INFO] IPUIPlugin:80 - create IPUIPlugin
2023-12-04 14:48:38,516 [INFO] PluginManager:220 - loadIPPluginJar : add tracer_emb
2023-12-04 14:48:38,535 [INFO] IPUIPlugin:80 - create IPUIPlugin
2023-12-04 14:48:38,536 [INFO] PluginManager:220 - loadIPPluginJar : add ts
2023-12-04 14:48:38,555 [INFO] IPUIPlugin:80 - create IPUIPlugin
2023-12-04 14:48:38,556 [INFO] PluginManager:220 - loadIPPluginJar : add tsc
2023-12-04 14:48:38,576 [INFO] IPUIPlugin:80 - create IPUIPlugin
2023-12-04 14:48:38,577 [INFO] PluginManager:220 - loadIPPluginJar : add ucpd
2023-12-04 14:48:38,614 [INFO] IPUIPlugin:80 - create IPUIPlugin
2023-12-04 14:48:38,615 [INFO] PluginManager:220 - loadIPPluginJar : add usart
2023-12-04 14:48:38,650 [INFO] IPUIPlugin:80 - create IPUIPlugin
2023-12-04 14:48:38,651 [INFO] PluginManager:220 - loadIPPluginJar : add usbx
2023-12-04 14:48:38,786 [INFO] CADModel:165 - CPN selected for project level
2023-12-04 14:48:38,788 [INFO] CADModel:114 - Register for checkConnection events
2023-12-04 14:48:38,790 [FATAL] Updater:308 - Updater called before beeing initialized
2023-12-04 14:48:38,791 [ERROR] CADModel:125 - Updater not yet initialized, retry later 
2023-12-04 14:48:38,954 [INFO] CADModel:165 - CPN selected for project level
2023-12-04 14:48:38,955 [INFO] CADModel:114 - Register for checkConnection events
2023-12-04 14:48:38,956 [FATAL] Updater:308 - Updater called before beeing initialized
2023-12-04 14:48:38,957 [ERROR] CADModel:125 - Updater not yet initialized, retry later 
2023-12-04 14:48:38,961 [FATAL] Updater:308 - Updater called before beeing initialized
2023-12-04 14:48:39,067 [FATAL] Updater:308 - Updater called before beeing initialized
2023-12-04 14:48:39,075 [INFO] DbMcusAds:53 - JSON generation date=Thu Sep 30 02:55:09 EDT 2021 (1632984909247)
2023-12-04 14:48:39,076 [FATAL] Updater:308 - Updater called before beeing initialized
2023-12-04 14:48:39,152 [WARN] DetailPanel:346 - Failed to get advertising image, set to default
2023-12-04 14:48:39,282 [FATAL] Updater:308 - Updater called before beeing initialized
2023-12-04 14:48:39,286 [FATAL] Updater:308 - Updater called before beeing initialized
2023-12-04 14:48:39,288 [FATAL] Updater:308 - Updater called before beeing initialized
2023-12-04 14:48:39,289 [WARN] DetailPanel:346 - Failed to get advertising image, set to default
2023-12-04 14:48:39,290 [FATAL] Updater:308 - Updater called before beeing initialized
2023-12-04 14:48:39,341 [ERROR] Updater:1120 - MainUpdater not yet initialized. External WinMGr cannot be set.
2023-12-04 14:48:39,350 [INFO] Updater:1056 - Updater Version found : 6.10.0
2023-12-04 14:48:39,369 [INFO] ApplicationProperties:184 - Using Application install path: C:\ST\STM32CubeIDE_1.12.1\STM32CubeIDE\plugins\com.st.stm32cube.common.mx_6.10.0.202311202037
2023-12-04 14:48:39,703 [INFO] ThirdPartyUpdaterWithRetryManager:70 - Updater plugin not ready yet. [2/15]
2023-12-04 14:48:40,946 [ERROR] LogOutputStream:75 - [STDERR_REDIRECT] Dec 04, 2023 2:48:40 PM java.util.prefs.WindowsPreferences <init>
2023-12-04 14:48:40,949 [ERROR] LogOutputStream:75 - [STDERR_REDIRECT] WARNING: Could not open/create prefs root node Software\JavaSoft\Prefs at root 0xffffffff80000002. Windows RegCreateKeyEx(...) returned error code 5.
2023-12-04 14:48:40,950 [ERROR] LogOutputStream:75 - [STDERR_REDIRECT] 
2023-12-04 14:48:40,990 [INFO] MainUpdater:526 - Copy updater definitions from MX database
2023-12-04 14:48:41,449 [INFO] MainUpdater:2873 - connection check result : 10
2023-12-04 14:48:41,451 [INFO] MainUpdater:3567 - Updater definition file requires update
2023-12-04 14:48:41,453 [INFO] MainUpdater:290 - Updater Check For Update Now.
2023-12-04 14:48:41,454 [INFO] MicroXplorer:498 - Change Database Version : DB.6.0.100
2023-12-04 14:48:41,465 [INFO] McuFinderGlobals:63 - Set McuFinder mode to 2 (CubeIDE integrated)
2023-12-04 14:48:41,466 [INFO] UserAuth:180 - activating auth plugin
2023-12-04 14:48:41,469 [INFO] UserAuth:404 - Internet connection configuration mode: 1
2023-12-04 14:48:41,486 [INFO] JxBrowserEngine:152 - Initiate JxBrowser Engine with user profile folder
2023-12-04 14:48:41,523 [INFO] ServerAccessManage:473 - Download File updaters.zip
2023-12-04 14:48:41,606 [INFO] FileExtend:240 - Unzip File : updaters.zip
2023-12-04 14:48:41,607 [INFO] FileExtend:255 - Standard Zip Deflate
2023-12-04 14:48:41,883 [INFO] ServerAccessManage:473 - Download File PacksControlFlags.xml
2023-12-04 14:48:42,036 [INFO] ServerAccessManage:473 - Download File cubemx.pidx
2023-12-04 14:48:42,431 [INFO] ServerAccessManage:473 - Download File STMicroelectronics.FP-SNS-MOTENVWB1.pdsc
2023-12-04 14:48:42,678 [INFO] ServerAccessManage:473 - Download File STMicroelectronics.X-CUBE-ISPU.pdsc
2023-12-04 14:48:42,705 [WARN] MainUpdater:1194 - Updater busy. Cannot search thirdparties
2023-12-04 14:48:42,706 [INFO] ThirdPartyUpdaterWithRetryManager:96 - Updater plugin is busy. [1/15]
2023-12-04 14:48:43,095 [INFO] ServerAccessManage:473 - Download File STMicroelectronics.X-CUBE-TOF1.pdsc
2023-12-04 14:48:43,925 [ERROR] ServerAccessManage:1089 - Problem, file not found on Server
2023-12-04 14:48:44,085 [INFO] ServerAccessManage:473 - Download File STMicroelectronics.X-CUBE-AZRTOS-H7.pdsc
2023-12-04 14:48:44,700 [ERROR] ServerAccessManage:1096 - Problem, Http access forbiden
2023-12-04 14:48:44,702 [ERROR] ServerAccessManage:651 - Problem, Http access forbiden : RoweBots.I-CUBE-UNISONRTOS.pdsc.
2023-12-04 14:48:44,854 [WARN] PackLoader:240 - Cannot read IP mode file for STMicroelectronics.FP-SNS-MOTENVWB1.1.3.1
2023-12-04 14:48:44,864 [WARN] PackLoader:240 - Cannot read IP mode file for STMicroelectronics.X-CUBE-ISPU.2.0.0
2023-12-04 14:48:44,884 [WARN] PackLoader:240 - Cannot read IP mode file for STMicroelectronics.X-CUBE-TOF1.3.4.0
2023-12-04 14:48:44,932 [WARN] PackLoader:240 - Cannot read IP mode file for STMicroelectronics.X-CUBE-AZRTOS-H7.3.2.0
2023-12-04 14:48:44,939 [INFO] PopulateThirdPartyThread:66 - Ending populate Thread
2023-12-04 14:48:44,943 [INFO] ThirdParty:1030 - CMSIS Pack Vendor :STMicroelectronics FP-SNS-MOTENVWB1 1.3.1
2023-12-04 14:48:44,944 [INFO] ThirdParty:1030 - CMSIS Pack Vendor :STMicroelectronics X-CUBE-TOF1 3.4.0
2023-12-04 14:48:44,945 [INFO] ThirdParty:1030 - CMSIS Pack Vendor :STMicroelectronics X-CUBE-AZRTOS-H7 3.2.0
2023-12-04 14:48:44,946 [INFO] ThirdParty:1030 - CMSIS Pack Vendor :STMicroelectronics X-CUBE-ISPU 2.0.0
2023-12-04 14:48:44,947 [INFO] LoadServerUpdatesThread:375 - End of LoadServerUpdate Thread
2023-12-04 14:48:44,966 [INFO] CheckServerUpdateThread:120 - End of CheckServer Thread
2023-12-04 14:48:45,841 [WARN] PackLoader:240 - Cannot read IP mode file for STMicroelectronics.X-CUBE-SMBUS.2.1.0
2023-12-04 14:48:45,879 [WARN] PackLoader:240 - Cannot read IP mode file for STMicroelectronics.X-CUBE-AZRTOS-F7.1.1.0
2023-12-04 14:48:45,885 [INFO] WebApp:161 - Instantiating new browser for Auth
2023-12-04 14:48:45,900 [WARN] PackLoader:240 - Cannot read IP mode file for STMicroelectronics.FP-SNS-MOTENV1.4.3.2
2023-12-04 14:48:45,911 [WARN] PackLoader:240 - Cannot read IP mode file for STMicroelectronics.FP-SNS-FLIGHT1.5.0.2
2023-12-04 14:48:45,941 [WARN] PackLoader:240 - Cannot read IP mode file for STMicroelectronics.X-CUBE-DISPLAY.3.0.0
2023-12-04 14:48:45,976 [WARN] PackLoader:240 - Cannot read IP mode file for STMicroelectronics.X-CUBE-BLE1.7.0.0
2023-12-04 14:48:45,993 [WARN] PackLoader:240 - Cannot read IP mode file for emotas.I-CUBE-CANOPEN.1.3.0
2023-12-04 14:48:46,007 [WARN] PackLoader:240 - Cannot read IP mode file for STMicroelectronics.X-CUBE-TOUCHGFX.4.22.0
2023-12-04 14:48:46,021 [WARN] PackLoader:240 - Cannot read IP mode file for STMicroelectronics.X-CUBE-TOUCHGFX.4.22.1
2023-12-04 14:48:46,039 [WARN] PackLoader:240 - Cannot read IP mode file for STMicroelectronics.FP-SNS-SMARTAG2.1.2.0
2023-12-04 14:48:46,062 [INFO] LogOutputStream:77 - [STDOUT_REDIRECT] 1 : Invalid condition id : UX_CORESTACK_Condition cause : null
2023-12-04 14:48:46,065 [INFO] LogOutputStream:77 - [STDOUT_REDIRECT] 1 : Invalid condition id : UX_CORESTACK_Condition cause : null
2023-12-04 14:48:46,067 [INFO] LogOutputStream:77 - [STDOUT_REDIRECT] 1 : Invalid condition id : UX_CORESTACK_Condition cause : null
2023-12-04 14:48:46,069 [INFO] LogOutputStream:77 - [STDOUT_REDIRECT] 1 : Invalid condition id : UX_CORESTACK_Condition cause : null
2023-12-04 14:48:46,072 [INFO] LogOutputStream:77 - [STDOUT_REDIRECT] 1 : Invalid condition id : UX_CORESTACK_Condition cause : null
2023-12-04 14:48:46,076 [WARN] PackLoader:240 - Cannot read IP mode file for STMicroelectronics.X-CUBE-AZRTOS-WL.2.0.0
2023-12-04 14:48:46,090 [WARN] PackLoader:240 - Cannot read IP mode file for WES.I-CUBE-Cesium.1.3.0
2023-12-04 14:48:46,101 [WARN] PackLoader:240 - Cannot read IP mode file for STMicroelectronics.X-CUBE-BLE2.3.3.0
2023-12-04 14:48:46,117 [WARN] PackLoader:240 - Cannot read IP mode file for STMicroelectronics.X-CUBE-ALGOBUILD.1.3.0
2023-12-04 14:48:46,147 [WARN] PackLoader:240 - Cannot read IP mode file for STMicroelectronics.X-CUBE-AZRTOS-G0.1.1.0
2023-12-04 14:48:46,162 [WARN] PackLoader:240 - Cannot read IP mode file for STMicroelectronics.X-CUBE-NFC4.3.0.0
2023-12-04 14:48:46,180 [WARN] PackLoader:240 - Cannot read IP mode file for STMicroelectronics.X-CUBE-BLEMGR.3.0.0
2023-12-04 14:48:46,188 [WARN] PackLoader:240 - Cannot read IP mode file for STMicroelectronics.FP-ATR-SIGFOX1.3.2.0
2023-12-04 14:48:46,232 [WARN] PackLoader:240 - Cannot read IP mode file for SEGGER.I-CUBE-embOS.1.3.1
2023-12-04 14:48:46,292 [WARN] PackLoader:240 - Cannot read IP mode file for STMicroelectronics.X-CUBE-GNSS1.6.0.0
2023-12-04 14:48:46,317 [WARN] PackLoader:240 - Cannot read IP mode file for STMicroelectronics.X-CUBE-AZRTOS-F4.1.1.0
2023-12-04 14:48:46,331 [WARN] PackLoader:240 - Cannot read IP mode file for wolfSSL.I-CUBE-wolfSSL.5.6.3
2023-12-04 14:48:46,358 [WARN] PackLoader:240 - Cannot read IP mode file for STMicroelectronics.X-CUBE-AZRTOS-L5.2.0.0
2023-12-04 14:48:46,405 [WARN] PackLoader:240 - Cannot read IP mode file for STMicroelectronics.X-CUBE-MEMS1.9.6.0
2023-12-04 14:48:46,582 [WARN] PackLoader:240 - Cannot read IP mode file for STMicroelectronics.X-CUBE-EEPRMA1.4.2.0
2023-12-04 14:48:46,594 [WARN] PackLoader:240 - Cannot read IP mode file for ITTIA_DB.I-CUBE-ITTIADB.8.8.0
2023-12-04 14:48:46,607 [WARN] PackLoader:240 - Cannot read IP mode file for STMicroelectronics.X-CUBE-BLEMGR.2.0.0
2023-12-04 14:48:46,632 [WARN] ConditionMgr:438 - getConditionDescription Invalid condition id : UX DEVICE CLASS RTOS Condition cause : null
2023-12-04 14:48:46,634 [WARN] ConditionMgr:438 - getConditionDescription Invalid condition id : UX DEVICE CLASS RTOS Condition cause : null
2023-12-04 14:48:46,637 [WARN] PackLoader:240 - Cannot read IP mode file for STMicroelectronics.X-CUBE-AZRTOS-H7.3.1.0
2023-12-04 14:48:46,639 [WARN] ConditionMgr:1039 - genDependencies : Invalid condition id : UX DEVICE CLASS RTOS Condition cause : null
2023-12-04 14:48:46,640 [WARN] ConditionMgr:1039 - genDependencies : Invalid condition id : UX DEVICE CLASS RTOS Condition cause : null
2023-12-04 14:48:46,642 [WARN] ConditionMgr:1039 - genDependencies : Invalid condition id : UX DEVICE CLASS RTOS Condition cause : null
2023-12-04 14:48:46,643 [WARN] ConditionMgr:1039 - genDependencies : Invalid condition id : UX DEVICE CLASS RTOS Condition cause : null
2023-12-04 14:48:46,644 [WARN] ConditionMgr:1039 - genDependencies : Invalid condition id : UX DEVICE CLASS RTOS Condition cause : null
2023-12-04 14:48:46,660 [WARN] PackLoader:240 - Cannot read IP mode file for STMicroelectronics.X-CUBE-NFC7.1.0.1
2023-12-04 14:48:46,673 [WARN] PackLoader:240 - Cannot read IP mode file for STMicroelectronics.X-CUBE-NFC6.3.0.0
2023-12-04 14:48:46,685 [WARN] PackLoader:240 - Cannot read IP mode file for STMicroelectronics.X-CUBE-EEPRMA1.4.1.0
2023-12-04 14:48:46,697 [WARN] PackLoader:240 - Cannot read IP mode file for STMicroelectronics.X-CUBE-AI.8.1.0
2023-12-04 14:48:46,724 [WARN] ConditionMgr:438 - getConditionDescription Invalid condition id : LAN8742 Phy interface Condition cause : null
2023-12-04 14:48:46,726 [WARN] PackLoader:240 - Cannot read IP mode file for STMicroelectronics.X-CUBE-AZRTOS-L4.2.0.0
2023-12-04 14:48:46,728 [WARN] ConditionMgr:1039 - genDependencies : Invalid condition id : LAN8742 Phy interface Condition cause : null
2023-12-04 14:48:46,729 [WARN] ConditionMgr:1039 - genDependencies : Invalid condition id : LAN8742 Phy interface Condition cause : null
2023-12-04 14:48:46,731 [WARN] ConditionMgr:1039 - genDependencies : Invalid condition id : LAN8742 Phy interface Condition cause : null
2023-12-04 14:48:46,743 [WARN] PackLoader:240 - Cannot read IP mode file for STMicroelectronics.X-CUBE-SFXS2LP1.4.0.0
2023-12-04 14:48:46,750 [INFO] WebApp:780 - Register for checkConnection events
2023-12-04 14:48:46,752 [INFO] WebApp:414 - Apply proxy settings
2023-12-04 14:48:46,753 [INFO] WebApp:499 - Chromium requires no authentication
2023-12-04 14:48:46,754 [WARN] PackLoader:240 - Cannot read IP mode file for STMicroelectronics.X-CUBE-ISPU.1.1.0
2023-12-04 14:48:46,766 [INFO] WebApp:442 - Direct internet connection detected
2023-12-04 14:48:46,774 [WARN] ConditionMgr:438 - getConditionDescription Invalid condition id : UX DEVICE CLASS RTOS Condition cause : null
2023-12-04 14:48:46,775 [WARN] ConditionMgr:438 - getConditionDescription Invalid condition id : UX DEVICE CLASS RTOS Condition cause : null
2023-12-04 14:48:46,777 [WARN] PackLoader:240 - Cannot read IP mode file for STMicroelectronics.X-CUBE-AZRTOS-WB.2.0.0
2023-12-04 14:48:46,779 [WARN] ConditionMgr:1039 - genDependencies : Invalid condition id : UX DEVICE CLASS RTOS Condition cause : null
2023-12-04 14:48:46,780 [WARN] ConditionMgr:1039 - genDependencies : Invalid condition id : UX DEVICE CLASS RTOS Condition cause : null
2023-12-04 14:48:46,781 [WARN] ConditionMgr:1039 - genDependencies : Invalid condition id : UX DEVICE CLASS RTOS Condition cause : null
2023-12-04 14:48:46,782 [WARN] ConditionMgr:1039 - genDependencies : Invalid condition id : UX DEVICE CLASS RTOS Condition cause : null
2023-12-04 14:48:46,784 [WARN] ConditionMgr:1039 - genDependencies : Invalid condition id : UX DEVICE CLASS RTOS Condition cause : null
2023-12-04 14:48:46,799 [WARN] PackLoader:240 - Cannot read IP mode file for STMicroelectronics.X-CUBE-SUBG2.5.0.0
2023-12-04 14:48:46,824 [WARN] PackLoader:240 - Cannot read IP mode file for STMicroelectronics.X-CUBE-TOF1.3.3.1
2023-12-04 14:48:46,851 [WARN] PackLoader:240 - Cannot read IP mode file for STMicroelectronics.X-CUBE-AZRTOS-G4.2.0.0
2023-12-04 14:48:46,870 [WARN] PackLoader:240 - Cannot read IP mode file for Infineon.AIROC-Wi-Fi-Bluetooth-STM32.1.5.1
2023-12-04 14:48:46,878 [WARN] PackLoader:240 - Cannot read IP mode file for STMicroelectronics.FP-SNS-MOTENVWB1.1.3.0
2023-12-04 14:48:46,881 [WARN] PackLoader:240 - Cannot read IP mode file for STMicroelectronics.FP-SNS-MOTENVWB1.1.3.1
2023-12-04 14:48:46,885 [WARN] PackLoader:240 - Cannot read IP mode file for STMicroelectronics.X-CUBE-ISPU.2.0.0
2023-12-04 14:48:46,930 [WARN] PackLoader:240 - Cannot read IP mode file for STMicroelectronics.X-CUBE-MEMS1.10.0.0
2023-12-04 14:48:47,015 [WARN] PackLoader:240 - Cannot read IP mode file for STMicroelectronics.X-CUBE-FREERTOS.1.1.0
2023-12-04 14:48:47,029 [WARN] PackLoader:240 - Cannot read IP mode file for portGmbH.I-Cube-SoM-uGOAL.1.1.0
2023-12-04 14:48:47,040 [WARN] PackLoader:240 - Cannot read IP mode file for STMicroelectronics.X-CUBE-ALS.1.0.1
2023-12-04 14:48:47,050 [WARN] PackLoader:240 - Cannot read IP mode file for STMicroelectronics.FP-ATR-ASTRA1.2.0.0
2023-12-04 14:48:47,060 [INFO] WebApp:192 - Starting web application
2023-12-04 14:48:47,060 [WARN] PackLoader:240 - Cannot read IP mode file for STMicroelectronics.X-CUBE-TOF1.3.4.0
2023-12-04 14:48:47,061 [INFO] WebApp:544 - Web application path used C:\ST\STM32CubeIDE_1.12.1\STM32CubeIDE\plugins\com.st.stm32cube.common.mx_6.10.0.202311202037\db\plugins\mcufinder\reactClient1\index.html
2023-12-04 14:48:47,099 [WARN] PackLoader:240 - Cannot read IP mode file for STMicroelectronics.X-CUBE-AZRTOS-H7.3.2.0
2023-12-04 14:48:47,105 [INFO] ThirdParty:978 - Integrity check success = true
2023-12-04 14:48:47,106 [INFO] IntegrityCheckThread:100 - exiting critical section [integrity check]
2023-12-04 14:48:47,107 [INFO] IntegrityCheckThread:103 - End integrity checks thread
2023-12-04 14:49:31,825 [ERROR] LogOutputStream:75 - [STDERR_REDIRECT] 
