2023-11-17 15:03:02,371 [INFO] Activator:176 - 


2023-11-17 15:03:02,371 [INFO] Activator:177 - !SESSION log4j initialized
2023-11-17 15:03:04,236 [INFO] LogOutputStream:77 - [STDOUT_REDIRECT] 
2023-11-17 15:03:05,546 [INFO] ApplicationProperties:184 - Using Application install path: C:\ST\STM32CubeIDE_1.12.1\STM32CubeIDE\plugins\com.st.stm32cube.common.mx_6.9.2.202309101412
2023-11-17 15:03:05,565 [INFO] DbMcusXml:78 - Set database path to: C:\ST\STM32CubeIDE_1.12.1\STM32CubeIDE\plugins\com.st.stm32cube.common.mx_6.9.2.202309101412\\db\/mcu/
2023-11-17 15:03:05,567 [INFO] ApiDb:274 - Set plugin database path to: C:\ST\STM32CubeIDE_1.12.1\STM32CubeIDE\plugins\com.st.stm32cube.common.mx_6.9.2.202309101412\\db\/plugins/boardmanager/
2023-11-17 15:03:05,568 [WARN] ApiDb:259 - Overriding images path with different value:  => C:\ST\STM32CubeIDE_1.12.1\STM32CubeIDE\plugins\com.st.stm32cube.common.mx_6.9.2.202309101412\\db\/plugins/mcufinder/images/
2023-11-17 15:03:05,578 [INFO] ApiDb:250 - Set database path to: C:\Users\kgoenka\.stmcufinder\plugins\mcufinder//mcu/
2023-11-17 15:03:05,581 [INFO] DbMcusAds:125 - Set database path to: C:\Users\kgoenka\.stmcufinder\plugins\mcufinder//mcu/
2023-11-17 15:03:05,584 [INFO] CrossReferenceDbSqlite:203 - Set database path to: C:\Users\kgoenka\.stmcufinder\plugins\mcufinder//mcu/cs/
2023-11-17 15:03:05,680 [INFO] RulesReader:64 - Compatibility file has been processed (293 Rules)
2023-11-17 15:03:05,743 [INFO] DbMcusXml:78 - Set database path to: C:\ST\STM32CubeIDE_1.12.1\STM32CubeIDE\plugins\com.st.stm32cube.common.mx_6.9.2.202309101412\\db\/mcu/
2023-11-17 15:03:05,744 [INFO] ApiDb:274 - Set plugin database path to: C:\ST\STM32CubeIDE_1.12.1\STM32CubeIDE\plugins\com.st.stm32cube.common.mx_6.9.2.202309101412\\db\/plugins/boardmanager/
2023-11-17 15:03:05,746 [INFO] ApiDb:261 - Set plugin images path to: C:\ST\STM32CubeIDE_1.12.1\STM32CubeIDE\plugins\com.st.stm32cube.common.mx_6.9.2.202309101412\\db\/plugins/mcufinder/images/
2023-11-17 15:03:05,747 [WARN] DbFile:41 - Overriding database path with different value: C:\Users\kgoenka\.stmcufinder\plugins\mcufinder/ => C:\Users\kgoenka\.stmcufinder\plugins\mcufinder
2023-11-17 15:03:05,748 [INFO] ApiDb:250 - Set database path to: C:\Users\kgoenka\.stmcufinder\plugins\mcufinder//mcu/
2023-11-17 15:03:05,750 [WARN] DbFile:41 - Overriding database path with different value: C:\Users\kgoenka\.stmcufinder\plugins\mcufinder/ => C:\Users\kgoenka\.stmcufinder\plugins\mcufinder
2023-11-17 15:03:05,751 [INFO] DbMcusAds:125 - Set database path to: C:\Users\kgoenka\.stmcufinder\plugins\mcufinder//mcu/
2023-11-17 15:03:05,752 [WARN] DbFile:41 - Overriding database path with different value: C:\Users\kgoenka\.stmcufinder\plugins\mcufinder/ => C:\Users\kgoenka\.stmcufinder\plugins\mcufinder
2023-11-17 15:03:05,754 [WARN] DbFile:41 - Overriding database path with different value: C:\Users\kgoenka\.stmcufinder\plugins\mcufinder/ => C:\Users\kgoenka\.stmcufinder\plugins\mcufinder
2023-11-17 15:03:05,755 [INFO] CrossReferenceDbSqlite:203 - Set database path to: C:\Users\kgoenka\.stmcufinder\plugins\mcufinder//mcu/cs/
2023-11-17 15:03:05,813 [INFO] MainPanel:262 - HeapMemory: 268435456
2023-11-17 15:03:05,867 [INFO] DbMcusXml:78 - Set database path to: C:\ST\STM32CubeIDE_1.12.1\STM32CubeIDE\plugins\com.st.stm32cube.common.mx_6.9.2.202309101412\\db\/mcu/
2023-11-17 15:03:05,869 [INFO] ApiDb:274 - Set plugin database path to: C:\ST\STM32CubeIDE_1.12.1\STM32CubeIDE\plugins\com.st.stm32cube.common.mx_6.9.2.202309101412\\db\/plugins/boardmanager/
2023-11-17 15:03:05,870 [INFO] ApiDb:261 - Set plugin images path to: C:\ST\STM32CubeIDE_1.12.1\STM32CubeIDE\plugins\com.st.stm32cube.common.mx_6.9.2.202309101412\\db\/plugins/mcufinder/images/
2023-11-17 15:03:05,872 [WARN] DbFile:41 - Overriding database path with different value: C:\Users\kgoenka\.stmcufinder\plugins\mcufinder/ => C:\Users\kgoenka\.stmcufinder\plugins\mcufinder
2023-11-17 15:03:05,873 [INFO] ApiDb:250 - Set database path to: C:\Users\kgoenka\.stmcufinder\plugins\mcufinder//mcu/
2023-11-17 15:03:05,875 [WARN] DbFile:41 - Overriding database path with different value: C:\Users\kgoenka\.stmcufinder\plugins\mcufinder/ => C:\Users\kgoenka\.stmcufinder\plugins\mcufinder
2023-11-17 15:03:05,876 [INFO] DbMcusAds:125 - Set database path to: C:\Users\kgoenka\.stmcufinder\plugins\mcufinder//mcu/
2023-11-17 15:03:05,878 [WARN] DbFile:41 - Overriding database path with different value: C:\Users\kgoenka\.stmcufinder\plugins\mcufinder/ => C:\Users\kgoenka\.stmcufinder\plugins\mcufinder
2023-11-17 15:03:05,880 [WARN] DbFile:41 - Overriding database path with different value: C:\Users\kgoenka\.stmcufinder\plugins\mcufinder/ => C:\Users\kgoenka\.stmcufinder\plugins\mcufinder
2023-11-17 15:03:05,881 [INFO] CrossReferenceDbSqlite:203 - Set database path to: C:\Users\kgoenka\.stmcufinder\plugins\mcufinder//mcu/cs/
2023-11-17 15:03:05,905 [INFO] ApplicationProperties:184 - Using Application install path: C:\ST\STM32CubeIDE_1.12.1\STM32CubeIDE\plugins\com.st.stm32cube.common.mx_6.9.2.202309101412
2023-11-17 15:03:05,908 [INFO] PluginManage:196 - Search for loadable plugins [exclusion list=, ]
2023-11-17 15:03:05,910 [INFO] PluginManage:310 - Check plugin analytics
2023-11-17 15:03:06,044 [INFO] AnalyticsPlugin:253 - Accepted Software Licenses: 
2023-11-17 15:03:06,045 [INFO] AnalyticsPlugin:255 - Accepted CMSIS Pack Licenses: 
2023-11-17 15:03:06,047 [INFO] AnalyticsPlugin:257 - Accepted Firmware Licenses: 
2023-11-17 15:03:06,051 [INFO] PluginManage:359 - Loaded plugin analytics (category:tool,tabindex:-1)
2023-11-17 15:03:06,052 [INFO] PluginManage:310 - Check plugin cadmodel
2023-11-17 15:03:06,056 [INFO] CADModel:105 - Init CAD model plugin
2023-11-17 15:03:06,058 [INFO] PluginManage:359 - Loaded plugin cadmodel (category:power,tabindex:5)
2023-11-17 15:03:06,059 [INFO] PluginManage:310 - Check plugin clock
2023-11-17 15:03:06,068 [INFO] PluginManage:359 - Loaded plugin clock (category:base,tabindex:2)
2023-11-17 15:03:06,070 [INFO] PluginManage:310 - Check plugin ddr
2023-11-17 15:03:06,073 [INFO] PluginManage:359 - Loaded plugin ddr (category:tool,tabindex:6)
2023-11-17 15:03:06,074 [INFO] PluginManage:310 - Check plugin filemanager
2023-11-17 15:03:06,181 [INFO] PluginManage:359 - Loaded plugin filemanager (category:base,tabindex:10)
2023-11-17 15:03:06,182 [INFO] PluginManage:310 - Check plugin ipmanager
2023-11-17 15:03:06,189 [INFO] PluginManage:359 - Loaded plugin ipmanager (category:base,tabindex:5)
2023-11-17 15:03:06,193 [INFO] PluginManage:310 - Check plugin lpbam
2023-11-17 15:03:06,200 [INFO] PluginManage:359 - Loaded plugin lpbam (category:base,tabindex:0)
2023-11-17 15:03:06,201 [INFO] PluginManage:310 - Check plugin memorymap
2023-11-17 15:03:06,210 [INFO] PluginManage:359 - Loaded plugin memorymap (category:base,tabindex:4)
2023-11-17 15:03:06,212 [INFO] PluginManage:310 - Check plugin pinoutandconfiguration
2023-11-17 15:03:06,219 [INFO] PluginManage:359 - Loaded plugin pinoutandconfiguration (category:base,tabindex:1)
2023-11-17 15:03:06,220 [INFO] PluginManage:310 - Check plugin pinoutconfig
2023-11-17 15:03:06,288 [WARN] SupportedApi:132 - Cannot load RTOS API schema: s4s-elt-must-match.1: The content of 'definitions' must match (annotation?, (simpleType | complexType)?, (unique | key | keyref)*)). A problem was found starting at: attribute.
2023-11-17 15:03:06,422 [INFO] PluginManage:359 - Loaded plugin pinoutconfig (category:base,tabindex:0)
2023-11-17 15:03:06,423 [INFO] PluginManage:310 - Check plugin power
2023-11-17 15:03:06,432 [INFO] PluginManage:359 - Loaded plugin power (category:power,tabindex:4)
2023-11-17 15:03:06,434 [INFO] PluginManage:310 - Check plugin projectmanager
2023-11-17 15:03:06,447 [INFO] PluginManage:359 - Loaded plugin projectmanager (category:projectmanager,tabindex:3)
2023-11-17 15:03:06,449 [INFO] PluginManage:310 - Check plugin thirdparty
2023-11-17 15:03:06,540 [INFO] PluginManage:359 - Loaded plugin thirdparty (category:base,tabindex:-1)
2023-11-17 15:03:06,540 [WARN] IntegrityCheckThread:84 - waiting for thirdparty lock release [integrity check]
2023-11-17 15:03:06,542 [INFO] PluginManage:310 - Check plugin tools
2023-11-17 15:03:06,543 [INFO] IntegrityCheckThread:86 - entering critical section [integrity check]
2023-11-17 15:03:06,547 [INFO] ThirdPartyUpdaterWithRetryManager:70 - Updater plugin not ready yet. [1/15]
2023-11-17 15:03:06,548 [INFO] PluginManage:359 - Loaded plugin tools (category:base,tabindex:7)
2023-11-17 15:03:06,550 [INFO] PluginManage:310 - Check plugin tutovideos
2023-11-17 15:03:06,696 [INFO] PluginManage:359 - Loaded plugin tutovideos (category:base,tabindex:-1)
2023-11-17 15:03:06,700 [INFO] PluginManage:310 - Check plugin updater
2023-11-17 15:03:06,710 [INFO] PluginManage:359 - Loaded plugin updater (category:base,tabindex:12)
2023-11-17 15:03:06,714 [INFO] PluginManage:310 - Check plugin userauth
2023-11-17 15:03:06,719 [INFO] UserAuth:113 - Init User Auth plugin
2023-11-17 15:03:06,721 [INFO] PluginManage:359 - Loaded plugin userauth (category:base,tabindex:14)
2023-11-17 15:03:06,723 [INFO] PluginManage:283 - PluginManage : Loaded plugins [17]
2023-11-17 15:03:06,896 [INFO] PinOutPanel:1499 - setPackage(No Configuration,No Configuration)
2023-11-17 15:03:06,975 [INFO] CADModel:165 - CPN selected for project level
2023-11-17 15:03:06,979 [INFO] CADModel:114 - Register for checkConnection events
2023-11-17 15:03:06,992 [INFO] IPUIPlugin:80 - create IPUIPlugin
2023-11-17 15:03:06,995 [INFO] PluginManager:220 - loadIPPluginJar : add adc
2023-11-17 15:03:07,000 [INFO] IPUIPlugin:80 - create IPUIPlugin
2023-11-17 15:03:07,127 [INFO] PluginManager:220 - loadIPPluginJar : add aes
2023-11-17 15:03:07,133 [INFO] IPUIPlugin:80 - create IPUIPlugin
2023-11-17 15:03:07,135 [INFO] PluginManager:220 - loadIPPluginJar : add can
2023-11-17 15:03:07,139 [INFO] IPUIPlugin:80 - create IPUIPlugin
2023-11-17 15:03:07,140 [INFO] PluginManager:220 - loadIPPluginJar : add comp
2023-11-17 15:03:07,146 [INFO] IPUIPlugin:80 - create IPUIPlugin
2023-11-17 15:03:07,150 [INFO] PluginManager:220 - loadIPPluginJar : add cryp
2023-11-17 15:03:07,155 [INFO] IPUIPlugin:80 - create IPUIPlugin
2023-11-17 15:03:07,157 [INFO] PluginManager:220 - loadIPPluginJar : add dfsdm
2023-11-17 15:03:07,164 [INFO] IPUIPlugin:80 - create IPUIPlugin
2023-11-17 15:03:07,166 [INFO] PluginManager:220 - loadIPPluginJar : add dma
2023-11-17 15:03:07,170 [INFO] IPUIPlugin:80 - create IPUIPlugin
2023-11-17 15:03:07,171 [INFO] PluginManager:220 - loadIPPluginJar : add dma3
2023-11-17 15:03:07,174 [INFO] IPUIPlugin:80 - create IPUIPlugin
2023-11-17 15:03:07,176 [INFO] PluginManager:220 - loadIPPluginJar : add fatfs
2023-11-17 15:03:07,181 [INFO] IPUIPlugin:80 - create IPUIPlugin
2023-11-17 15:03:07,185 [INFO] PluginManager:220 - loadIPPluginJar : add fmc
2023-11-17 15:03:07,191 [INFO] IPUIPlugin:80 - create IPUIPlugin
2023-11-17 15:03:07,193 [INFO] PluginManager:220 - loadIPPluginJar : add freertos
2023-11-17 15:03:07,196 [INFO] IPUIPlugin:80 - create IPUIPlugin
2023-11-17 15:03:07,197 [INFO] PluginManager:220 - loadIPPluginJar : add genericplugin
2023-11-17 15:03:07,202 [INFO] IPUIPlugin:80 - create IPUIPlugin
2023-11-17 15:03:07,203 [INFO] PluginManager:220 - loadIPPluginJar : add gfxmmu
2023-11-17 15:03:07,209 [INFO] IPUIPlugin:80 - create IPUIPlugin
2023-11-17 15:03:07,211 [INFO] PluginManager:220 - loadIPPluginJar : add gic
2023-11-17 15:03:07,215 [INFO] IPUIPlugin:80 - create IPUIPlugin
2023-11-17 15:03:07,217 [INFO] PluginManager:220 - loadIPPluginJar : add gpio
2023-11-17 15:03:07,223 [INFO] IPUIPlugin:80 - create IPUIPlugin
2023-11-17 15:03:07,225 [INFO] PluginManager:220 - loadIPPluginJar : add gtzc
2023-11-17 15:03:07,227 [INFO] IPUIPlugin:80 - create IPUIPlugin
2023-11-17 15:03:07,229 [INFO] PluginManager:220 - loadIPPluginJar : add hash
2023-11-17 15:03:07,232 [INFO] IPUIPlugin:80 - create IPUIPlugin
2023-11-17 15:03:07,235 [INFO] PluginManager:220 - loadIPPluginJar : add i2c
2023-11-17 15:03:07,241 [INFO] IPUIPlugin:80 - create IPUIPlugin
2023-11-17 15:03:07,243 [INFO] PluginManager:220 - loadIPPluginJar : add i2s
2023-11-17 15:03:07,246 [INFO] IPUIPlugin:80 - create IPUIPlugin
2023-11-17 15:03:07,247 [INFO] PluginManager:220 - loadIPPluginJar : add i3c
2023-11-17 15:03:07,251 [INFO] IPUIPlugin:80 - create IPUIPlugin
2023-11-17 15:03:07,252 [INFO] PluginManager:220 - loadIPPluginJar : add ipddr
2023-11-17 15:03:07,258 [INFO] IPUIPlugin:80 - create IPUIPlugin
2023-11-17 15:03:07,260 [INFO] PluginManager:220 - loadIPPluginJar : add linkedlist
2023-11-17 15:03:07,263 [INFO] IPUIPlugin:80 - create IPUIPlugin
2023-11-17 15:03:07,265 [INFO] PluginManager:220 - loadIPPluginJar : add lorawan
2023-11-17 15:03:07,268 [INFO] IPUIPlugin:80 - create IPUIPlugin
2023-11-17 15:03:07,269 [INFO] PluginManager:220 - loadIPPluginJar : add ltdc
2023-11-17 15:03:07,275 [INFO] IPUIPlugin:80 - create IPUIPlugin
2023-11-17 15:03:07,276 [INFO] PluginManager:220 - loadIPPluginJar : add mdma
2023-11-17 15:03:07,280 [INFO] IPUIPlugin:80 - create IPUIPlugin
2023-11-17 15:03:07,282 [INFO] PluginManager:220 - loadIPPluginJar : add nvic
2023-11-17 15:03:07,285 [INFO] IPUIPlugin:80 - create IPUIPlugin
2023-11-17 15:03:07,286 [INFO] PluginManager:220 - loadIPPluginJar : add opamp
2023-11-17 15:03:07,290 [INFO] IPUIPlugin:80 - create IPUIPlugin
2023-11-17 15:03:07,291 [INFO] PluginManager:220 - loadIPPluginJar : add openamp
2023-11-17 15:03:07,295 [INFO] IPUIPlugin:80 - create IPUIPlugin
2023-11-17 15:03:07,296 [INFO] PluginManager:220 - loadIPPluginJar : add pdm2pcm
2023-11-17 15:03:07,302 [INFO] IPUIPlugin:80 - create IPUIPlugin
2023-11-17 15:03:07,306 [INFO] PluginManager:220 - loadIPPluginJar : add plateformsettings
2023-11-17 15:03:07,308 [INFO] IPUIPlugin:80 - create IPUIPlugin
2023-11-17 15:03:07,310 [INFO] PluginManager:220 - loadIPPluginJar : add quadspi
2023-11-17 15:03:07,313 [INFO] IPUIPlugin:80 - create IPUIPlugin
2023-11-17 15:03:07,315 [INFO] PluginManager:220 - loadIPPluginJar : add resmgrutility
2023-11-17 15:03:07,319 [INFO] IPUIPlugin:80 - create IPUIPlugin
2023-11-17 15:03:07,320 [INFO] PluginManager:220 - loadIPPluginJar : add sai
2023-11-17 15:03:07,324 [INFO] IPUIPlugin:80 - create IPUIPlugin
2023-11-17 15:03:07,325 [INFO] PluginManager:220 - loadIPPluginJar : add spi
2023-11-17 15:03:07,330 [INFO] IPUIPlugin:80 - create IPUIPlugin
2023-11-17 15:03:07,331 [INFO] PluginManager:220 - loadIPPluginJar : add stm32_wpan
2023-11-17 15:03:07,334 [INFO] IPUIPlugin:80 - create IPUIPlugin
2023-11-17 15:03:07,335 [INFO] PluginManager:220 - loadIPPluginJar : add tim
2023-11-17 15:03:07,339 [INFO] IPUIPlugin:80 - create IPUIPlugin
2023-11-17 15:03:07,340 [INFO] PluginManager:220 - loadIPPluginJar : add touchsensing
2023-11-17 15:03:07,343 [INFO] IPUIPlugin:80 - create IPUIPlugin
2023-11-17 15:03:07,344 [INFO] PluginManager:220 - loadIPPluginJar : add tracer_emb
2023-11-17 15:03:07,347 [INFO] IPUIPlugin:80 - create IPUIPlugin
2023-11-17 15:03:07,348 [INFO] PluginManager:220 - loadIPPluginJar : add ts
2023-11-17 15:03:07,351 [INFO] IPUIPlugin:80 - create IPUIPlugin
2023-11-17 15:03:07,352 [INFO] PluginManager:220 - loadIPPluginJar : add tsc
2023-11-17 15:03:07,355 [INFO] IPUIPlugin:80 - create IPUIPlugin
2023-11-17 15:03:07,357 [INFO] PluginManager:220 - loadIPPluginJar : add ucpd
2023-11-17 15:03:07,361 [INFO] IPUIPlugin:80 - create IPUIPlugin
2023-11-17 15:03:07,362 [INFO] PluginManager:220 - loadIPPluginJar : add usart
2023-11-17 15:03:07,366 [INFO] IPUIPlugin:80 - create IPUIPlugin
2023-11-17 15:03:07,368 [INFO] PluginManager:220 - loadIPPluginJar : add usbx
2023-11-17 15:03:07,486 [INFO] CADModel:165 - CPN selected for project level
2023-11-17 15:03:07,488 [INFO] CADModel:114 - Register for checkConnection events
2023-11-17 15:03:07,490 [FATAL] Updater:308 - Updater called before beeing initialized
2023-11-17 15:03:07,492 [ERROR] CADModel:125 - Updater not yet initialized, retry later 
2023-11-17 15:03:07,602 [INFO] CADModel:165 - CPN selected for project level
2023-11-17 15:03:07,606 [INFO] CADModel:114 - Register for checkConnection events
2023-11-17 15:03:07,607 [FATAL] Updater:308 - Updater called before beeing initialized
2023-11-17 15:03:07,609 [ERROR] CADModel:125 - Updater not yet initialized, retry later 
2023-11-17 15:03:07,615 [FATAL] Updater:308 - Updater called before beeing initialized
2023-11-17 15:03:07,693 [FATAL] Updater:308 - Updater called before beeing initialized
2023-11-17 15:03:07,699 [INFO] DbMcusAds:53 - JSON generation date=Thu Sep 30 02:55:09 EDT 2021 (1632984909247)
2023-11-17 15:03:07,700 [FATAL] Updater:308 - Updater called before beeing initialized
2023-11-17 15:03:07,729 [WARN] DetailPanel:346 - Failed to get advertising image, set to default
2023-11-17 15:03:07,806 [FATAL] Updater:308 - Updater called before beeing initialized
2023-11-17 15:03:07,809 [FATAL] Updater:308 - Updater called before beeing initialized
2023-11-17 15:03:07,810 [FATAL] Updater:308 - Updater called before beeing initialized
2023-11-17 15:03:07,811 [WARN] DetailPanel:346 - Failed to get advertising image, set to default
2023-11-17 15:03:07,813 [FATAL] Updater:308 - Updater called before beeing initialized
2023-11-17 15:03:07,847 [ERROR] Updater:1120 - MainUpdater not yet initialized. External WinMGr cannot be set.
2023-11-17 15:03:07,850 [INFO] Updater:1056 - Updater Version found : 6.9.2
2023-11-17 15:03:07,863 [INFO] ApplicationProperties:184 - Using Application install path: C:\ST\STM32CubeIDE_1.12.1\STM32CubeIDE\plugins\com.st.stm32cube.common.mx_6.9.2.202309101412
2023-11-17 15:03:07,995 [INFO] MainUpdater:2868 - connection check result : 10
2023-11-17 15:03:07,997 [INFO] MainUpdater:285 - Updater Check For Update Now.
2023-11-17 15:03:07,998 [INFO] MicroXplorer:498 - Change Database Version : DB.6.0.92
2023-11-17 15:03:08,007 [INFO] McuFinderGlobals:63 - Set McuFinder mode to 2 (CubeIDE integrated)
2023-11-17 15:03:08,008 [INFO] UserAuth:179 - activating auth plugin
2023-11-17 15:03:08,012 [INFO] UserAuth:393 - Internet connection configuration mode: 1
2023-11-17 15:03:08,030 [INFO] JxBrowserEngine:151 - Initiate JxBrowser Engine with user profile folder
2023-11-17 15:03:08,151 [INFO] CheckServerUpdateThread:120 - End of CheckServer Thread
2023-11-17 15:03:08,514 [INFO] WebApp:157 - Instantiating new browser for Auth
2023-11-17 15:03:08,961 [INFO] WebApp:753 - Register for checkConnection events
2023-11-17 15:03:08,963 [INFO] WebApp:390 - Apply proxy settings
2023-11-17 15:03:08,965 [INFO] WebApp:475 - Chromium requires no authentication
2023-11-17 15:03:08,972 [INFO] WebApp:418 - Direct internet connection detected
2023-11-17 15:03:09,100 [INFO] WebApp:188 - Starting web application
2023-11-17 15:03:09,102 [INFO] WebApp:520 - Web application path used C:\ST\STM32CubeIDE_1.12.1\STM32CubeIDE\plugins\com.st.stm32cube.common.mx_6.9.2.202309101412\db\plugins\mcufinder\reactClient1\index.html
2023-11-17 15:03:09,673 [WARN] PackLoader:240 - Cannot read IP mode file for STMicroelectronics.X-CUBE-SMBUS.2.1.0
2023-11-17 15:03:09,706 [WARN] PackLoader:240 - Cannot read IP mode file for STMicroelectronics.X-CUBE-AZRTOS-F7.1.1.0
2023-11-17 15:03:09,718 [WARN] PackLoader:240 - Cannot read IP mode file for STMicroelectronics.FP-SNS-MOTENV1.4.3.2
2023-11-17 15:03:09,725 [WARN] PackLoader:240 - Cannot read IP mode file for STMicroelectronics.FP-SNS-FLIGHT1.5.0.2
2023-11-17 15:03:09,734 [WARN] PackLoader:240 - Cannot read IP mode file for STMicroelectronics.X-CUBE-DISPLAY.3.0.0
2023-11-17 15:03:09,746 [WARN] PackLoader:240 - Cannot read IP mode file for STMicroelectronics.X-CUBE-BLE1.7.0.0
2023-11-17 15:03:09,752 [WARN] PackLoader:240 - Cannot read IP mode file for emotas.I-CUBE-CANOPEN.1.3.0
2023-11-17 15:03:09,758 [WARN] PackLoader:240 - Cannot read IP mode file for STMicroelectronics.X-CUBE-TOUCHGFX.4.22.1
2023-11-17 15:03:09,763 [WARN] PackLoader:240 - Cannot read IP mode file for STMicroelectronics.FP-SNS-SMARTAG2.1.2.0
2023-11-17 15:03:09,775 [INFO] LogOutputStream:77 - [STDOUT_REDIRECT] 1 : Invalid condition id : UX_CORESTACK_Condition cause : null
2023-11-17 15:03:09,777 [INFO] LogOutputStream:77 - [STDOUT_REDIRECT] 1 : Invalid condition id : UX_CORESTACK_Condition cause : null
2023-11-17 15:03:09,779 [INFO] LogOutputStream:77 - [STDOUT_REDIRECT] 1 : Invalid condition id : UX_CORESTACK_Condition cause : null
2023-11-17 15:03:09,782 [INFO] LogOutputStream:77 - [STDOUT_REDIRECT] 1 : Invalid condition id : UX_CORESTACK_Condition cause : null
2023-11-17 15:03:09,784 [INFO] LogOutputStream:77 - [STDOUT_REDIRECT] 1 : Invalid condition id : UX_CORESTACK_Condition cause : null
2023-11-17 15:03:09,790 [WARN] PackLoader:240 - Cannot read IP mode file for STMicroelectronics.X-CUBE-AZRTOS-WL.2.0.0
2023-11-17 15:03:09,801 [WARN] PackLoader:240 - Cannot read IP mode file for WES.I-CUBE-Cesium.1.3.0
2023-11-17 15:03:09,808 [WARN] PackLoader:240 - Cannot read IP mode file for STMicroelectronics.X-CUBE-BLE2.3.3.0
2023-11-17 15:03:09,815 [WARN] PackLoader:240 - Cannot read IP mode file for STMicroelectronics.X-CUBE-ALGOBUILD.1.3.0
2023-11-17 15:03:09,839 [WARN] PackLoader:240 - Cannot read IP mode file for STMicroelectronics.X-CUBE-AZRTOS-G0.1.1.0
2023-11-17 15:03:09,849 [WARN] PackLoader:240 - Cannot read IP mode file for STMicroelectronics.X-CUBE-NFC4.3.0.0
2023-11-17 15:03:09,861 [WARN] PackLoader:240 - Cannot read IP mode file for STMicroelectronics.X-CUBE-BLEMGR.3.0.0
2023-11-17 15:03:09,879 [WARN] PackLoader:240 - Cannot read IP mode file for STMicroelectronics.FP-ATR-SIGFOX1.3.2.0
2023-11-17 15:03:09,918 [WARN] PackLoader:240 - Cannot read IP mode file for SEGGER.I-CUBE-embOS.1.3.1
2023-11-17 15:03:09,949 [WARN] PackLoader:240 - Cannot read IP mode file for STMicroelectronics.X-CUBE-GNSS1.6.0.0
2023-11-17 15:03:09,963 [WARN] PackLoader:240 - Cannot read IP mode file for STMicroelectronics.X-CUBE-AZRTOS-F4.1.1.0
2023-11-17 15:03:09,970 [WARN] PackLoader:240 - Cannot read IP mode file for wolfSSL.I-CUBE-wolfSSL.5.6.3
2023-11-17 15:03:09,982 [WARN] PackLoader:240 - Cannot read IP mode file for STMicroelectronics.X-CUBE-AZRTOS-L5.2.0.0
2023-11-17 15:03:10,016 [WARN] PackLoader:240 - Cannot read IP mode file for STMicroelectronics.X-CUBE-MEMS1.9.6.0
2023-11-17 15:03:10,121 [WARN] PackLoader:240 - Cannot read IP mode file for STMicroelectronics.X-CUBE-EEPRMA1.4.2.0
2023-11-17 15:03:10,127 [WARN] PackLoader:240 - Cannot read IP mode file for ITTIA_DB.I-CUBE-ITTIADB.8.8.0
2023-11-17 15:03:10,134 [WARN] PackLoader:240 - Cannot read IP mode file for STMicroelectronics.X-CUBE-BLEMGR.2.0.0
2023-11-17 15:03:10,150 [WARN] ConditionMgr:438 - getConditionDescription Invalid condition id : UX DEVICE CLASS RTOS Condition cause : null
2023-11-17 15:03:10,152 [WARN] ConditionMgr:438 - getConditionDescription Invalid condition id : UX DEVICE CLASS RTOS Condition cause : null
2023-11-17 15:03:10,156 [WARN] PackLoader:240 - Cannot read IP mode file for STMicroelectronics.X-CUBE-AZRTOS-H7.3.1.0
2023-11-17 15:03:10,158 [WARN] ConditionMgr:1039 - genDependencies : Invalid condition id : UX DEVICE CLASS RTOS Condition cause : null
2023-11-17 15:03:10,160 [WARN] ConditionMgr:1039 - genDependencies : Invalid condition id : UX DEVICE CLASS RTOS Condition cause : null
2023-11-17 15:03:10,162 [WARN] ConditionMgr:1039 - genDependencies : Invalid condition id : UX DEVICE CLASS RTOS Condition cause : null
2023-11-17 15:03:10,164 [WARN] ConditionMgr:1039 - genDependencies : Invalid condition id : UX DEVICE CLASS RTOS Condition cause : null
2023-11-17 15:03:10,165 [WARN] ConditionMgr:1039 - genDependencies : Invalid condition id : UX DEVICE CLASS RTOS Condition cause : null
2023-11-17 15:03:10,171 [WARN] PackLoader:240 - Cannot read IP mode file for STMicroelectronics.X-CUBE-NFC7.1.0.1
2023-11-17 15:03:10,179 [WARN] PackLoader:240 - Cannot read IP mode file for STMicroelectronics.X-CUBE-NFC6.3.0.0
2023-11-17 15:03:10,185 [WARN] PackLoader:240 - Cannot read IP mode file for STMicroelectronics.X-CUBE-EEPRMA1.4.1.0
2023-11-17 15:03:10,190 [WARN] PackLoader:240 - Cannot read IP mode file for STMicroelectronics.X-CUBE-AI.8.1.0
2023-11-17 15:03:10,206 [WARN] ConditionMgr:438 - getConditionDescription Invalid condition id : LAN8742 Phy interface Condition cause : null
2023-11-17 15:03:10,208 [WARN] PackLoader:240 - Cannot read IP mode file for STMicroelectronics.X-CUBE-AZRTOS-L4.2.0.0
2023-11-17 15:03:10,211 [WARN] ConditionMgr:1039 - genDependencies : Invalid condition id : LAN8742 Phy interface Condition cause : null
2023-11-17 15:03:10,212 [WARN] ConditionMgr:1039 - genDependencies : Invalid condition id : LAN8742 Phy interface Condition cause : null
2023-11-17 15:03:10,214 [WARN] ConditionMgr:1039 - genDependencies : Invalid condition id : LAN8742 Phy interface Condition cause : null
2023-11-17 15:03:10,222 [WARN] PackLoader:240 - Cannot read IP mode file for STMicroelectronics.X-CUBE-SFXS2LP1.4.0.0
2023-11-17 15:03:10,227 [WARN] PackLoader:240 - Cannot read IP mode file for STMicroelectronics.X-CUBE-ISPU.1.1.0
2023-11-17 15:03:10,238 [WARN] ConditionMgr:438 - getConditionDescription Invalid condition id : UX DEVICE CLASS RTOS Condition cause : null
2023-11-17 15:03:10,239 [WARN] ConditionMgr:438 - getConditionDescription Invalid condition id : UX DEVICE CLASS RTOS Condition cause : null
2023-11-17 15:03:10,244 [WARN] PackLoader:240 - Cannot read IP mode file for STMicroelectronics.X-CUBE-AZRTOS-WB.2.0.0
2023-11-17 15:03:10,246 [WARN] ConditionMgr:1039 - genDependencies : Invalid condition id : UX DEVICE CLASS RTOS Condition cause : null
2023-11-17 15:03:10,247 [WARN] ConditionMgr:1039 - genDependencies : Invalid condition id : UX DEVICE CLASS RTOS Condition cause : null
2023-11-17 15:03:10,249 [WARN] ConditionMgr:1039 - genDependencies : Invalid condition id : UX DEVICE CLASS RTOS Condition cause : null
2023-11-17 15:03:10,254 [WARN] ConditionMgr:1039 - genDependencies : Invalid condition id : UX DEVICE CLASS RTOS Condition cause : null
2023-11-17 15:03:10,258 [WARN] ConditionMgr:1039 - genDependencies : Invalid condition id : UX DEVICE CLASS RTOS Condition cause : null
2023-11-17 15:03:10,274 [WARN] PackLoader:240 - Cannot read IP mode file for STMicroelectronics.X-CUBE-SUBG2.5.0.0
2023-11-17 15:03:10,284 [WARN] PackLoader:240 - Cannot read IP mode file for STMicroelectronics.X-CUBE-TOF1.3.3.1
2023-11-17 15:03:10,300 [WARN] PackLoader:240 - Cannot read IP mode file for STMicroelectronics.X-CUBE-AZRTOS-G4.2.0.0
2023-11-17 15:03:10,310 [WARN] PackLoader:240 - Cannot read IP mode file for Infineon.AIROC-Wi-Fi-Bluetooth-STM32.1.5.1
2023-11-17 15:03:10,316 [WARN] PackLoader:240 - Cannot read IP mode file for STMicroelectronics.FP-SNS-MOTENVWB1.1.3.0
2023-11-17 15:03:10,341 [WARN] PackLoader:240 - Cannot read IP mode file for STMicroelectronics.X-CUBE-MEMS1.10.0.0
2023-11-17 15:03:10,409 [WARN] PackLoader:240 - Cannot read IP mode file for STMicroelectronics.X-CUBE-FREERTOS.1.1.0
2023-11-17 15:03:10,414 [WARN] PackLoader:240 - Cannot read IP mode file for portGmbH.I-Cube-SoM-uGOAL.1.1.0
2023-11-17 15:03:10,418 [WARN] PackLoader:240 - Cannot read IP mode file for STMicroelectronics.X-CUBE-ALS.1.0.1
2023-11-17 15:03:10,422 [WARN] PackLoader:240 - Cannot read IP mode file for STMicroelectronics.FP-ATR-ASTRA1.2.0.0
2023-11-17 15:03:10,424 [INFO] ThirdParty:978 - Integrity check success = true
2023-11-17 15:03:10,426 [INFO] IntegrityCheckThread:100 - exiting critical section [integrity check]
2023-11-17 15:03:10,427 [INFO] IntegrityCheckThread:103 - End integrity checks thread
2023-11-17 15:05:10,732 [ERROR] LogOutputStream:75 - [STDERR_REDIRECT] 
2023-11-17 15:05:19,190 [INFO] Activator:176 - 


2023-11-17 15:05:19,193 [INFO] Activator:177 - !SESSION log4j initialized
2023-11-17 15:05:21,686 [INFO] LogOutputStream:77 - [STDOUT_REDIRECT] 
2023-11-17 15:05:23,007 [INFO] ApplicationProperties:184 - Using Application install path: C:\ST\STM32CubeIDE_1.12.1\STM32CubeIDE\plugins\com.st.stm32cube.common.mx_6.9.2.202309101412
2023-11-17 15:05:23,025 [INFO] DbMcusXml:78 - Set database path to: C:\ST\STM32CubeIDE_1.12.1\STM32CubeIDE\plugins\com.st.stm32cube.common.mx_6.9.2.202309101412\\db\/mcu/
2023-11-17 15:05:23,027 [INFO] ApiDb:274 - Set plugin database path to: C:\ST\STM32CubeIDE_1.12.1\STM32CubeIDE\plugins\com.st.stm32cube.common.mx_6.9.2.202309101412\\db\/plugins/boardmanager/
2023-11-17 15:05:23,028 [WARN] ApiDb:259 - Overriding images path with different value:  => C:\ST\STM32CubeIDE_1.12.1\STM32CubeIDE\plugins\com.st.stm32cube.common.mx_6.9.2.202309101412\\db\/plugins/mcufinder/images/
2023-11-17 15:05:23,037 [INFO] ApiDb:250 - Set database path to: C:\Users\kgoenka\.stmcufinder\plugins\mcufinder//mcu/
2023-11-17 15:05:23,039 [INFO] DbMcusAds:125 - Set database path to: C:\Users\kgoenka\.stmcufinder\plugins\mcufinder//mcu/
2023-11-17 15:05:23,042 [INFO] CrossReferenceDbSqlite:203 - Set database path to: C:\Users\kgoenka\.stmcufinder\plugins\mcufinder//mcu/cs/
2023-11-17 15:05:23,144 [INFO] RulesReader:64 - Compatibility file has been processed (293 Rules)
2023-11-17 15:05:23,213 [INFO] DbMcusXml:78 - Set database path to: C:\ST\STM32CubeIDE_1.12.1\STM32CubeIDE\plugins\com.st.stm32cube.common.mx_6.9.2.202309101412\\db\/mcu/
2023-11-17 15:05:23,214 [INFO] ApiDb:274 - Set plugin database path to: C:\ST\STM32CubeIDE_1.12.1\STM32CubeIDE\plugins\com.st.stm32cube.common.mx_6.9.2.202309101412\\db\/plugins/boardmanager/
2023-11-17 15:05:23,216 [INFO] ApiDb:261 - Set plugin images path to: C:\ST\STM32CubeIDE_1.12.1\STM32CubeIDE\plugins\com.st.stm32cube.common.mx_6.9.2.202309101412\\db\/plugins/mcufinder/images/
2023-11-17 15:05:23,217 [WARN] DbFile:41 - Overriding database path with different value: C:\Users\kgoenka\.stmcufinder\plugins\mcufinder/ => C:\Users\kgoenka\.stmcufinder\plugins\mcufinder
2023-11-17 15:05:23,218 [INFO] ApiDb:250 - Set database path to: C:\Users\kgoenka\.stmcufinder\plugins\mcufinder//mcu/
2023-11-17 15:05:23,219 [WARN] DbFile:41 - Overriding database path with different value: C:\Users\kgoenka\.stmcufinder\plugins\mcufinder/ => C:\Users\kgoenka\.stmcufinder\plugins\mcufinder
2023-11-17 15:05:23,221 [INFO] DbMcusAds:125 - Set database path to: C:\Users\kgoenka\.stmcufinder\plugins\mcufinder//mcu/
2023-11-17 15:05:23,222 [WARN] DbFile:41 - Overriding database path with different value: C:\Users\kgoenka\.stmcufinder\plugins\mcufinder/ => C:\Users\kgoenka\.stmcufinder\plugins\mcufinder
2023-11-17 15:05:23,223 [WARN] DbFile:41 - Overriding database path with different value: C:\Users\kgoenka\.stmcufinder\plugins\mcufinder/ => C:\Users\kgoenka\.stmcufinder\plugins\mcufinder
2023-11-17 15:05:23,224 [INFO] CrossReferenceDbSqlite:203 - Set database path to: C:\Users\kgoenka\.stmcufinder\plugins\mcufinder//mcu/cs/
2023-11-17 15:05:23,287 [INFO] MainPanel:262 - HeapMemory: 268435456
2023-11-17 15:05:23,356 [INFO] DbMcusXml:78 - Set database path to: C:\ST\STM32CubeIDE_1.12.1\STM32CubeIDE\plugins\com.st.stm32cube.common.mx_6.9.2.202309101412\\db\/mcu/
2023-11-17 15:05:23,357 [INFO] ApiDb:274 - Set plugin database path to: C:\ST\STM32CubeIDE_1.12.1\STM32CubeIDE\plugins\com.st.stm32cube.common.mx_6.9.2.202309101412\\db\/plugins/boardmanager/
2023-11-17 15:05:23,359 [INFO] ApiDb:261 - Set plugin images path to: C:\ST\STM32CubeIDE_1.12.1\STM32CubeIDE\plugins\com.st.stm32cube.common.mx_6.9.2.202309101412\\db\/plugins/mcufinder/images/
2023-11-17 15:05:23,361 [WARN] DbFile:41 - Overriding database path with different value: C:\Users\kgoenka\.stmcufinder\plugins\mcufinder/ => C:\Users\kgoenka\.stmcufinder\plugins\mcufinder
2023-11-17 15:05:23,362 [INFO] ApiDb:250 - Set database path to: C:\Users\kgoenka\.stmcufinder\plugins\mcufinder//mcu/
2023-11-17 15:05:23,363 [WARN] DbFile:41 - Overriding database path with different value: C:\Users\kgoenka\.stmcufinder\plugins\mcufinder/ => C:\Users\kgoenka\.stmcufinder\plugins\mcufinder
2023-11-17 15:05:23,365 [INFO] DbMcusAds:125 - Set database path to: C:\Users\kgoenka\.stmcufinder\plugins\mcufinder//mcu/
2023-11-17 15:05:23,366 [WARN] DbFile:41 - Overriding database path with different value: C:\Users\kgoenka\.stmcufinder\plugins\mcufinder/ => C:\Users\kgoenka\.stmcufinder\plugins\mcufinder
2023-11-17 15:05:23,367 [WARN] DbFile:41 - Overriding database path with different value: C:\Users\kgoenka\.stmcufinder\plugins\mcufinder/ => C:\Users\kgoenka\.stmcufinder\plugins\mcufinder
2023-11-17 15:05:23,368 [INFO] CrossReferenceDbSqlite:203 - Set database path to: C:\Users\kgoenka\.stmcufinder\plugins\mcufinder//mcu/cs/
2023-11-17 15:05:23,384 [INFO] ApplicationProperties:184 - Using Application install path: C:\ST\STM32CubeIDE_1.12.1\STM32CubeIDE\plugins\com.st.stm32cube.common.mx_6.9.2.202309101412
2023-11-17 15:05:23,386 [INFO] PluginManage:196 - Search for loadable plugins [exclusion list=, ]
2023-11-17 15:05:23,389 [INFO] PluginManage:310 - Check plugin analytics
2023-11-17 15:05:23,532 [INFO] AnalyticsPlugin:253 - Accepted Software Licenses: 
2023-11-17 15:05:23,534 [INFO] AnalyticsPlugin:255 - Accepted CMSIS Pack Licenses: 
2023-11-17 15:05:23,535 [INFO] AnalyticsPlugin:257 - Accepted Firmware Licenses: 
2023-11-17 15:05:23,538 [INFO] PluginManage:359 - Loaded plugin analytics (category:tool,tabindex:-1)
2023-11-17 15:05:23,539 [INFO] PluginManage:310 - Check plugin cadmodel
2023-11-17 15:05:23,543 [INFO] CADModel:105 - Init CAD model plugin
2023-11-17 15:05:23,545 [INFO] PluginManage:359 - Loaded plugin cadmodel (category:power,tabindex:5)
2023-11-17 15:05:23,546 [INFO] PluginManage:310 - Check plugin clock
2023-11-17 15:05:23,553 [INFO] PluginManage:359 - Loaded plugin clock (category:base,tabindex:2)
2023-11-17 15:05:23,555 [INFO] PluginManage:310 - Check plugin ddr
2023-11-17 15:05:23,557 [INFO] PluginManage:359 - Loaded plugin ddr (category:tool,tabindex:6)
2023-11-17 15:05:23,558 [INFO] PluginManage:310 - Check plugin filemanager
2023-11-17 15:05:23,666 [INFO] PluginManage:359 - Loaded plugin filemanager (category:base,tabindex:10)
2023-11-17 15:05:23,668 [INFO] PluginManage:310 - Check plugin ipmanager
2023-11-17 15:05:23,674 [INFO] PluginManage:359 - Loaded plugin ipmanager (category:base,tabindex:5)
2023-11-17 15:05:23,676 [INFO] PluginManage:310 - Check plugin lpbam
2023-11-17 15:05:23,683 [INFO] PluginManage:359 - Loaded plugin lpbam (category:base,tabindex:0)
2023-11-17 15:05:23,684 [INFO] PluginManage:310 - Check plugin memorymap
2023-11-17 15:05:23,693 [INFO] PluginManage:359 - Loaded plugin memorymap (category:base,tabindex:4)
2023-11-17 15:05:23,694 [INFO] PluginManage:310 - Check plugin pinoutandconfiguration
2023-11-17 15:05:23,700 [INFO] PluginManage:359 - Loaded plugin pinoutandconfiguration (category:base,tabindex:1)
2023-11-17 15:05:23,702 [INFO] PluginManage:310 - Check plugin pinoutconfig
2023-11-17 15:05:23,769 [WARN] SupportedApi:132 - Cannot load RTOS API schema: s4s-elt-must-match.1: The content of 'definitions' must match (annotation?, (simpleType | complexType)?, (unique | key | keyref)*)). A problem was found starting at: attribute.
2023-11-17 15:05:23,910 [INFO] PluginManage:359 - Loaded plugin pinoutconfig (category:base,tabindex:0)
2023-11-17 15:05:23,912 [INFO] PluginManage:310 - Check plugin power
2023-11-17 15:05:23,920 [INFO] PluginManage:359 - Loaded plugin power (category:power,tabindex:4)
2023-11-17 15:05:23,921 [INFO] PluginManage:310 - Check plugin projectmanager
2023-11-17 15:05:23,934 [INFO] PluginManage:359 - Loaded plugin projectmanager (category:projectmanager,tabindex:3)
2023-11-17 15:05:23,936 [INFO] PluginManage:310 - Check plugin thirdparty
2023-11-17 15:05:24,035 [WARN] IntegrityCheckThread:84 - waiting for thirdparty lock release [integrity check]
2023-11-17 15:05:24,035 [INFO] PluginManage:359 - Loaded plugin thirdparty (category:base,tabindex:-1)
2023-11-17 15:05:24,037 [INFO] IntegrityCheckThread:86 - entering critical section [integrity check]
2023-11-17 15:05:24,038 [INFO] PluginManage:310 - Check plugin tools
2023-11-17 15:05:24,039 [INFO] ThirdPartyUpdaterWithRetryManager:70 - Updater plugin not ready yet. [1/15]
2023-11-17 15:05:24,043 [INFO] PluginManage:359 - Loaded plugin tools (category:base,tabindex:7)
2023-11-17 15:05:24,044 [INFO] PluginManage:310 - Check plugin tutovideos
2023-11-17 15:05:24,161 [INFO] PluginManage:359 - Loaded plugin tutovideos (category:base,tabindex:-1)
2023-11-17 15:05:24,162 [INFO] PluginManage:310 - Check plugin updater
2023-11-17 15:05:24,170 [INFO] PluginManage:359 - Loaded plugin updater (category:base,tabindex:12)
2023-11-17 15:05:24,171 [INFO] PluginManage:310 - Check plugin userauth
2023-11-17 15:05:24,175 [INFO] UserAuth:113 - Init User Auth plugin
2023-11-17 15:05:24,177 [INFO] PluginManage:359 - Loaded plugin userauth (category:base,tabindex:14)
2023-11-17 15:05:24,178 [INFO] PluginManage:283 - PluginManage : Loaded plugins [17]
2023-11-17 15:05:24,347 [INFO] PinOutPanel:1499 - setPackage(No Configuration,No Configuration)
2023-11-17 15:05:24,422 [INFO] CADModel:165 - CPN selected for project level
2023-11-17 15:05:24,424 [INFO] CADModel:114 - Register for checkConnection events
2023-11-17 15:05:24,437 [INFO] IPUIPlugin:80 - create IPUIPlugin
2023-11-17 15:05:24,438 [INFO] PluginManager:220 - loadIPPluginJar : add adc
2023-11-17 15:05:24,441 [INFO] IPUIPlugin:80 - create IPUIPlugin
2023-11-17 15:05:24,442 [INFO] PluginManager:220 - loadIPPluginJar : add aes
2023-11-17 15:05:24,445 [INFO] IPUIPlugin:80 - create IPUIPlugin
2023-11-17 15:05:24,447 [INFO] PluginManager:220 - loadIPPluginJar : add can
2023-11-17 15:05:24,450 [INFO] IPUIPlugin:80 - create IPUIPlugin
2023-11-17 15:05:24,451 [INFO] PluginManager:220 - loadIPPluginJar : add comp
2023-11-17 15:05:24,454 [INFO] IPUIPlugin:80 - create IPUIPlugin
2023-11-17 15:05:24,455 [INFO] PluginManager:220 - loadIPPluginJar : add cryp
2023-11-17 15:05:24,459 [INFO] IPUIPlugin:80 - create IPUIPlugin
2023-11-17 15:05:24,460 [INFO] PluginManager:220 - loadIPPluginJar : add dfsdm
2023-11-17 15:05:24,465 [INFO] IPUIPlugin:80 - create IPUIPlugin
2023-11-17 15:05:24,466 [INFO] PluginManager:220 - loadIPPluginJar : add dma
2023-11-17 15:05:24,469 [INFO] IPUIPlugin:80 - create IPUIPlugin
2023-11-17 15:05:24,471 [INFO] PluginManager:220 - loadIPPluginJar : add dma3
2023-11-17 15:05:24,473 [INFO] IPUIPlugin:80 - create IPUIPlugin
2023-11-17 15:05:24,474 [INFO] PluginManager:220 - loadIPPluginJar : add fatfs
2023-11-17 15:05:24,478 [INFO] IPUIPlugin:80 - create IPUIPlugin
2023-11-17 15:05:24,479 [INFO] PluginManager:220 - loadIPPluginJar : add fmc
2023-11-17 15:05:24,485 [INFO] IPUIPlugin:80 - create IPUIPlugin
2023-11-17 15:05:24,486 [INFO] PluginManager:220 - loadIPPluginJar : add freertos
2023-11-17 15:05:24,488 [INFO] IPUIPlugin:80 - create IPUIPlugin
2023-11-17 15:05:24,490 [INFO] PluginManager:220 - loadIPPluginJar : add genericplugin
2023-11-17 15:05:24,492 [INFO] IPUIPlugin:80 - create IPUIPlugin
2023-11-17 15:05:24,494 [INFO] PluginManager:220 - loadIPPluginJar : add gfxmmu
2023-11-17 15:05:24,497 [INFO] IPUIPlugin:80 - create IPUIPlugin
2023-11-17 15:05:24,498 [INFO] PluginManager:220 - loadIPPluginJar : add gic
2023-11-17 15:05:24,502 [INFO] IPUIPlugin:80 - create IPUIPlugin
2023-11-17 15:05:24,504 [INFO] PluginManager:220 - loadIPPluginJar : add gpio
2023-11-17 15:05:24,509 [INFO] IPUIPlugin:80 - create IPUIPlugin
2023-11-17 15:05:24,510 [INFO] PluginManager:220 - loadIPPluginJar : add gtzc
2023-11-17 15:05:24,514 [INFO] IPUIPlugin:80 - create IPUIPlugin
2023-11-17 15:05:24,517 [INFO] PluginManager:220 - loadIPPluginJar : add hash
2023-11-17 15:05:24,520 [INFO] IPUIPlugin:80 - create IPUIPlugin
2023-11-17 15:05:24,522 [INFO] PluginManager:220 - loadIPPluginJar : add i2c
2023-11-17 15:05:24,525 [INFO] IPUIPlugin:80 - create IPUIPlugin
2023-11-17 15:05:24,526 [INFO] PluginManager:220 - loadIPPluginJar : add i2s
2023-11-17 15:05:24,530 [INFO] IPUIPlugin:80 - create IPUIPlugin
2023-11-17 15:05:24,531 [INFO] PluginManager:220 - loadIPPluginJar : add i3c
2023-11-17 15:05:24,534 [INFO] IPUIPlugin:80 - create IPUIPlugin
2023-11-17 15:05:24,535 [INFO] PluginManager:220 - loadIPPluginJar : add ipddr
2023-11-17 15:05:24,540 [INFO] IPUIPlugin:80 - create IPUIPlugin
2023-11-17 15:05:24,542 [INFO] PluginManager:220 - loadIPPluginJar : add linkedlist
2023-11-17 15:05:24,544 [INFO] IPUIPlugin:80 - create IPUIPlugin
2023-11-17 15:05:24,545 [INFO] PluginManager:220 - loadIPPluginJar : add lorawan
2023-11-17 15:05:24,548 [INFO] IPUIPlugin:80 - create IPUIPlugin
2023-11-17 15:05:24,550 [INFO] PluginManager:220 - loadIPPluginJar : add ltdc
2023-11-17 15:05:24,553 [INFO] IPUIPlugin:80 - create IPUIPlugin
2023-11-17 15:05:24,556 [INFO] PluginManager:220 - loadIPPluginJar : add mdma
2023-11-17 15:05:24,559 [INFO] IPUIPlugin:80 - create IPUIPlugin
2023-11-17 15:05:24,560 [INFO] PluginManager:220 - loadIPPluginJar : add nvic
2023-11-17 15:05:24,563 [INFO] IPUIPlugin:80 - create IPUIPlugin
2023-11-17 15:05:24,564 [INFO] PluginManager:220 - loadIPPluginJar : add opamp
2023-11-17 15:05:24,567 [INFO] IPUIPlugin:80 - create IPUIPlugin
2023-11-17 15:05:24,568 [INFO] PluginManager:220 - loadIPPluginJar : add openamp
2023-11-17 15:05:24,571 [INFO] IPUIPlugin:80 - create IPUIPlugin
2023-11-17 15:05:24,572 [INFO] PluginManager:220 - loadIPPluginJar : add pdm2pcm
2023-11-17 15:05:24,579 [INFO] IPUIPlugin:80 - create IPUIPlugin
2023-11-17 15:05:24,582 [INFO] PluginManager:220 - loadIPPluginJar : add plateformsettings
2023-11-17 15:05:24,584 [INFO] IPUIPlugin:80 - create IPUIPlugin
2023-11-17 15:05:24,585 [INFO] PluginManager:220 - loadIPPluginJar : add quadspi
2023-11-17 15:05:24,588 [INFO] IPUIPlugin:80 - create IPUIPlugin
2023-11-17 15:05:24,589 [INFO] PluginManager:220 - loadIPPluginJar : add resmgrutility
2023-11-17 15:05:24,592 [INFO] IPUIPlugin:80 - create IPUIPlugin
2023-11-17 15:05:24,594 [INFO] PluginManager:220 - loadIPPluginJar : add sai
2023-11-17 15:05:24,596 [INFO] IPUIPlugin:80 - create IPUIPlugin
2023-11-17 15:05:24,597 [INFO] PluginManager:220 - loadIPPluginJar : add spi
2023-11-17 15:05:24,601 [INFO] IPUIPlugin:80 - create IPUIPlugin
2023-11-17 15:05:24,603 [INFO] PluginManager:220 - loadIPPluginJar : add stm32_wpan
2023-11-17 15:05:24,605 [INFO] IPUIPlugin:80 - create IPUIPlugin
2023-11-17 15:05:24,606 [INFO] PluginManager:220 - loadIPPluginJar : add tim
2023-11-17 15:05:24,609 [INFO] IPUIPlugin:80 - create IPUIPlugin
2023-11-17 15:05:24,610 [INFO] PluginManager:220 - loadIPPluginJar : add touchsensing
2023-11-17 15:05:24,612 [INFO] IPUIPlugin:80 - create IPUIPlugin
2023-11-17 15:05:24,614 [INFO] PluginManager:220 - loadIPPluginJar : add tracer_emb
2023-11-17 15:05:24,616 [INFO] IPUIPlugin:80 - create IPUIPlugin
2023-11-17 15:05:24,617 [INFO] PluginManager:220 - loadIPPluginJar : add ts
2023-11-17 15:05:24,619 [INFO] IPUIPlugin:80 - create IPUIPlugin
2023-11-17 15:05:24,620 [INFO] PluginManager:220 - loadIPPluginJar : add tsc
2023-11-17 15:05:24,622 [INFO] IPUIPlugin:80 - create IPUIPlugin
2023-11-17 15:05:24,624 [INFO] PluginManager:220 - loadIPPluginJar : add ucpd
2023-11-17 15:05:24,626 [INFO] IPUIPlugin:80 - create IPUIPlugin
2023-11-17 15:05:24,628 [INFO] PluginManager:220 - loadIPPluginJar : add usart
2023-11-17 15:05:24,630 [INFO] IPUIPlugin:80 - create IPUIPlugin
2023-11-17 15:05:24,631 [INFO] PluginManager:220 - loadIPPluginJar : add usbx
2023-11-17 15:05:24,750 [INFO] CADModel:165 - CPN selected for project level
2023-11-17 15:05:24,751 [INFO] CADModel:114 - Register for checkConnection events
2023-11-17 15:05:24,753 [FATAL] Updater:308 - Updater called before beeing initialized
2023-11-17 15:05:24,755 [ERROR] CADModel:125 - Updater not yet initialized, retry later 
2023-11-17 15:05:24,857 [INFO] CADModel:165 - CPN selected for project level
2023-11-17 15:05:24,859 [INFO] CADModel:114 - Register for checkConnection events
2023-11-17 15:05:24,860 [FATAL] Updater:308 - Updater called before beeing initialized
2023-11-17 15:05:24,861 [ERROR] CADModel:125 - Updater not yet initialized, retry later 
2023-11-17 15:05:24,865 [FATAL] Updater:308 - Updater called before beeing initialized
2023-11-17 15:05:24,943 [FATAL] Updater:308 - Updater called before beeing initialized
2023-11-17 15:05:24,949 [INFO] DbMcusAds:53 - JSON generation date=Thu Sep 30 02:55:09 EDT 2021 (1632984909247)
2023-11-17 15:05:24,950 [FATAL] Updater:308 - Updater called before beeing initialized
2023-11-17 15:05:24,981 [WARN] DetailPanel:346 - Failed to get advertising image, set to default
2023-11-17 15:05:25,058 [FATAL] Updater:308 - Updater called before beeing initialized
2023-11-17 15:05:25,061 [FATAL] Updater:308 - Updater called before beeing initialized
2023-11-17 15:05:25,062 [FATAL] Updater:308 - Updater called before beeing initialized
2023-11-17 15:05:25,063 [WARN] DetailPanel:346 - Failed to get advertising image, set to default
2023-11-17 15:05:25,065 [FATAL] Updater:308 - Updater called before beeing initialized
2023-11-17 15:05:25,100 [ERROR] Updater:1120 - MainUpdater not yet initialized. External WinMGr cannot be set.
2023-11-17 15:05:25,105 [INFO] Updater:1056 - Updater Version found : 6.9.2
2023-11-17 15:05:25,118 [INFO] ApplicationProperties:184 - Using Application install path: C:\ST\STM32CubeIDE_1.12.1\STM32CubeIDE\plugins\com.st.stm32cube.common.mx_6.9.2.202309101412
2023-11-17 15:05:25,254 [INFO] MainUpdater:2868 - connection check result : 10
2023-11-17 15:05:25,256 [INFO] MainUpdater:285 - Updater Check For Update Now.
2023-11-17 15:05:25,257 [INFO] MicroXplorer:498 - Change Database Version : DB.6.0.92
2023-11-17 15:05:25,264 [INFO] McuFinderGlobals:63 - Set McuFinder mode to 2 (CubeIDE integrated)
2023-11-17 15:05:25,266 [INFO] UserAuth:179 - activating auth plugin
2023-11-17 15:05:25,269 [INFO] UserAuth:393 - Internet connection configuration mode: 1
2023-11-17 15:05:25,287 [INFO] JxBrowserEngine:151 - Initiate JxBrowser Engine with user profile folder
2023-11-17 15:05:25,411 [INFO] CheckServerUpdateThread:120 - End of CheckServer Thread
2023-11-17 15:05:25,781 [INFO] WebApp:157 - Instantiating new browser for Auth
2023-11-17 15:05:26,168 [INFO] WebApp:753 - Register for checkConnection events
2023-11-17 15:05:26,170 [INFO] WebApp:390 - Apply proxy settings
2023-11-17 15:05:26,171 [INFO] WebApp:475 - Chromium requires no authentication
2023-11-17 15:05:26,177 [INFO] WebApp:418 - Direct internet connection detected
2023-11-17 15:05:26,295 [INFO] WebApp:188 - Starting web application
2023-11-17 15:05:26,297 [INFO] WebApp:520 - Web application path used C:\ST\STM32CubeIDE_1.12.1\STM32CubeIDE\plugins\com.st.stm32cube.common.mx_6.9.2.202309101412\db\plugins\mcufinder\reactClient1\index.html
2023-11-17 15:05:27,164 [WARN] PackLoader:240 - Cannot read IP mode file for STMicroelectronics.X-CUBE-SMBUS.2.1.0
2023-11-17 15:05:27,193 [WARN] PackLoader:240 - Cannot read IP mode file for STMicroelectronics.X-CUBE-AZRTOS-F7.1.1.0
2023-11-17 15:05:27,204 [WARN] PackLoader:240 - Cannot read IP mode file for STMicroelectronics.FP-SNS-MOTENV1.4.3.2
2023-11-17 15:05:27,210 [WARN] PackLoader:240 - Cannot read IP mode file for STMicroelectronics.FP-SNS-FLIGHT1.5.0.2
2023-11-17 15:05:27,219 [WARN] PackLoader:240 - Cannot read IP mode file for STMicroelectronics.X-CUBE-DISPLAY.3.0.0
2023-11-17 15:05:27,231 [WARN] PackLoader:240 - Cannot read IP mode file for STMicroelectronics.X-CUBE-BLE1.7.0.0
2023-11-17 15:05:27,237 [WARN] PackLoader:240 - Cannot read IP mode file for emotas.I-CUBE-CANOPEN.1.3.0
2023-11-17 15:05:27,243 [WARN] PackLoader:240 - Cannot read IP mode file for STMicroelectronics.X-CUBE-TOUCHGFX.4.22.1
2023-11-17 15:05:27,247 [WARN] PackLoader:240 - Cannot read IP mode file for STMicroelectronics.FP-SNS-SMARTAG2.1.2.0
2023-11-17 15:05:27,259 [INFO] LogOutputStream:77 - [STDOUT_REDIRECT] 1 : Invalid condition id : UX_CORESTACK_Condition cause : null
2023-11-17 15:05:27,261 [INFO] LogOutputStream:77 - [STDOUT_REDIRECT] 1 : Invalid condition id : UX_CORESTACK_Condition cause : null
2023-11-17 15:05:27,263 [INFO] LogOutputStream:77 - [STDOUT_REDIRECT] 1 : Invalid condition id : UX_CORESTACK_Condition cause : null
2023-11-17 15:05:27,265 [INFO] LogOutputStream:77 - [STDOUT_REDIRECT] 1 : Invalid condition id : UX_CORESTACK_Condition cause : null
2023-11-17 15:05:27,268 [INFO] LogOutputStream:77 - [STDOUT_REDIRECT] 1 : Invalid condition id : UX_CORESTACK_Condition cause : null
2023-11-17 15:05:27,273 [WARN] PackLoader:240 - Cannot read IP mode file for STMicroelectronics.X-CUBE-AZRTOS-WL.2.0.0
2023-11-17 15:05:27,283 [WARN] PackLoader:240 - Cannot read IP mode file for WES.I-CUBE-Cesium.1.3.0
2023-11-17 15:05:27,288 [WARN] PackLoader:240 - Cannot read IP mode file for STMicroelectronics.X-CUBE-BLE2.3.3.0
2023-11-17 15:05:27,295 [WARN] PackLoader:240 - Cannot read IP mode file for STMicroelectronics.X-CUBE-ALGOBUILD.1.3.0
2023-11-17 15:05:27,313 [WARN] PackLoader:240 - Cannot read IP mode file for STMicroelectronics.X-CUBE-AZRTOS-G0.1.1.0
2023-11-17 15:05:27,320 [WARN] PackLoader:240 - Cannot read IP mode file for STMicroelectronics.X-CUBE-NFC4.3.0.0
2023-11-17 15:05:27,329 [WARN] PackLoader:240 - Cannot read IP mode file for STMicroelectronics.X-CUBE-BLEMGR.3.0.0
2023-11-17 15:05:27,335 [WARN] PackLoader:240 - Cannot read IP mode file for STMicroelectronics.FP-ATR-SIGFOX1.3.2.0
2023-11-17 15:05:27,367 [WARN] PackLoader:240 - Cannot read IP mode file for SEGGER.I-CUBE-embOS.1.3.1
2023-11-17 15:05:27,399 [WARN] PackLoader:240 - Cannot read IP mode file for STMicroelectronics.X-CUBE-GNSS1.6.0.0
2023-11-17 15:05:27,413 [WARN] PackLoader:240 - Cannot read IP mode file for STMicroelectronics.X-CUBE-AZRTOS-F4.1.1.0
2023-11-17 15:05:27,419 [WARN] PackLoader:240 - Cannot read IP mode file for wolfSSL.I-CUBE-wolfSSL.5.6.3
2023-11-17 15:05:27,432 [WARN] PackLoader:240 - Cannot read IP mode file for STMicroelectronics.X-CUBE-AZRTOS-L5.2.0.0
2023-11-17 15:05:27,461 [WARN] PackLoader:240 - Cannot read IP mode file for STMicroelectronics.X-CUBE-MEMS1.9.6.0
2023-11-17 15:05:27,565 [WARN] PackLoader:240 - Cannot read IP mode file for STMicroelectronics.X-CUBE-EEPRMA1.4.2.0
2023-11-17 15:05:27,571 [WARN] PackLoader:240 - Cannot read IP mode file for ITTIA_DB.I-CUBE-ITTIADB.8.8.0
2023-11-17 15:05:27,577 [WARN] PackLoader:240 - Cannot read IP mode file for STMicroelectronics.X-CUBE-BLEMGR.2.0.0
2023-11-17 15:05:27,593 [WARN] ConditionMgr:438 - getConditionDescription Invalid condition id : UX DEVICE CLASS RTOS Condition cause : null
2023-11-17 15:05:27,594 [WARN] ConditionMgr:438 - getConditionDescription Invalid condition id : UX DEVICE CLASS RTOS Condition cause : null
2023-11-17 15:05:27,598 [WARN] PackLoader:240 - Cannot read IP mode file for STMicroelectronics.X-CUBE-AZRTOS-H7.3.1.0
2023-11-17 15:05:27,601 [WARN] ConditionMgr:1039 - genDependencies : Invalid condition id : UX DEVICE CLASS RTOS Condition cause : null
2023-11-17 15:05:27,602 [WARN] ConditionMgr:1039 - genDependencies : Invalid condition id : UX DEVICE CLASS RTOS Condition cause : null
2023-11-17 15:05:27,603 [WARN] ConditionMgr:1039 - genDependencies : Invalid condition id : UX DEVICE CLASS RTOS Condition cause : null
2023-11-17 15:05:27,605 [WARN] ConditionMgr:1039 - genDependencies : Invalid condition id : UX DEVICE CLASS RTOS Condition cause : null
2023-11-17 15:05:27,606 [WARN] ConditionMgr:1039 - genDependencies : Invalid condition id : UX DEVICE CLASS RTOS Condition cause : null
2023-11-17 15:05:27,612 [WARN] PackLoader:240 - Cannot read IP mode file for STMicroelectronics.X-CUBE-NFC7.1.0.1
2023-11-17 15:05:27,619 [WARN] PackLoader:240 - Cannot read IP mode file for STMicroelectronics.X-CUBE-NFC6.3.0.0
2023-11-17 15:05:27,625 [WARN] PackLoader:240 - Cannot read IP mode file for STMicroelectronics.X-CUBE-EEPRMA1.4.1.0
2023-11-17 15:05:27,630 [WARN] PackLoader:240 - Cannot read IP mode file for STMicroelectronics.X-CUBE-AI.8.1.0
2023-11-17 15:05:27,645 [WARN] ConditionMgr:438 - getConditionDescription Invalid condition id : LAN8742 Phy interface Condition cause : null
2023-11-17 15:05:27,647 [WARN] PackLoader:240 - Cannot read IP mode file for STMicroelectronics.X-CUBE-AZRTOS-L4.2.0.0
2023-11-17 15:05:27,649 [WARN] ConditionMgr:1039 - genDependencies : Invalid condition id : LAN8742 Phy interface Condition cause : null
2023-11-17 15:05:27,650 [WARN] ConditionMgr:1039 - genDependencies : Invalid condition id : LAN8742 Phy interface Condition cause : null
2023-11-17 15:05:27,651 [WARN] ConditionMgr:1039 - genDependencies : Invalid condition id : LAN8742 Phy interface Condition cause : null
2023-11-17 15:05:27,658 [WARN] PackLoader:240 - Cannot read IP mode file for STMicroelectronics.X-CUBE-SFXS2LP1.4.0.0
2023-11-17 15:05:27,662 [WARN] PackLoader:240 - Cannot read IP mode file for STMicroelectronics.X-CUBE-ISPU.1.1.0
2023-11-17 15:05:27,672 [WARN] ConditionMgr:438 - getConditionDescription Invalid condition id : UX DEVICE CLASS RTOS Condition cause : null
2023-11-17 15:05:27,673 [WARN] ConditionMgr:438 - getConditionDescription Invalid condition id : UX DEVICE CLASS RTOS Condition cause : null
2023-11-17 15:05:27,676 [WARN] PackLoader:240 - Cannot read IP mode file for STMicroelectronics.X-CUBE-AZRTOS-WB.2.0.0
2023-11-17 15:05:27,677 [WARN] ConditionMgr:1039 - genDependencies : Invalid condition id : UX DEVICE CLASS RTOS Condition cause : null
2023-11-17 15:05:27,679 [WARN] ConditionMgr:1039 - genDependencies : Invalid condition id : UX DEVICE CLASS RTOS Condition cause : null
2023-11-17 15:05:27,680 [WARN] ConditionMgr:1039 - genDependencies : Invalid condition id : UX DEVICE CLASS RTOS Condition cause : null
2023-11-17 15:05:27,681 [WARN] ConditionMgr:1039 - genDependencies : Invalid condition id : UX DEVICE CLASS RTOS Condition cause : null
2023-11-17 15:05:27,683 [WARN] ConditionMgr:1039 - genDependencies : Invalid condition id : UX DEVICE CLASS RTOS Condition cause : null
2023-11-17 15:05:27,696 [WARN] PackLoader:240 - Cannot read IP mode file for STMicroelectronics.X-CUBE-SUBG2.5.0.0
2023-11-17 15:05:27,710 [WARN] PackLoader:240 - Cannot read IP mode file for STMicroelectronics.X-CUBE-TOF1.3.3.1
2023-11-17 15:05:27,740 [WARN] PackLoader:240 - Cannot read IP mode file for STMicroelectronics.X-CUBE-AZRTOS-G4.2.0.0
2023-11-17 15:05:27,754 [WARN] PackLoader:240 - Cannot read IP mode file for Infineon.AIROC-Wi-Fi-Bluetooth-STM32.1.5.1
2023-11-17 15:05:27,760 [WARN] PackLoader:240 - Cannot read IP mode file for STMicroelectronics.FP-SNS-MOTENVWB1.1.3.0
2023-11-17 15:05:27,785 [WARN] PackLoader:240 - Cannot read IP mode file for STMicroelectronics.X-CUBE-MEMS1.10.0.0
2023-11-17 15:05:27,865 [WARN] PackLoader:240 - Cannot read IP mode file for STMicroelectronics.X-CUBE-FREERTOS.1.1.0
2023-11-17 15:05:27,870 [WARN] PackLoader:240 - Cannot read IP mode file for portGmbH.I-Cube-SoM-uGOAL.1.1.0
2023-11-17 15:05:27,874 [WARN] PackLoader:240 - Cannot read IP mode file for STMicroelectronics.X-CUBE-ALS.1.0.1
2023-11-17 15:05:27,878 [WARN] PackLoader:240 - Cannot read IP mode file for STMicroelectronics.FP-ATR-ASTRA1.2.0.0
2023-11-17 15:05:27,880 [INFO] ThirdParty:978 - Integrity check success = true
2023-11-17 15:05:27,881 [INFO] IntegrityCheckThread:100 - exiting critical section [integrity check]
2023-11-17 15:05:27,882 [INFO] IntegrityCheckThread:103 - End integrity checks thread
2023-11-17 15:32:32,773 [INFO] WebApp:330 - JxBrowser engine has been closed 
